{"level":"info","message":"Database connected","timestamp":"2025-10-02 19:28:00"}
{"level":"info","message":"Server running on PORT: 3000 [production]","timestamp":"2025-10-02 19:28:00"}
{"level":"info","message":"Database connected","timestamp":"2025-10-02 19:29:49"}
{"level":"info","message":"Server running on PORT: 3000 [production]","timestamp":"2025-10-02 19:29:49"}
{"level":"info","message":"Database connected","timestamp":"2025-10-02 19:31:40"}
{"level":"info","message":"Server running on PORT: 3000 [production]","timestamp":"2025-10-02 19:31:40"}
{"date":"Thu Oct 02 2025 19:31:52 GMT+0530 (India Standard Time)","error":{},"exception":true,"level":"error","message":"uncaughtException: app.use() requires a middleware function\nTypeError: app.use() requires a middleware function\n    at Function.use (C:\\Users\\HP\\OneDrive\\Desktop\\Main\\Project 4\\02-Budget-Tracking\\node_modules\\express\\lib\\application.js:213:11)\n    at Object.<anonymous> (C:\\Users\\HP\\OneDrive\\Desktop\\Main\\Project 4\\02-Budget-Tracking\\src\\app.ts:58:5)\n    at Module._compile (node:internal/modules/cjs/loader:1730:14)\n    at Module.m._compile (C:\\Users\\HP\\OneDrive\\Desktop\\Main\\Project 4\\02-Budget-Tracking\\node_modules\\ts-node\\src\\index.ts:1618:23)\n    at node:internal/modules/cjs/loader:1895:10\n    at Object.require.extensions.<computed> [as .ts] (C:\\Users\\HP\\OneDrive\\Desktop\\Main\\Project 4\\02-Budget-Tracking\\node_modules\\ts-node\\src\\index.ts:1621:12)\n    at Module.load (node:internal/modules/cjs/loader:1465:32)\n    at Function._load (node:internal/modules/cjs/loader:1282:12)\n    at TracingChannel.traceSync (node:diagnostics_channel:322:14)\n    at wrapModuleLoad (node:internal/modules/cjs/loader:235:24)","os":{"loadavg":[0,0,0],"uptime":1129623.421},"process":{"argv":["C:\\Users\\HP\\OneDrive\\Desktop\\Main\\Project 4\\02-Budget-Tracking\\node_modules\\ts-node\\dist\\bin.js","C:\\Users\\HP\\OneDrive\\Desktop\\Main\\Project 4\\02-Budget-Tracking\\src\\index.ts"],"cwd":"C:\\Users\\HP\\OneDrive\\Desktop\\Main\\Project 4\\02-Budget-Tracking","execPath":"C:\\Program Files\\nodejs\\node.exe","gid":null,"memoryUsage":{"arrayBuffers":6977050,"external":10109172,"heapTotal":275709952,"heapUsed":247615568,"rss":329949184},"pid":4768,"uid":null,"version":"v22.16.0"},"stack":"TypeError: app.use() requires a middleware function\n    at Function.use (C:\\Users\\HP\\OneDrive\\Desktop\\Main\\Project 4\\02-Budget-Tracking\\node_modules\\express\\lib\\application.js:213:11)\n    at Object.<anonymous> (C:\\Users\\HP\\OneDrive\\Desktop\\Main\\Project 4\\02-Budget-Tracking\\src\\app.ts:58:5)\n    at Module._compile (node:internal/modules/cjs/loader:1730:14)\n    at Module.m._compile (C:\\Users\\HP\\OneDrive\\Desktop\\Main\\Project 4\\02-Budget-Tracking\\node_modules\\ts-node\\src\\index.ts:1618:23)\n    at node:internal/modules/cjs/loader:1895:10\n    at Object.require.extensions.<computed> [as .ts] (C:\\Users\\HP\\OneDrive\\Desktop\\Main\\Project 4\\02-Budget-Tracking\\node_modules\\ts-node\\src\\index.ts:1621:12)\n    at Module.load (node:internal/modules/cjs/loader:1465:32)\n    at Function._load (node:internal/modules/cjs/loader:1282:12)\n    at TracingChannel.traceSync (node:diagnostics_channel:322:14)\n    at wrapModuleLoad (node:internal/modules/cjs/loader:235:24)","timestamp":"2025-10-02 19:31:52","trace":[{"column":11,"file":"C:\\Users\\HP\\OneDrive\\Desktop\\Main\\Project 4\\02-Budget-Tracking\\node_modules\\express\\lib\\application.js","function":"Function.use","line":213,"method":"use","native":false},{"column":5,"file":"C:\\Users\\HP\\OneDrive\\Desktop\\Main\\Project 4\\02-Budget-Tracking\\src\\app.ts","function":null,"line":58,"method":null,"native":false},{"column":14,"file":"node:internal/modules/cjs/loader","function":"Module._compile","line":1730,"method":"_compile","native":false},{"column":23,"file":"C:\\Users\\HP\\OneDrive\\Desktop\\Main\\Project 4\\02-Budget-Tracking\\node_modules\\ts-node\\src\\index.ts","function":"Module.m._compile","line":1618,"method":"_compile","native":false},{"column":10,"file":"node:internal/modules/cjs/loader","function":null,"line":1895,"method":null,"native":false},{"column":12,"file":"C:\\Users\\HP\\OneDrive\\Desktop\\Main\\Project 4\\02-Budget-Tracking\\node_modules\\ts-node\\src\\index.ts","function":"Object.require.extensions.<computed> [as .ts]","line":1621,"method":"ts]","native":false},{"column":32,"file":"node:internal/modules/cjs/loader","function":"Module.load","line":1465,"method":"load","native":false},{"column":12,"file":"node:internal/modules/cjs/loader","function":"Function._load","line":1282,"method":"_load","native":false},{"column":14,"file":"node:diagnostics_channel","function":"TracingChannel.traceSync","line":322,"method":"traceSync","native":false},{"column":24,"file":"node:internal/modules/cjs/loader","function":"wrapModuleLoad","line":235,"method":null,"native":false}]}
{"level":"info","message":"Database connected","timestamp":"2025-10-02 19:32:04"}
{"level":"info","message":"Server running on PORT: 3000 [production]","timestamp":"2025-10-02 19:32:04"}
{"error":{"message":"Unknown authentication strategy \"google\"","stack":"Error: Unknown authentication strategy \"google\"\n    at attempt (C:\\Users\\HP\\OneDrive\\Desktop\\Main\\Project 4\\02-Budget-Tracking\\node_modules\\passport\\lib\\middleware\\authenticate.js:193:39)\n    at authenticate (C:\\Users\\HP\\OneDrive\\Desktop\\Main\\Project 4\\02-Budget-Tracking\\node_modules\\passport\\lib\\middleware\\authenticate.js:379:7)\n    at Layer.handleRequest (C:\\Users\\HP\\OneDrive\\Desktop\\Main\\Project 4\\02-Budget-Tracking\\node_modules\\router\\lib\\layer.js:152:17)\n    at next (C:\\Users\\HP\\OneDrive\\Desktop\\Main\\Project 4\\02-Budget-Tracking\\node_modules\\router\\lib\\route.js:157:13)\n    at Route.dispatch (C:\\Users\\HP\\OneDrive\\Desktop\\Main\\Project 4\\02-Budget-Tracking\\node_modules\\router\\lib\\route.js:117:3)\n    at handle (C:\\Users\\HP\\OneDrive\\Desktop\\Main\\Project 4\\02-Budget-Tracking\\node_modules\\router\\index.js:435:11)\n    at Layer.handleRequest (C:\\Users\\HP\\OneDrive\\Desktop\\Main\\Project 4\\02-Budget-Tracking\\node_modules\\router\\lib\\layer.js:152:17)\n    at C:\\Users\\HP\\OneDrive\\Desktop\\Main\\Project 4\\02-Budget-Tracking\\node_modules\\router\\index.js:295:15\n    at processParams (C:\\Users\\HP\\OneDrive\\Desktop\\Main\\Project 4\\02-Budget-Tracking\\node_modules\\router\\index.js:582:12)\n    at next (C:\\Users\\HP\\OneDrive\\Desktop\\Main\\Project 4\\02-Budget-Tracking\\node_modules\\router\\index.js:291:5)"},"ip":"::1","level":"error","message":"Unhandled error in asyncHandler","method":"GET","timestamp":"2025-10-02 19:32:17","url":"/api/v1/auth/google"}
{"error":{"message":"Unknown authentication strategy \"google\"","stack":"Error: Unknown authentication strategy \"google\"\n    at attempt (C:\\Users\\HP\\OneDrive\\Desktop\\Main\\Project 4\\02-Budget-Tracking\\node_modules\\passport\\lib\\middleware\\authenticate.js:193:39)\n    at authenticate (C:\\Users\\HP\\OneDrive\\Desktop\\Main\\Project 4\\02-Budget-Tracking\\node_modules\\passport\\lib\\middleware\\authenticate.js:379:7)\n    at Layer.handleRequest (C:\\Users\\HP\\OneDrive\\Desktop\\Main\\Project 4\\02-Budget-Tracking\\node_modules\\router\\lib\\layer.js:152:17)\n    at next (C:\\Users\\HP\\OneDrive\\Desktop\\Main\\Project 4\\02-Budget-Tracking\\node_modules\\router\\lib\\route.js:157:13)\n    at Route.dispatch (C:\\Users\\HP\\OneDrive\\Desktop\\Main\\Project 4\\02-Budget-Tracking\\node_modules\\router\\lib\\route.js:117:3)\n    at handle (C:\\Users\\HP\\OneDrive\\Desktop\\Main\\Project 4\\02-Budget-Tracking\\node_modules\\router\\index.js:435:11)\n    at Layer.handleRequest (C:\\Users\\HP\\OneDrive\\Desktop\\Main\\Project 4\\02-Budget-Tracking\\node_modules\\router\\lib\\layer.js:152:17)\n    at C:\\Users\\HP\\OneDrive\\Desktop\\Main\\Project 4\\02-Budget-Tracking\\node_modules\\router\\index.js:295:15\n    at processParams (C:\\Users\\HP\\OneDrive\\Desktop\\Main\\Project 4\\02-Budget-Tracking\\node_modules\\router\\index.js:582:12)\n    at next (C:\\Users\\HP\\OneDrive\\Desktop\\Main\\Project 4\\02-Budget-Tracking\\node_modules\\router\\index.js:291:5)"},"ip":"::1","level":"error","message":"Unhandled error in asyncHandler","method":"GET","timestamp":"2025-10-02 19:32:26","url":"/api/v1/auth/google"}
{"error":{"message":"Unknown authentication strategy \"google\"","stack":"Error: Unknown authentication strategy \"google\"\n    at attempt (C:\\Users\\HP\\OneDrive\\Desktop\\Main\\Project 4\\02-Budget-Tracking\\node_modules\\passport\\lib\\middleware\\authenticate.js:193:39)\n    at authenticate (C:\\Users\\HP\\OneDrive\\Desktop\\Main\\Project 4\\02-Budget-Tracking\\node_modules\\passport\\lib\\middleware\\authenticate.js:379:7)\n    at Layer.handleRequest (C:\\Users\\HP\\OneDrive\\Desktop\\Main\\Project 4\\02-Budget-Tracking\\node_modules\\router\\lib\\layer.js:152:17)\n    at next (C:\\Users\\HP\\OneDrive\\Desktop\\Main\\Project 4\\02-Budget-Tracking\\node_modules\\router\\lib\\route.js:157:13)\n    at Route.dispatch (C:\\Users\\HP\\OneDrive\\Desktop\\Main\\Project 4\\02-Budget-Tracking\\node_modules\\router\\lib\\route.js:117:3)\n    at handle (C:\\Users\\HP\\OneDrive\\Desktop\\Main\\Project 4\\02-Budget-Tracking\\node_modules\\router\\index.js:435:11)\n    at Layer.handleRequest (C:\\Users\\HP\\OneDrive\\Desktop\\Main\\Project 4\\02-Budget-Tracking\\node_modules\\router\\lib\\layer.js:152:17)\n    at C:\\Users\\HP\\OneDrive\\Desktop\\Main\\Project 4\\02-Budget-Tracking\\node_modules\\router\\index.js:295:15\n    at processParams (C:\\Users\\HP\\OneDrive\\Desktop\\Main\\Project 4\\02-Budget-Tracking\\node_modules\\router\\index.js:582:12)\n    at next (C:\\Users\\HP\\OneDrive\\Desktop\\Main\\Project 4\\02-Budget-Tracking\\node_modules\\router\\index.js:291:5)"},"ip":"::1","level":"error","message":"Unhandled error in asyncHandler","method":"GET","timestamp":"2025-10-02 19:32:36","url":"/api/v1/auth/google"}
{"error":{"message":"Unknown authentication strategy \"google\"","stack":"Error: Unknown authentication strategy \"google\"\n    at attempt (C:\\Users\\HP\\OneDrive\\Desktop\\Main\\Project 4\\02-Budget-Tracking\\node_modules\\passport\\lib\\middleware\\authenticate.js:193:39)\n    at authenticate (C:\\Users\\HP\\OneDrive\\Desktop\\Main\\Project 4\\02-Budget-Tracking\\node_modules\\passport\\lib\\middleware\\authenticate.js:379:7)\n    at Layer.handleRequest (C:\\Users\\HP\\OneDrive\\Desktop\\Main\\Project 4\\02-Budget-Tracking\\node_modules\\router\\lib\\layer.js:152:17)\n    at next (C:\\Users\\HP\\OneDrive\\Desktop\\Main\\Project 4\\02-Budget-Tracking\\node_modules\\router\\lib\\route.js:157:13)\n    at Route.dispatch (C:\\Users\\HP\\OneDrive\\Desktop\\Main\\Project 4\\02-Budget-Tracking\\node_modules\\router\\lib\\route.js:117:3)\n    at handle (C:\\Users\\HP\\OneDrive\\Desktop\\Main\\Project 4\\02-Budget-Tracking\\node_modules\\router\\index.js:435:11)\n    at Layer.handleRequest (C:\\Users\\HP\\OneDrive\\Desktop\\Main\\Project 4\\02-Budget-Tracking\\node_modules\\router\\lib\\layer.js:152:17)\n    at C:\\Users\\HP\\OneDrive\\Desktop\\Main\\Project 4\\02-Budget-Tracking\\node_modules\\router\\index.js:295:15\n    at processParams (C:\\Users\\HP\\OneDrive\\Desktop\\Main\\Project 4\\02-Budget-Tracking\\node_modules\\router\\index.js:582:12)\n    at next (C:\\Users\\HP\\OneDrive\\Desktop\\Main\\Project 4\\02-Budget-Tracking\\node_modules\\router\\index.js:291:5)"},"ip":"::1","level":"error","message":"Unhandled error in asyncHandler","method":"GET","timestamp":"2025-10-02 19:32:38","url":"/api/v1/auth/google"}
{"error":{"message":"Can't reach database server at `ep-winter-sea-ad1fsadu-pooler.c-2.us-east-1.aws.neon.tech:5432`\n\nPlease make sure your database server is running at `ep-winter-sea-ad1fsadu-pooler.c-2.us-east-1.aws.neon.tech:5432`.","stack":"PrismaClientInitializationError: Can't reach database server at `ep-winter-sea-ad1fsadu-pooler.c-2.us-east-1.aws.neon.tech:5432`\n\nPlease make sure your database server is running at `ep-winter-sea-ad1fsadu-pooler.c-2.us-east-1.aws.neon.tech:5432`.\n    at r (C:\\Users\\HP\\OneDrive\\Desktop\\Main\\Project 4\\02-Budget-Tracking\\node_modules\\@prisma\\client\\src\\runtime\\core\\engines\\library\\LibraryEngine.ts:440:17)\n    at async startServer (C:\\Users\\HP\\OneDrive\\Desktop\\Main\\Project 4\\02-Budget-Tracking\\src\\index.ts:10:5)"},"level":"error","message":"Failed to connect to database","timestamp":"2025-10-02 19:33:58"}
{"level":"info","message":"Database connected","timestamp":"2025-10-02 19:34:33"}
{"level":"info","message":"Server running on PORT: 3000 [production]","timestamp":"2025-10-02 19:34:33"}
{"error":{"message":"Unknown authentication strategy \"google\"","stack":"Error: Unknown authentication strategy \"google\"\n    at attempt (C:\\Users\\HP\\OneDrive\\Desktop\\Main\\Project 4\\02-Budget-Tracking\\node_modules\\passport\\lib\\middleware\\authenticate.js:193:39)\n    at authenticate (C:\\Users\\HP\\OneDrive\\Desktop\\Main\\Project 4\\02-Budget-Tracking\\node_modules\\passport\\lib\\middleware\\authenticate.js:379:7)\n    at Layer.handleRequest (C:\\Users\\HP\\OneDrive\\Desktop\\Main\\Project 4\\02-Budget-Tracking\\node_modules\\router\\lib\\layer.js:152:17)\n    at next (C:\\Users\\HP\\OneDrive\\Desktop\\Main\\Project 4\\02-Budget-Tracking\\node_modules\\router\\lib\\route.js:157:13)\n    at Route.dispatch (C:\\Users\\HP\\OneDrive\\Desktop\\Main\\Project 4\\02-Budget-Tracking\\node_modules\\router\\lib\\route.js:117:3)\n    at handle (C:\\Users\\HP\\OneDrive\\Desktop\\Main\\Project 4\\02-Budget-Tracking\\node_modules\\router\\index.js:435:11)\n    at Layer.handleRequest (C:\\Users\\HP\\OneDrive\\Desktop\\Main\\Project 4\\02-Budget-Tracking\\node_modules\\router\\lib\\layer.js:152:17)\n    at C:\\Users\\HP\\OneDrive\\Desktop\\Main\\Project 4\\02-Budget-Tracking\\node_modules\\router\\index.js:295:15\n    at processParams (C:\\Users\\HP\\OneDrive\\Desktop\\Main\\Project 4\\02-Budget-Tracking\\node_modules\\router\\index.js:582:12)\n    at next (C:\\Users\\HP\\OneDrive\\Desktop\\Main\\Project 4\\02-Budget-Tracking\\node_modules\\router\\index.js:291:5)"},"ip":"::1","level":"error","message":"Unhandled error in asyncHandler","method":"GET","timestamp":"2025-10-02 19:34:38","url":"/api/v1/auth/google"}
{"error":{"message":"Unknown authentication strategy \"google\"","stack":"Error: Unknown authentication strategy \"google\"\n    at attempt (C:\\Users\\HP\\OneDrive\\Desktop\\Main\\Project 4\\02-Budget-Tracking\\node_modules\\passport\\lib\\middleware\\authenticate.js:193:39)\n    at authenticate (C:\\Users\\HP\\OneDrive\\Desktop\\Main\\Project 4\\02-Budget-Tracking\\node_modules\\passport\\lib\\middleware\\authenticate.js:379:7)\n    at Layer.handleRequest (C:\\Users\\HP\\OneDrive\\Desktop\\Main\\Project 4\\02-Budget-Tracking\\node_modules\\router\\lib\\layer.js:152:17)\n    at next (C:\\Users\\HP\\OneDrive\\Desktop\\Main\\Project 4\\02-Budget-Tracking\\node_modules\\router\\lib\\route.js:157:13)\n    at Route.dispatch (C:\\Users\\HP\\OneDrive\\Desktop\\Main\\Project 4\\02-Budget-Tracking\\node_modules\\router\\lib\\route.js:117:3)\n    at handle (C:\\Users\\HP\\OneDrive\\Desktop\\Main\\Project 4\\02-Budget-Tracking\\node_modules\\router\\index.js:435:11)\n    at Layer.handleRequest (C:\\Users\\HP\\OneDrive\\Desktop\\Main\\Project 4\\02-Budget-Tracking\\node_modules\\router\\lib\\layer.js:152:17)\n    at C:\\Users\\HP\\OneDrive\\Desktop\\Main\\Project 4\\02-Budget-Tracking\\node_modules\\router\\index.js:295:15\n    at processParams (C:\\Users\\HP\\OneDrive\\Desktop\\Main\\Project 4\\02-Budget-Tracking\\node_modules\\router\\index.js:582:12)\n    at next (C:\\Users\\HP\\OneDrive\\Desktop\\Main\\Project 4\\02-Budget-Tracking\\node_modules\\router\\index.js:291:5)"},"ip":"::1","level":"error","message":"Unhandled error in asyncHandler","method":"GET","timestamp":"2025-10-02 19:35:03","url":"/api/v1/auth/google"}
{"date":"Thu Oct 02 2025 19:36:19 GMT+0530 (India Standard Time)","error":{"diagnosticCodes":[1109,1005]},"exception":true,"level":"error","message":"uncaughtException: ⨯ Unable to compile TypeScript:\n\u001b[96msrc/routes/auth.route.ts\u001b[0m:\u001b[93m17\u001b[0m:\u001b[93m4\u001b[0m - \u001b[91merror\u001b[0m\u001b[90m TS1109: \u001b[0mExpression expected.\r\n\r\n\u001b[7m17\u001b[0m   ()\r\n\u001b[7m  \u001b[0m \u001b[91m   ~\u001b[0m\r\n\u001b[96msrc/routes/auth.route.ts\u001b[0m:\u001b[93m18\u001b[0m:\u001b[93m3\u001b[0m - \u001b[91merror\u001b[0m\u001b[90m TS1005: \u001b[0m',' expected.\r\n\r\n\u001b[7m18\u001b[0m   passport.authenticate(\"google\", { scope: [\"profile\", \"email\"] })\r\n\u001b[7m  \u001b[0m \u001b[91m  ~~~~~~~~\u001b[0m\r\n\nTSError: ⨯ Unable to compile TypeScript:\n\u001b[96msrc/routes/auth.route.ts\u001b[0m:\u001b[93m17\u001b[0m:\u001b[93m4\u001b[0m - \u001b[91merror\u001b[0m\u001b[90m TS1109: \u001b[0mExpression expected.\r\n\r\n\u001b[7m17\u001b[0m   ()\r\n\u001b[7m  \u001b[0m \u001b[91m   ~\u001b[0m\r\n\u001b[96msrc/routes/auth.route.ts\u001b[0m:\u001b[93m18\u001b[0m:\u001b[93m3\u001b[0m - \u001b[91merror\u001b[0m\u001b[90m TS1005: \u001b[0m',' expected.\r\n\r\n\u001b[7m18\u001b[0m   passport.authenticate(\"google\", { scope: [\"profile\", \"email\"] })\r\n\u001b[7m  \u001b[0m \u001b[91m  ~~~~~~~~\u001b[0m\r\n\n    at createTSError (C:\\Users\\HP\\OneDrive\\Desktop\\Main\\Project 4\\02-Budget-Tracking\\node_modules\\ts-node\\src\\index.ts:859:12)\n    at reportTSError (C:\\Users\\HP\\OneDrive\\Desktop\\Main\\Project 4\\02-Budget-Tracking\\node_modules\\ts-node\\src\\index.ts:863:19)\n    at getOutput (C:\\Users\\HP\\OneDrive\\Desktop\\Main\\Project 4\\02-Budget-Tracking\\node_modules\\ts-node\\src\\index.ts:1077:36)\n    at Object.compile (C:\\Users\\HP\\OneDrive\\Desktop\\Main\\Project 4\\02-Budget-Tracking\\node_modules\\ts-node\\src\\index.ts:1433:41)\n    at Module.m._compile (C:\\Users\\HP\\OneDrive\\Desktop\\Main\\Project 4\\02-Budget-Tracking\\node_modules\\ts-node\\src\\index.ts:1617:30)\n    at node:internal/modules/cjs/loader:1895:10\n    at Object.require.extensions.<computed> [as .ts] (C:\\Users\\HP\\OneDrive\\Desktop\\Main\\Project 4\\02-Budget-Tracking\\node_modules\\ts-node\\src\\index.ts:1621:12)\n    at Module.load (node:internal/modules/cjs/loader:1465:32)\n    at Function._load (node:internal/modules/cjs/loader:1282:12)\n    at TracingChannel.traceSync (node:diagnostics_channel:322:14)","os":{"loadavg":[0,0,0],"uptime":1129890.515},"process":{"argv":["C:\\Users\\HP\\OneDrive\\Desktop\\Main\\Project 4\\02-Budget-Tracking\\node_modules\\ts-node\\dist\\bin.js","C:\\Users\\HP\\OneDrive\\Desktop\\Main\\Project 4\\02-Budget-Tracking\\src\\index.ts"],"cwd":"C:\\Users\\HP\\OneDrive\\Desktop\\Main\\Project 4\\02-Budget-Tracking","execPath":"C:\\Program Files\\nodejs\\node.exe","gid":null,"memoryUsage":{"arrayBuffers":6973562,"external":10105684,"heapTotal":275185664,"heapUsed":249411760,"rss":325607424},"pid":13652,"uid":null,"version":"v22.16.0"},"stack":"TSError: ⨯ Unable to compile TypeScript:\n\u001b[96msrc/routes/auth.route.ts\u001b[0m:\u001b[93m17\u001b[0m:\u001b[93m4\u001b[0m - \u001b[91merror\u001b[0m\u001b[90m TS1109: \u001b[0mExpression expected.\r\n\r\n\u001b[7m17\u001b[0m   ()\r\n\u001b[7m  \u001b[0m \u001b[91m   ~\u001b[0m\r\n\u001b[96msrc/routes/auth.route.ts\u001b[0m:\u001b[93m18\u001b[0m:\u001b[93m3\u001b[0m - \u001b[91merror\u001b[0m\u001b[90m TS1005: \u001b[0m',' expected.\r\n\r\n\u001b[7m18\u001b[0m   passport.authenticate(\"google\", { scope: [\"profile\", \"email\"] })\r\n\u001b[7m  \u001b[0m \u001b[91m  ~~~~~~~~\u001b[0m\r\n\n    at createTSError (C:\\Users\\HP\\OneDrive\\Desktop\\Main\\Project 4\\02-Budget-Tracking\\node_modules\\ts-node\\src\\index.ts:859:12)\n    at reportTSError (C:\\Users\\HP\\OneDrive\\Desktop\\Main\\Project 4\\02-Budget-Tracking\\node_modules\\ts-node\\src\\index.ts:863:19)\n    at getOutput (C:\\Users\\HP\\OneDrive\\Desktop\\Main\\Project 4\\02-Budget-Tracking\\node_modules\\ts-node\\src\\index.ts:1077:36)\n    at Object.compile (C:\\Users\\HP\\OneDrive\\Desktop\\Main\\Project 4\\02-Budget-Tracking\\node_modules\\ts-node\\src\\index.ts:1433:41)\n    at Module.m._compile (C:\\Users\\HP\\OneDrive\\Desktop\\Main\\Project 4\\02-Budget-Tracking\\node_modules\\ts-node\\src\\index.ts:1617:30)\n    at node:internal/modules/cjs/loader:1895:10\n    at Object.require.extensions.<computed> [as .ts] (C:\\Users\\HP\\OneDrive\\Desktop\\Main\\Project 4\\02-Budget-Tracking\\node_modules\\ts-node\\src\\index.ts:1621:12)\n    at Module.load (node:internal/modules/cjs/loader:1465:32)\n    at Function._load (node:internal/modules/cjs/loader:1282:12)\n    at TracingChannel.traceSync (node:diagnostics_channel:322:14)","timestamp":"2025-10-02 19:36:19","trace":[{"column":12,"file":"C:\\Users\\HP\\OneDrive\\Desktop\\Main\\Project 4\\02-Budget-Tracking\\node_modules\\ts-node\\src\\index.ts","function":"createTSError","line":859,"method":null,"native":false},{"column":19,"file":"C:\\Users\\HP\\OneDrive\\Desktop\\Main\\Project 4\\02-Budget-Tracking\\node_modules\\ts-node\\src\\index.ts","function":"reportTSError","line":863,"method":null,"native":false},{"column":36,"file":"C:\\Users\\HP\\OneDrive\\Desktop\\Main\\Project 4\\02-Budget-Tracking\\node_modules\\ts-node\\src\\index.ts","function":"getOutput","line":1077,"method":null,"native":false},{"column":41,"file":"C:\\Users\\HP\\OneDrive\\Desktop\\Main\\Project 4\\02-Budget-Tracking\\node_modules\\ts-node\\src\\index.ts","function":"Object.compile","line":1433,"method":"compile","native":false},{"column":30,"file":"C:\\Users\\HP\\OneDrive\\Desktop\\Main\\Project 4\\02-Budget-Tracking\\node_modules\\ts-node\\src\\index.ts","function":"Module.m._compile","line":1617,"method":"_compile","native":false},{"column":10,"file":"node:internal/modules/cjs/loader","function":null,"line":1895,"method":null,"native":false},{"column":12,"file":"C:\\Users\\HP\\OneDrive\\Desktop\\Main\\Project 4\\02-Budget-Tracking\\node_modules\\ts-node\\src\\index.ts","function":"Object.require.extensions.<computed> [as .ts]","line":1621,"method":"ts]","native":false},{"column":32,"file":"node:internal/modules/cjs/loader","function":"Module.load","line":1465,"method":"load","native":false},{"column":12,"file":"node:internal/modules/cjs/loader","function":"Function._load","line":1282,"method":"_load","native":false},{"column":14,"file":"node:diagnostics_channel","function":"TracingChannel.traceSync","line":322,"method":"traceSync","native":false}]}
{"date":"Thu Oct 02 2025 19:36:25 GMT+0530 (India Standard Time)","error":{"diagnosticCodes":[2304,2695,2695,2304,2304,1005]},"exception":true,"level":"error","message":"uncaughtException: ⨯ Unable to compile TypeScript:\n\u001b[96msrc/routes/auth.route.ts\u001b[0m:\u001b[93m17\u001b[0m:\u001b[93m4\u001b[0m - \u001b[91merror\u001b[0m\u001b[90m TS2304: \u001b[0mCannot find name 'req'.\r\n\r\n\u001b[7m17\u001b[0m   (req, res, next)\r\n\u001b[7m  \u001b[0m \u001b[91m   ~~~\u001b[0m\r\n\u001b[96msrc/routes/auth.route.ts\u001b[0m:\u001b[93m17\u001b[0m:\u001b[93m4\u001b[0m - \u001b[91merror\u001b[0m\u001b[90m TS2695: \u001b[0mLeft side of comma operator is unused and has no side effects.\r\n\r\n\u001b[7m17\u001b[0m   (req, res, next)\r\n\u001b[7m  \u001b[0m \u001b[91m   ~~~\u001b[0m\r\n\u001b[96msrc/routes/auth.route.ts\u001b[0m:\u001b[93m17\u001b[0m:\u001b[93m4\u001b[0m - \u001b[91merror\u001b[0m\u001b[90m TS2695: \u001b[0mLeft side of comma operator is unused and has no side effects.\r\n\r\n\u001b[7m17\u001b[0m   (req, res, next)\r\n\u001b[7m  \u001b[0m \u001b[91m   ~~~~~~~~\u001b[0m\r\n\u001b[96msrc/routes/auth.route.ts\u001b[0m:\u001b[93m17\u001b[0m:\u001b[93m9\u001b[0m - \u001b[91merror\u001b[0m\u001b[90m TS2304: \u001b[0mCannot find name 'res'.\r\n\r\n\u001b[7m17\u001b[0m   (req, res, next)\r\n\u001b[7m  \u001b[0m \u001b[91m        ~~~\u001b[0m\r\n\u001b[96msrc/routes/auth.route.ts\u001b[0m:\u001b[93m17\u001b[0m:\u001b[93m14\u001b[0m - \u001b[91merror\u001b[0m\u001b[90m TS2304: \u001b[0mCannot find name 'next'.\r\n\r\n\u001b[7m17\u001b[0m   (req, res, next)\r\n\u001b[7m  \u001b[0m \u001b[91m             ~~~~\u001b[0m\r\n\u001b[96msrc/routes/auth.route.ts\u001b[0m:\u001b[93m18\u001b[0m:\u001b[93m3\u001b[0m - \u001b[91merror\u001b[0m\u001b[90m TS1005: \u001b[0m',' expected.\r\n\r\n\u001b[7m18\u001b[0m   passport.authenticate(\"google\", { scope: [\"profile\", \"email\"] })\r\n\u001b[7m  \u001b[0m \u001b[91m  ~~~~~~~~\u001b[0m\r\n\nTSError: ⨯ Unable to compile TypeScript:\n\u001b[96msrc/routes/auth.route.ts\u001b[0m:\u001b[93m17\u001b[0m:\u001b[93m4\u001b[0m - \u001b[91merror\u001b[0m\u001b[90m TS2304: \u001b[0mCannot find name 'req'.\r\n\r\n\u001b[7m17\u001b[0m   (req, res, next)\r\n\u001b[7m  \u001b[0m \u001b[91m   ~~~\u001b[0m\r\n\u001b[96msrc/routes/auth.route.ts\u001b[0m:\u001b[93m17\u001b[0m:\u001b[93m4\u001b[0m - \u001b[91merror\u001b[0m\u001b[90m TS2695: \u001b[0mLeft side of comma operator is unused and has no side effects.\r\n\r\n\u001b[7m17\u001b[0m   (req, res, next)\r\n\u001b[7m  \u001b[0m \u001b[91m   ~~~\u001b[0m\r\n\u001b[96msrc/routes/auth.route.ts\u001b[0m:\u001b[93m17\u001b[0m:\u001b[93m4\u001b[0m - \u001b[91merror\u001b[0m\u001b[90m TS2695: \u001b[0mLeft side of comma operator is unused and has no side effects.\r\n\r\n\u001b[7m17\u001b[0m   (req, res, next)\r\n\u001b[7m  \u001b[0m \u001b[91m   ~~~~~~~~\u001b[0m\r\n\u001b[96msrc/routes/auth.route.ts\u001b[0m:\u001b[93m17\u001b[0m:\u001b[93m9\u001b[0m - \u001b[91merror\u001b[0m\u001b[90m TS2304: \u001b[0mCannot find name 'res'.\r\n\r\n\u001b[7m17\u001b[0m   (req, res, next)\r\n\u001b[7m  \u001b[0m \u001b[91m        ~~~\u001b[0m\r\n\u001b[96msrc/routes/auth.route.ts\u001b[0m:\u001b[93m17\u001b[0m:\u001b[93m14\u001b[0m - \u001b[91merror\u001b[0m\u001b[90m TS2304: \u001b[0mCannot find name 'next'.\r\n\r\n\u001b[7m17\u001b[0m   (req, res, next)\r\n\u001b[7m  \u001b[0m \u001b[91m             ~~~~\u001b[0m\r\n\u001b[96msrc/routes/auth.route.ts\u001b[0m:\u001b[93m18\u001b[0m:\u001b[93m3\u001b[0m - \u001b[91merror\u001b[0m\u001b[90m TS1005: \u001b[0m',' expected.\r\n\r\n\u001b[7m18\u001b[0m   passport.authenticate(\"google\", { scope: [\"profile\", \"email\"] })\r\n\u001b[7m  \u001b[0m \u001b[91m  ~~~~~~~~\u001b[0m\r\n\n    at createTSError (C:\\Users\\HP\\OneDrive\\Desktop\\Main\\Project 4\\02-Budget-Tracking\\node_modules\\ts-node\\src\\index.ts:859:12)\n    at reportTSError (C:\\Users\\HP\\OneDrive\\Desktop\\Main\\Project 4\\02-Budget-Tracking\\node_modules\\ts-node\\src\\index.ts:863:19)\n    at getOutput (C:\\Users\\HP\\OneDrive\\Desktop\\Main\\Project 4\\02-Budget-Tracking\\node_modules\\ts-node\\src\\index.ts:1077:36)\n    at Object.compile (C:\\Users\\HP\\OneDrive\\Desktop\\Main\\Project 4\\02-Budget-Tracking\\node_modules\\ts-node\\src\\index.ts:1433:41)\n    at Module.m._compile (C:\\Users\\HP\\OneDrive\\Desktop\\Main\\Project 4\\02-Budget-Tracking\\node_modules\\ts-node\\src\\index.ts:1617:30)\n    at node:internal/modules/cjs/loader:1895:10\n    at Object.require.extensions.<computed> [as .ts] (C:\\Users\\HP\\OneDrive\\Desktop\\Main\\Project 4\\02-Budget-Tracking\\node_modules\\ts-node\\src\\index.ts:1621:12)\n    at Module.load (node:internal/modules/cjs/loader:1465:32)\n    at Function._load (node:internal/modules/cjs/loader:1282:12)\n    at TracingChannel.traceSync (node:diagnostics_channel:322:14)","os":{"loadavg":[0,0,0],"uptime":1129896.5},"process":{"argv":["C:\\Users\\HP\\OneDrive\\Desktop\\Main\\Project 4\\02-Budget-Tracking\\node_modules\\ts-node\\dist\\bin.js","C:\\Users\\HP\\OneDrive\\Desktop\\Main\\Project 4\\02-Budget-Tracking\\src\\index.ts"],"cwd":"C:\\Users\\HP\\OneDrive\\Desktop\\Main\\Project 4\\02-Budget-Tracking","execPath":"C:\\Program Files\\nodejs\\node.exe","gid":null,"memoryUsage":{"arrayBuffers":6973594,"external":10105716,"heapTotal":275976192,"heapUsed":250617208,"rss":327168000},"pid":10836,"uid":null,"version":"v22.16.0"},"stack":"TSError: ⨯ Unable to compile TypeScript:\n\u001b[96msrc/routes/auth.route.ts\u001b[0m:\u001b[93m17\u001b[0m:\u001b[93m4\u001b[0m - \u001b[91merror\u001b[0m\u001b[90m TS2304: \u001b[0mCannot find name 'req'.\r\n\r\n\u001b[7m17\u001b[0m   (req, res, next)\r\n\u001b[7m  \u001b[0m \u001b[91m   ~~~\u001b[0m\r\n\u001b[96msrc/routes/auth.route.ts\u001b[0m:\u001b[93m17\u001b[0m:\u001b[93m4\u001b[0m - \u001b[91merror\u001b[0m\u001b[90m TS2695: \u001b[0mLeft side of comma operator is unused and has no side effects.\r\n\r\n\u001b[7m17\u001b[0m   (req, res, next)\r\n\u001b[7m  \u001b[0m \u001b[91m   ~~~\u001b[0m\r\n\u001b[96msrc/routes/auth.route.ts\u001b[0m:\u001b[93m17\u001b[0m:\u001b[93m4\u001b[0m - \u001b[91merror\u001b[0m\u001b[90m TS2695: \u001b[0mLeft side of comma operator is unused and has no side effects.\r\n\r\n\u001b[7m17\u001b[0m   (req, res, next)\r\n\u001b[7m  \u001b[0m \u001b[91m   ~~~~~~~~\u001b[0m\r\n\u001b[96msrc/routes/auth.route.ts\u001b[0m:\u001b[93m17\u001b[0m:\u001b[93m9\u001b[0m - \u001b[91merror\u001b[0m\u001b[90m TS2304: \u001b[0mCannot find name 'res'.\r\n\r\n\u001b[7m17\u001b[0m   (req, res, next)\r\n\u001b[7m  \u001b[0m \u001b[91m        ~~~\u001b[0m\r\n\u001b[96msrc/routes/auth.route.ts\u001b[0m:\u001b[93m17\u001b[0m:\u001b[93m14\u001b[0m - \u001b[91merror\u001b[0m\u001b[90m TS2304: \u001b[0mCannot find name 'next'.\r\n\r\n\u001b[7m17\u001b[0m   (req, res, next)\r\n\u001b[7m  \u001b[0m \u001b[91m             ~~~~\u001b[0m\r\n\u001b[96msrc/routes/auth.route.ts\u001b[0m:\u001b[93m18\u001b[0m:\u001b[93m3\u001b[0m - \u001b[91merror\u001b[0m\u001b[90m TS1005: \u001b[0m',' expected.\r\n\r\n\u001b[7m18\u001b[0m   passport.authenticate(\"google\", { scope: [\"profile\", \"email\"] })\r\n\u001b[7m  \u001b[0m \u001b[91m  ~~~~~~~~\u001b[0m\r\n\n    at createTSError (C:\\Users\\HP\\OneDrive\\Desktop\\Main\\Project 4\\02-Budget-Tracking\\node_modules\\ts-node\\src\\index.ts:859:12)\n    at reportTSError (C:\\Users\\HP\\OneDrive\\Desktop\\Main\\Project 4\\02-Budget-Tracking\\node_modules\\ts-node\\src\\index.ts:863:19)\n    at getOutput (C:\\Users\\HP\\OneDrive\\Desktop\\Main\\Project 4\\02-Budget-Tracking\\node_modules\\ts-node\\src\\index.ts:1077:36)\n    at Object.compile (C:\\Users\\HP\\OneDrive\\Desktop\\Main\\Project 4\\02-Budget-Tracking\\node_modules\\ts-node\\src\\index.ts:1433:41)\n    at Module.m._compile (C:\\Users\\HP\\OneDrive\\Desktop\\Main\\Project 4\\02-Budget-Tracking\\node_modules\\ts-node\\src\\index.ts:1617:30)\n    at node:internal/modules/cjs/loader:1895:10\n    at Object.require.extensions.<computed> [as .ts] (C:\\Users\\HP\\OneDrive\\Desktop\\Main\\Project 4\\02-Budget-Tracking\\node_modules\\ts-node\\src\\index.ts:1621:12)\n    at Module.load (node:internal/modules/cjs/loader:1465:32)\n    at Function._load (node:internal/modules/cjs/loader:1282:12)\n    at TracingChannel.traceSync (node:diagnostics_channel:322:14)","timestamp":"2025-10-02 19:36:25","trace":[{"column":12,"file":"C:\\Users\\HP\\OneDrive\\Desktop\\Main\\Project 4\\02-Budget-Tracking\\node_modules\\ts-node\\src\\index.ts","function":"createTSError","line":859,"method":null,"native":false},{"column":19,"file":"C:\\Users\\HP\\OneDrive\\Desktop\\Main\\Project 4\\02-Budget-Tracking\\node_modules\\ts-node\\src\\index.ts","function":"reportTSError","line":863,"method":null,"native":false},{"column":36,"file":"C:\\Users\\HP\\OneDrive\\Desktop\\Main\\Project 4\\02-Budget-Tracking\\node_modules\\ts-node\\src\\index.ts","function":"getOutput","line":1077,"method":null,"native":false},{"column":41,"file":"C:\\Users\\HP\\OneDrive\\Desktop\\Main\\Project 4\\02-Budget-Tracking\\node_modules\\ts-node\\src\\index.ts","function":"Object.compile","line":1433,"method":"compile","native":false},{"column":30,"file":"C:\\Users\\HP\\OneDrive\\Desktop\\Main\\Project 4\\02-Budget-Tracking\\node_modules\\ts-node\\src\\index.ts","function":"Module.m._compile","line":1617,"method":"_compile","native":false},{"column":10,"file":"node:internal/modules/cjs/loader","function":null,"line":1895,"method":null,"native":false},{"column":12,"file":"C:\\Users\\HP\\OneDrive\\Desktop\\Main\\Project 4\\02-Budget-Tracking\\node_modules\\ts-node\\src\\index.ts","function":"Object.require.extensions.<computed> [as .ts]","line":1621,"method":"ts]","native":false},{"column":32,"file":"node:internal/modules/cjs/loader","function":"Module.load","line":1465,"method":"load","native":false},{"column":12,"file":"node:internal/modules/cjs/loader","function":"Function._load","line":1282,"method":"_load","native":false},{"column":14,"file":"node:diagnostics_channel","function":"TracingChannel.traceSync","line":322,"method":"traceSync","native":false}]}
{"date":"Thu Oct 02 2025 19:36:38 GMT+0530 (India Standard Time)","error":{"diagnosticCodes":[2304]},"exception":true,"level":"error","message":"uncaughtException: ⨯ Unable to compile TypeScript:\n\u001b[96msrc/routes/auth.route.ts\u001b[0m:\u001b[93m18\u001b[0m:\u001b[93m5\u001b[0m - \u001b[91merror\u001b[0m\u001b[90m TS2304: \u001b[0mCannot find name 'o'.\r\n\r\n\u001b[7m18\u001b[0m     o\r\n\u001b[7m  \u001b[0m \u001b[91m    ~\u001b[0m\r\n\nTSError: ⨯ Unable to compile TypeScript:\n\u001b[96msrc/routes/auth.route.ts\u001b[0m:\u001b[93m18\u001b[0m:\u001b[93m5\u001b[0m - \u001b[91merror\u001b[0m\u001b[90m TS2304: \u001b[0mCannot find name 'o'.\r\n\r\n\u001b[7m18\u001b[0m     o\r\n\u001b[7m  \u001b[0m \u001b[91m    ~\u001b[0m\r\n\n    at createTSError (C:\\Users\\HP\\OneDrive\\Desktop\\Main\\Project 4\\02-Budget-Tracking\\node_modules\\ts-node\\src\\index.ts:859:12)\n    at reportTSError (C:\\Users\\HP\\OneDrive\\Desktop\\Main\\Project 4\\02-Budget-Tracking\\node_modules\\ts-node\\src\\index.ts:863:19)\n    at getOutput (C:\\Users\\HP\\OneDrive\\Desktop\\Main\\Project 4\\02-Budget-Tracking\\node_modules\\ts-node\\src\\index.ts:1077:36)\n    at Object.compile (C:\\Users\\HP\\OneDrive\\Desktop\\Main\\Project 4\\02-Budget-Tracking\\node_modules\\ts-node\\src\\index.ts:1433:41)\n    at Module.m._compile (C:\\Users\\HP\\OneDrive\\Desktop\\Main\\Project 4\\02-Budget-Tracking\\node_modules\\ts-node\\src\\index.ts:1617:30)\n    at node:internal/modules/cjs/loader:1895:10\n    at Object.require.extensions.<computed> [as .ts] (C:\\Users\\HP\\OneDrive\\Desktop\\Main\\Project 4\\02-Budget-Tracking\\node_modules\\ts-node\\src\\index.ts:1621:12)\n    at Module.load (node:internal/modules/cjs/loader:1465:32)\n    at Function._load (node:internal/modules/cjs/loader:1282:12)\n    at TracingChannel.traceSync (node:diagnostics_channel:322:14)","os":{"loadavg":[0,0,0],"uptime":1129909.234},"process":{"argv":["C:\\Users\\HP\\OneDrive\\Desktop\\Main\\Project 4\\02-Budget-Tracking\\node_modules\\ts-node\\dist\\bin.js","C:\\Users\\HP\\OneDrive\\Desktop\\Main\\Project 4\\02-Budget-Tracking\\src\\index.ts"],"cwd":"C:\\Users\\HP\\OneDrive\\Desktop\\Main\\Project 4\\02-Budget-Tracking","execPath":"C:\\Program Files\\nodejs\\node.exe","gid":null,"memoryUsage":{"arrayBuffers":6973602,"external":10105724,"heapTotal":275447808,"heapUsed":249634904,"rss":326434816},"pid":7376,"uid":null,"version":"v22.16.0"},"stack":"TSError: ⨯ Unable to compile TypeScript:\n\u001b[96msrc/routes/auth.route.ts\u001b[0m:\u001b[93m18\u001b[0m:\u001b[93m5\u001b[0m - \u001b[91merror\u001b[0m\u001b[90m TS2304: \u001b[0mCannot find name 'o'.\r\n\r\n\u001b[7m18\u001b[0m     o\r\n\u001b[7m  \u001b[0m \u001b[91m    ~\u001b[0m\r\n\n    at createTSError (C:\\Users\\HP\\OneDrive\\Desktop\\Main\\Project 4\\02-Budget-Tracking\\node_modules\\ts-node\\src\\index.ts:859:12)\n    at reportTSError (C:\\Users\\HP\\OneDrive\\Desktop\\Main\\Project 4\\02-Budget-Tracking\\node_modules\\ts-node\\src\\index.ts:863:19)\n    at getOutput (C:\\Users\\HP\\OneDrive\\Desktop\\Main\\Project 4\\02-Budget-Tracking\\node_modules\\ts-node\\src\\index.ts:1077:36)\n    at Object.compile (C:\\Users\\HP\\OneDrive\\Desktop\\Main\\Project 4\\02-Budget-Tracking\\node_modules\\ts-node\\src\\index.ts:1433:41)\n    at Module.m._compile (C:\\Users\\HP\\OneDrive\\Desktop\\Main\\Project 4\\02-Budget-Tracking\\node_modules\\ts-node\\src\\index.ts:1617:30)\n    at node:internal/modules/cjs/loader:1895:10\n    at Object.require.extensions.<computed> [as .ts] (C:\\Users\\HP\\OneDrive\\Desktop\\Main\\Project 4\\02-Budget-Tracking\\node_modules\\ts-node\\src\\index.ts:1621:12)\n    at Module.load (node:internal/modules/cjs/loader:1465:32)\n    at Function._load (node:internal/modules/cjs/loader:1282:12)\n    at TracingChannel.traceSync (node:diagnostics_channel:322:14)","timestamp":"2025-10-02 19:36:38","trace":[{"column":12,"file":"C:\\Users\\HP\\OneDrive\\Desktop\\Main\\Project 4\\02-Budget-Tracking\\node_modules\\ts-node\\src\\index.ts","function":"createTSError","line":859,"method":null,"native":false},{"column":19,"file":"C:\\Users\\HP\\OneDrive\\Desktop\\Main\\Project 4\\02-Budget-Tracking\\node_modules\\ts-node\\src\\index.ts","function":"reportTSError","line":863,"method":null,"native":false},{"column":36,"file":"C:\\Users\\HP\\OneDrive\\Desktop\\Main\\Project 4\\02-Budget-Tracking\\node_modules\\ts-node\\src\\index.ts","function":"getOutput","line":1077,"method":null,"native":false},{"column":41,"file":"C:\\Users\\HP\\OneDrive\\Desktop\\Main\\Project 4\\02-Budget-Tracking\\node_modules\\ts-node\\src\\index.ts","function":"Object.compile","line":1433,"method":"compile","native":false},{"column":30,"file":"C:\\Users\\HP\\OneDrive\\Desktop\\Main\\Project 4\\02-Budget-Tracking\\node_modules\\ts-node\\src\\index.ts","function":"Module.m._compile","line":1617,"method":"_compile","native":false},{"column":10,"file":"node:internal/modules/cjs/loader","function":null,"line":1895,"method":null,"native":false},{"column":12,"file":"C:\\Users\\HP\\OneDrive\\Desktop\\Main\\Project 4\\02-Budget-Tracking\\node_modules\\ts-node\\src\\index.ts","function":"Object.require.extensions.<computed> [as .ts]","line":1621,"method":"ts]","native":false},{"column":32,"file":"node:internal/modules/cjs/loader","function":"Module.load","line":1465,"method":"load","native":false},{"column":12,"file":"node:internal/modules/cjs/loader","function":"Function._load","line":1282,"method":"_load","native":false},{"column":14,"file":"node:diagnostics_channel","function":"TracingChannel.traceSync","line":322,"method":"traceSync","native":false}]}
{"level":"info","message":"Database connected","timestamp":"2025-10-02 19:37:08"}
{"level":"info","message":"Server running on PORT: 3000 [production]","timestamp":"2025-10-02 19:37:08"}
{"error":{"message":"Unknown authentication strategy \"google\"","stack":"Error: Unknown authentication strategy \"google\"\n    at attempt (C:\\Users\\HP\\OneDrive\\Desktop\\Main\\Project 4\\02-Budget-Tracking\\node_modules\\passport\\lib\\middleware\\authenticate.js:193:39)\n    at authenticate (C:\\Users\\HP\\OneDrive\\Desktop\\Main\\Project 4\\02-Budget-Tracking\\node_modules\\passport\\lib\\middleware\\authenticate.js:379:7)\n    at Layer.handleRequest (C:\\Users\\HP\\OneDrive\\Desktop\\Main\\Project 4\\02-Budget-Tracking\\node_modules\\router\\lib\\layer.js:152:17)\n    at next (C:\\Users\\HP\\OneDrive\\Desktop\\Main\\Project 4\\02-Budget-Tracking\\node_modules\\router\\lib\\route.js:157:13)\n    at router.get.passport_1.default.authenticate.scope (C:\\Users\\HP\\OneDrive\\Desktop\\Main\\Project 4\\02-Budget-Tracking\\src\\routes\\auth.route.ts:19:5)\n    at Layer.handleRequest (C:\\Users\\HP\\OneDrive\\Desktop\\Main\\Project 4\\02-Budget-Tracking\\node_modules\\router\\lib\\layer.js:152:17)\n    at next (C:\\Users\\HP\\OneDrive\\Desktop\\Main\\Project 4\\02-Budget-Tracking\\node_modules\\router\\lib\\route.js:157:13)\n    at Route.dispatch (C:\\Users\\HP\\OneDrive\\Desktop\\Main\\Project 4\\02-Budget-Tracking\\node_modules\\router\\lib\\route.js:117:3)\n    at handle (C:\\Users\\HP\\OneDrive\\Desktop\\Main\\Project 4\\02-Budget-Tracking\\node_modules\\router\\index.js:435:11)\n    at Layer.handleRequest (C:\\Users\\HP\\OneDrive\\Desktop\\Main\\Project 4\\02-Budget-Tracking\\node_modules\\router\\lib\\layer.js:152:17)"},"ip":"::1","level":"error","message":"Unhandled error in asyncHandler","method":"GET","timestamp":"2025-10-02 19:37:09","url":"/api/v1/auth/google"}
{"level":"info","message":"Database connected","timestamp":"2025-10-02 19:37:39"}
{"level":"info","message":"Server running on PORT: 3000 [production]","timestamp":"2025-10-02 19:37:39"}
{"level":"info","message":"Database connected","timestamp":"2025-10-02 19:52:05"}
{"level":"info","message":"Server running on PORT: 3000 [production]","timestamp":"2025-10-02 19:52:05"}
{"level":"info","message":"Database connected","timestamp":"2025-10-02 19:52:39"}
{"level":"info","message":"Server running on PORT: 3000 [production]","timestamp":"2025-10-02 19:52:39"}
{"level":"info","message":"Database connected","timestamp":"2025-10-02 19:52:55"}
{"level":"info","message":"Server running on PORT: 3000 [production]","timestamp":"2025-10-02 19:52:55"}
{"error":{"message":"Unknown authentication strategy \"google\"","stack":"Error: Unknown authentication strategy \"google\"\n    at attempt (C:\\Users\\HP\\OneDrive\\Desktop\\Main\\Project 4\\02-Budget-Tracking\\node_modules\\passport\\lib\\middleware\\authenticate.js:193:39)\n    at authenticate (C:\\Users\\HP\\OneDrive\\Desktop\\Main\\Project 4\\02-Budget-Tracking\\node_modules\\passport\\lib\\middleware\\authenticate.js:379:7)\n    at Layer.handleRequest (C:\\Users\\HP\\OneDrive\\Desktop\\Main\\Project 4\\02-Budget-Tracking\\node_modules\\router\\lib\\layer.js:152:17)\n    at next (C:\\Users\\HP\\OneDrive\\Desktop\\Main\\Project 4\\02-Budget-Tracking\\node_modules\\router\\lib\\route.js:157:13)\n    at Route.dispatch (C:\\Users\\HP\\OneDrive\\Desktop\\Main\\Project 4\\02-Budget-Tracking\\node_modules\\router\\lib\\route.js:117:3)\n    at handle (C:\\Users\\HP\\OneDrive\\Desktop\\Main\\Project 4\\02-Budget-Tracking\\node_modules\\router\\index.js:435:11)\n    at Layer.handleRequest (C:\\Users\\HP\\OneDrive\\Desktop\\Main\\Project 4\\02-Budget-Tracking\\node_modules\\router\\lib\\layer.js:152:17)\n    at C:\\Users\\HP\\OneDrive\\Desktop\\Main\\Project 4\\02-Budget-Tracking\\node_modules\\router\\index.js:295:15\n    at processParams (C:\\Users\\HP\\OneDrive\\Desktop\\Main\\Project 4\\02-Budget-Tracking\\node_modules\\router\\index.js:582:12)\n    at next (C:\\Users\\HP\\OneDrive\\Desktop\\Main\\Project 4\\02-Budget-Tracking\\node_modules\\router\\index.js:291:5)"},"ip":"::1","level":"error","message":"Unhandled error in asyncHandler","method":"GET","timestamp":"2025-10-02 19:52:58","url":"/api/v1/auth/google"}
{"level":"info","message":"Database connected","timestamp":"2025-10-02 19:53:53"}
{"level":"info","message":"Server running on PORT: 3000 [production]","timestamp":"2025-10-02 19:53:53"}
{"level":"info","message":"Database connected","timestamp":"2025-10-02 19:56:40"}
{"level":"info","message":"Server running on PORT: 3000 [production]","timestamp":"2025-10-02 19:56:40"}
{"level":"info","message":"Database connected","timestamp":"2025-10-02 20:01:00"}
{"level":"info","message":"Server running on PORT: 3000 [production]","timestamp":"2025-10-02 20:01:00"}
{"level":"info","message":"Database connected","timestamp":"2025-10-02 20:05:17"}
{"level":"info","message":"Server running on PORT: 3000 [production]","timestamp":"2025-10-02 20:05:17"}
{"email":"anuragsahu.dev@gmail.com","googleId":"107272745054253607784","level":"info","message":"Google login successful","timestamp":"2025-10-02 20:29:21"}
{"level":"info","message":"Database connected","timestamp":"2025-10-02 20:41:08"}
{"level":"info","message":"Redis connected","timestamp":"2025-10-02 20:41:08"}
{"level":"info","message":"Server running on PORT: 3000 [production]","timestamp":"2025-10-02 20:41:08"}
