{"date":"Sun Dec 14 2025 18:07:03 GMT+0000 (Coordinated Universal Time)","error":{"diagnosticCodes":[2307]},"exception":true,"level":"error","message":"uncaughtException: ⨯ Unable to compile TypeScript:\nsrc/jobs/queues/email.queue.ts(1,23): error TS2307: Cannot find module 'bullmq' or its corresponding type declarations.\n\nTSError: ⨯ Unable to compile TypeScript:\nsrc/jobs/queues/email.queue.ts(1,23): error TS2307: Cannot find module 'bullmq' or its corresponding type declarations.\n\n    at createTSError (/app/node_modules/ts-node/src/index.ts:859:12)\n    at reportTSError (/app/node_modules/ts-node/src/index.ts:863:19)\n    at getOutput (/app/node_modules/ts-node/src/index.ts:1077:36)\n    at Object.compile (/app/node_modules/ts-node/src/index.ts:1433:41)\n    at Module.m._compile (/app/node_modules/ts-node/src/index.ts:1617:30)\n    at node:internal/modules/cjs/loader:1839:10\n    at Object.require.extensions.<computed> [as .ts] (/app/node_modules/ts-node/src/index.ts:1621:12)\n    at Module.load (node:internal/modules/cjs/loader:1441:32)\n    at Function._load (node:internal/modules/cjs/loader:1263:12)\n    at TracingChannel.traceSync (node:diagnostics_channel:328:14)","os":{"loadavg":[2.41,1.51,1.56],"uptime":17765.2},"process":{"argv":["/app/node_modules/ts-node/dist/bin.js","/app/src/index.ts"],"cwd":"/app","execPath":"/usr/local/bin/node","gid":0,"memoryUsage":{"arrayBuffers":5016025,"external":8138247,"heapTotal":315752448,"heapUsed":283077608,"rss":405032960},"pid":1814,"uid":0,"version":"v22.21.1"},"stack":"TSError: ⨯ Unable to compile TypeScript:\nsrc/jobs/queues/email.queue.ts(1,23): error TS2307: Cannot find module 'bullmq' or its corresponding type declarations.\n\n    at createTSError (/app/node_modules/ts-node/src/index.ts:859:12)\n    at reportTSError (/app/node_modules/ts-node/src/index.ts:863:19)\n    at getOutput (/app/node_modules/ts-node/src/index.ts:1077:36)\n    at Object.compile (/app/node_modules/ts-node/src/index.ts:1433:41)\n    at Module.m._compile (/app/node_modules/ts-node/src/index.ts:1617:30)\n    at node:internal/modules/cjs/loader:1839:10\n    at Object.require.extensions.<computed> [as .ts] (/app/node_modules/ts-node/src/index.ts:1621:12)\n    at Module.load (node:internal/modules/cjs/loader:1441:32)\n    at Function._load (node:internal/modules/cjs/loader:1263:12)\n    at TracingChannel.traceSync (node:diagnostics_channel:328:14)","timestamp":"2025-12-14 18:07:03","trace":[{"column":12,"file":"/app/node_modules/ts-node/src/index.ts","function":"createTSError","line":859,"method":null,"native":false},{"column":19,"file":"/app/node_modules/ts-node/src/index.ts","function":"reportTSError","line":863,"method":null,"native":false},{"column":36,"file":"/app/node_modules/ts-node/src/index.ts","function":"getOutput","line":1077,"method":null,"native":false},{"column":41,"file":"/app/node_modules/ts-node/src/index.ts","function":"Object.compile","line":1433,"method":"compile","native":false},{"column":30,"file":"/app/node_modules/ts-node/src/index.ts","function":"Module.m._compile","line":1617,"method":"_compile","native":false},{"column":10,"file":"node:internal/modules/cjs/loader","function":null,"line":1839,"method":null,"native":false},{"column":12,"file":"/app/node_modules/ts-node/src/index.ts","function":"Object.require.extensions.<computed> [as .ts]","line":1621,"method":"ts]","native":false},{"column":32,"file":"node:internal/modules/cjs/loader","function":"Module.load","line":1441,"method":"load","native":false},{"column":12,"file":"node:internal/modules/cjs/loader","function":"Function._load","line":1263,"method":"_load","native":false},{"column":14,"file":"node:diagnostics_channel","function":"TracingChannel.traceSync","line":328,"method":"traceSync","native":false}]}
{"date":"Sun Dec 14 2025 18:07:03 GMT+0000 (Coordinated Universal Time)","error":{"diagnosticCodes":[2307]},"exception":true,"level":"error","message":"uncaughtException: ⨯ Unable to compile TypeScript:\nsrc/jobs/queues/email.queue.ts(1,23): error TS2307: Cannot find module 'bullmq' or its corresponding type declarations.\n\nTSError: ⨯ Unable to compile TypeScript:\nsrc/jobs/queues/email.queue.ts(1,23): error TS2307: Cannot find module 'bullmq' or its corresponding type declarations.\n\n    at createTSError (/app/node_modules/ts-node/src/index.ts:859:12)\n    at reportTSError (/app/node_modules/ts-node/src/index.ts:863:19)\n    at getOutput (/app/node_modules/ts-node/src/index.ts:1077:36)\n    at Object.compile (/app/node_modules/ts-node/src/index.ts:1433:41)\n    at Module.m._compile (/app/node_modules/ts-node/src/index.ts:1617:30)\n    at node:internal/modules/cjs/loader:1839:10\n    at Object.require.extensions.<computed> [as .ts] (/app/node_modules/ts-node/src/index.ts:1621:12)\n    at Module.load (node:internal/modules/cjs/loader:1441:32)\n    at Function._load (node:internal/modules/cjs/loader:1263:12)\n    at TracingChannel.traceSync (node:diagnostics_channel:328:14)","os":{"loadavg":[2.41,1.51,1.56],"uptime":17765.2},"process":{"argv":["/app/node_modules/ts-node/dist/bin.js","/app/src/index.ts"],"cwd":"/app","execPath":"/usr/local/bin/node","gid":0,"memoryUsage":{"arrayBuffers":5016025,"external":8138247,"heapTotal":315752448,"heapUsed":283077608,"rss":405032960},"pid":1814,"uid":0,"version":"v22.21.1"},"stack":"TSError: ⨯ Unable to compile TypeScript:\nsrc/jobs/queues/email.queue.ts(1,23): error TS2307: Cannot find module 'bullmq' or its corresponding type declarations.\n\n    at createTSError (/app/node_modules/ts-node/src/index.ts:859:12)\n    at reportTSError (/app/node_modules/ts-node/src/index.ts:863:19)\n    at getOutput (/app/node_modules/ts-node/src/index.ts:1077:36)\n    at Object.compile (/app/node_modules/ts-node/src/index.ts:1433:41)\n    at Module.m._compile (/app/node_modules/ts-node/src/index.ts:1617:30)\n    at node:internal/modules/cjs/loader:1839:10\n    at Object.require.extensions.<computed> [as .ts] (/app/node_modules/ts-node/src/index.ts:1621:12)\n    at Module.load (node:internal/modules/cjs/loader:1441:32)\n    at Function._load (node:internal/modules/cjs/loader:1263:12)\n    at TracingChannel.traceSync (node:diagnostics_channel:328:14)","timestamp":"2025-12-14 18:07:03","trace":[{"column":12,"file":"/app/node_modules/ts-node/src/index.ts","function":"createTSError","line":859,"method":null,"native":false},{"column":19,"file":"/app/node_modules/ts-node/src/index.ts","function":"reportTSError","line":863,"method":null,"native":false},{"column":36,"file":"/app/node_modules/ts-node/src/index.ts","function":"getOutput","line":1077,"method":null,"native":false},{"column":41,"file":"/app/node_modules/ts-node/src/index.ts","function":"Object.compile","line":1433,"method":"compile","native":false},{"column":30,"file":"/app/node_modules/ts-node/src/index.ts","function":"Module.m._compile","line":1617,"method":"_compile","native":false},{"column":10,"file":"node:internal/modules/cjs/loader","function":null,"line":1839,"method":null,"native":false},{"column":12,"file":"/app/node_modules/ts-node/src/index.ts","function":"Object.require.extensions.<computed> [as .ts]","line":1621,"method":"ts]","native":false},{"column":32,"file":"node:internal/modules/cjs/loader","function":"Module.load","line":1441,"method":"load","native":false},{"column":12,"file":"node:internal/modules/cjs/loader","function":"Function._load","line":1263,"method":"_load","native":false},{"column":14,"file":"node:diagnostics_channel","function":"TracingChannel.traceSync","line":328,"method":"traceSync","native":false}]}
{"date":"Sun Dec 14 2025 18:07:41 GMT+0000 (Coordinated Universal Time)","error":{"diagnosticCodes":[2307]},"exception":true,"level":"error","message":"uncaughtException: ⨯ Unable to compile TypeScript:\nsrc/jobs/queues/email.queue.ts(1,23): error TS2307: Cannot find module 'bullmq' or its corresponding type declarations.\n\nTSError: ⨯ Unable to compile TypeScript:\nsrc/jobs/queues/email.queue.ts(1,23): error TS2307: Cannot find module 'bullmq' or its corresponding type declarations.\n\n    at createTSError (/app/node_modules/ts-node/src/index.ts:859:12)\n    at reportTSError (/app/node_modules/ts-node/src/index.ts:863:19)\n    at getOutput (/app/node_modules/ts-node/src/index.ts:1077:36)\n    at Object.compile (/app/node_modules/ts-node/src/index.ts:1433:41)\n    at Module.m._compile (/app/node_modules/ts-node/src/index.ts:1617:30)\n    at node:internal/modules/cjs/loader:1839:10\n    at Object.require.extensions.<computed> [as .ts] (/app/node_modules/ts-node/src/index.ts:1621:12)\n    at Module.load (node:internal/modules/cjs/loader:1441:32)\n    at Function._load (node:internal/modules/cjs/loader:1263:12)\n    at TracingChannel.traceSync (node:diagnostics_channel:328:14)","os":{"loadavg":[1.4,1.36,1.51],"uptime":17803.02},"process":{"argv":["/app/node_modules/ts-node/dist/bin.js","/app/src/index.ts"],"cwd":"/app","execPath":"/usr/local/bin/node","gid":0,"memoryUsage":{"arrayBuffers":5037556,"external":8159778,"heapTotal":315752448,"heapUsed":282894944,"rss":403849216},"pid":1835,"uid":0,"version":"v22.21.1"},"stack":"TSError: ⨯ Unable to compile TypeScript:\nsrc/jobs/queues/email.queue.ts(1,23): error TS2307: Cannot find module 'bullmq' or its corresponding type declarations.\n\n    at createTSError (/app/node_modules/ts-node/src/index.ts:859:12)\n    at reportTSError (/app/node_modules/ts-node/src/index.ts:863:19)\n    at getOutput (/app/node_modules/ts-node/src/index.ts:1077:36)\n    at Object.compile (/app/node_modules/ts-node/src/index.ts:1433:41)\n    at Module.m._compile (/app/node_modules/ts-node/src/index.ts:1617:30)\n    at node:internal/modules/cjs/loader:1839:10\n    at Object.require.extensions.<computed> [as .ts] (/app/node_modules/ts-node/src/index.ts:1621:12)\n    at Module.load (node:internal/modules/cjs/loader:1441:32)\n    at Function._load (node:internal/modules/cjs/loader:1263:12)\n    at TracingChannel.traceSync (node:diagnostics_channel:328:14)","timestamp":"2025-12-14 18:07:41","trace":[{"column":12,"file":"/app/node_modules/ts-node/src/index.ts","function":"createTSError","line":859,"method":null,"native":false},{"column":19,"file":"/app/node_modules/ts-node/src/index.ts","function":"reportTSError","line":863,"method":null,"native":false},{"column":36,"file":"/app/node_modules/ts-node/src/index.ts","function":"getOutput","line":1077,"method":null,"native":false},{"column":41,"file":"/app/node_modules/ts-node/src/index.ts","function":"Object.compile","line":1433,"method":"compile","native":false},{"column":30,"file":"/app/node_modules/ts-node/src/index.ts","function":"Module.m._compile","line":1617,"method":"_compile","native":false},{"column":10,"file":"node:internal/modules/cjs/loader","function":null,"line":1839,"method":null,"native":false},{"column":12,"file":"/app/node_modules/ts-node/src/index.ts","function":"Object.require.extensions.<computed> [as .ts]","line":1621,"method":"ts]","native":false},{"column":32,"file":"node:internal/modules/cjs/loader","function":"Module.load","line":1441,"method":"load","native":false},{"column":12,"file":"node:internal/modules/cjs/loader","function":"Function._load","line":1263,"method":"_load","native":false},{"column":14,"file":"node:diagnostics_channel","function":"TracingChannel.traceSync","line":328,"method":"traceSync","native":false}]}
{"date":"Sun Dec 14 2025 18:07:41 GMT+0000 (Coordinated Universal Time)","error":{"diagnosticCodes":[2307]},"exception":true,"level":"error","message":"uncaughtException: ⨯ Unable to compile TypeScript:\nsrc/jobs/queues/email.queue.ts(1,23): error TS2307: Cannot find module 'bullmq' or its corresponding type declarations.\n\nTSError: ⨯ Unable to compile TypeScript:\nsrc/jobs/queues/email.queue.ts(1,23): error TS2307: Cannot find module 'bullmq' or its corresponding type declarations.\n\n    at createTSError (/app/node_modules/ts-node/src/index.ts:859:12)\n    at reportTSError (/app/node_modules/ts-node/src/index.ts:863:19)\n    at getOutput (/app/node_modules/ts-node/src/index.ts:1077:36)\n    at Object.compile (/app/node_modules/ts-node/src/index.ts:1433:41)\n    at Module.m._compile (/app/node_modules/ts-node/src/index.ts:1617:30)\n    at node:internal/modules/cjs/loader:1839:10\n    at Object.require.extensions.<computed> [as .ts] (/app/node_modules/ts-node/src/index.ts:1621:12)\n    at Module.load (node:internal/modules/cjs/loader:1441:32)\n    at Function._load (node:internal/modules/cjs/loader:1263:12)\n    at TracingChannel.traceSync (node:diagnostics_channel:328:14)","os":{"loadavg":[1.4,1.36,1.51],"uptime":17803.02},"process":{"argv":["/app/node_modules/ts-node/dist/bin.js","/app/src/index.ts"],"cwd":"/app","execPath":"/usr/local/bin/node","gid":0,"memoryUsage":{"arrayBuffers":5037556,"external":8159778,"heapTotal":315752448,"heapUsed":282894944,"rss":403849216},"pid":1835,"uid":0,"version":"v22.21.1"},"stack":"TSError: ⨯ Unable to compile TypeScript:\nsrc/jobs/queues/email.queue.ts(1,23): error TS2307: Cannot find module 'bullmq' or its corresponding type declarations.\n\n    at createTSError (/app/node_modules/ts-node/src/index.ts:859:12)\n    at reportTSError (/app/node_modules/ts-node/src/index.ts:863:19)\n    at getOutput (/app/node_modules/ts-node/src/index.ts:1077:36)\n    at Object.compile (/app/node_modules/ts-node/src/index.ts:1433:41)\n    at Module.m._compile (/app/node_modules/ts-node/src/index.ts:1617:30)\n    at node:internal/modules/cjs/loader:1839:10\n    at Object.require.extensions.<computed> [as .ts] (/app/node_modules/ts-node/src/index.ts:1621:12)\n    at Module.load (node:internal/modules/cjs/loader:1441:32)\n    at Function._load (node:internal/modules/cjs/loader:1263:12)\n    at TracingChannel.traceSync (node:diagnostics_channel:328:14)","timestamp":"2025-12-14 18:07:41","trace":[{"column":12,"file":"/app/node_modules/ts-node/src/index.ts","function":"createTSError","line":859,"method":null,"native":false},{"column":19,"file":"/app/node_modules/ts-node/src/index.ts","function":"reportTSError","line":863,"method":null,"native":false},{"column":36,"file":"/app/node_modules/ts-node/src/index.ts","function":"getOutput","line":1077,"method":null,"native":false},{"column":41,"file":"/app/node_modules/ts-node/src/index.ts","function":"Object.compile","line":1433,"method":"compile","native":false},{"column":30,"file":"/app/node_modules/ts-node/src/index.ts","function":"Module.m._compile","line":1617,"method":"_compile","native":false},{"column":10,"file":"node:internal/modules/cjs/loader","function":null,"line":1839,"method":null,"native":false},{"column":12,"file":"/app/node_modules/ts-node/src/index.ts","function":"Object.require.extensions.<computed> [as .ts]","line":1621,"method":"ts]","native":false},{"column":32,"file":"node:internal/modules/cjs/loader","function":"Module.load","line":1441,"method":"load","native":false},{"column":12,"file":"node:internal/modules/cjs/loader","function":"Function._load","line":1263,"method":"_load","native":false},{"column":14,"file":"node:diagnostics_channel","function":"TracingChannel.traceSync","line":328,"method":"traceSync","native":false}]}
{"date":"Sun Dec 14 2025 18:12:58 GMT+0000 (Coordinated Universal Time)","error":{"diagnosticCodes":[2307]},"exception":true,"level":"error","message":"uncaughtException: ⨯ Unable to compile TypeScript:\nsrc/jobs/queues/email.queue.ts(1,23): error TS2307: Cannot find module 'bullmq' or its corresponding type declarations.\n\nTSError: ⨯ Unable to compile TypeScript:\nsrc/jobs/queues/email.queue.ts(1,23): error TS2307: Cannot find module 'bullmq' or its corresponding type declarations.\n\n    at createTSError (/app/node_modules/ts-node/src/index.ts:859:12)\n    at reportTSError (/app/node_modules/ts-node/src/index.ts:863:19)\n    at getOutput (/app/node_modules/ts-node/src/index.ts:1077:36)\n    at Object.compile (/app/node_modules/ts-node/src/index.ts:1433:41)\n    at Module.m._compile (/app/node_modules/ts-node/src/index.ts:1617:30)\n    at node:internal/modules/cjs/loader:1839:10\n    at Object.require.extensions.<computed> [as .ts] (/app/node_modules/ts-node/src/index.ts:1621:12)\n    at Module.load (node:internal/modules/cjs/loader:1441:32)\n    at Function._load (node:internal/modules/cjs/loader:1263:12)\n    at TracingChannel.traceSync (node:diagnostics_channel:328:14)","os":{"loadavg":[1.17,1.2,1.4],"uptime":18119.97},"process":{"argv":["/app/node_modules/ts-node/dist/bin.js","/app/src/index.ts"],"cwd":"/app","execPath":"/usr/local/bin/node","gid":0,"memoryUsage":{"arrayBuffers":5020988,"external":8143210,"heapTotal":315752448,"heapUsed":283069888,"rss":405069824},"pid":1856,"uid":0,"version":"v22.21.1"},"stack":"TSError: ⨯ Unable to compile TypeScript:\nsrc/jobs/queues/email.queue.ts(1,23): error TS2307: Cannot find module 'bullmq' or its corresponding type declarations.\n\n    at createTSError (/app/node_modules/ts-node/src/index.ts:859:12)\n    at reportTSError (/app/node_modules/ts-node/src/index.ts:863:19)\n    at getOutput (/app/node_modules/ts-node/src/index.ts:1077:36)\n    at Object.compile (/app/node_modules/ts-node/src/index.ts:1433:41)\n    at Module.m._compile (/app/node_modules/ts-node/src/index.ts:1617:30)\n    at node:internal/modules/cjs/loader:1839:10\n    at Object.require.extensions.<computed> [as .ts] (/app/node_modules/ts-node/src/index.ts:1621:12)\n    at Module.load (node:internal/modules/cjs/loader:1441:32)\n    at Function._load (node:internal/modules/cjs/loader:1263:12)\n    at TracingChannel.traceSync (node:diagnostics_channel:328:14)","timestamp":"2025-12-14 18:12:58","trace":[{"column":12,"file":"/app/node_modules/ts-node/src/index.ts","function":"createTSError","line":859,"method":null,"native":false},{"column":19,"file":"/app/node_modules/ts-node/src/index.ts","function":"reportTSError","line":863,"method":null,"native":false},{"column":36,"file":"/app/node_modules/ts-node/src/index.ts","function":"getOutput","line":1077,"method":null,"native":false},{"column":41,"file":"/app/node_modules/ts-node/src/index.ts","function":"Object.compile","line":1433,"method":"compile","native":false},{"column":30,"file":"/app/node_modules/ts-node/src/index.ts","function":"Module.m._compile","line":1617,"method":"_compile","native":false},{"column":10,"file":"node:internal/modules/cjs/loader","function":null,"line":1839,"method":null,"native":false},{"column":12,"file":"/app/node_modules/ts-node/src/index.ts","function":"Object.require.extensions.<computed> [as .ts]","line":1621,"method":"ts]","native":false},{"column":32,"file":"node:internal/modules/cjs/loader","function":"Module.load","line":1441,"method":"load","native":false},{"column":12,"file":"node:internal/modules/cjs/loader","function":"Function._load","line":1263,"method":"_load","native":false},{"column":14,"file":"node:diagnostics_channel","function":"TracingChannel.traceSync","line":328,"method":"traceSync","native":false}]}
{"date":"Sun Dec 14 2025 18:12:58 GMT+0000 (Coordinated Universal Time)","error":{"diagnosticCodes":[2307]},"exception":true,"level":"error","message":"uncaughtException: ⨯ Unable to compile TypeScript:\nsrc/jobs/queues/email.queue.ts(1,23): error TS2307: Cannot find module 'bullmq' or its corresponding type declarations.\n\nTSError: ⨯ Unable to compile TypeScript:\nsrc/jobs/queues/email.queue.ts(1,23): error TS2307: Cannot find module 'bullmq' or its corresponding type declarations.\n\n    at createTSError (/app/node_modules/ts-node/src/index.ts:859:12)\n    at reportTSError (/app/node_modules/ts-node/src/index.ts:863:19)\n    at getOutput (/app/node_modules/ts-node/src/index.ts:1077:36)\n    at Object.compile (/app/node_modules/ts-node/src/index.ts:1433:41)\n    at Module.m._compile (/app/node_modules/ts-node/src/index.ts:1617:30)\n    at node:internal/modules/cjs/loader:1839:10\n    at Object.require.extensions.<computed> [as .ts] (/app/node_modules/ts-node/src/index.ts:1621:12)\n    at Module.load (node:internal/modules/cjs/loader:1441:32)\n    at Function._load (node:internal/modules/cjs/loader:1263:12)\n    at TracingChannel.traceSync (node:diagnostics_channel:328:14)","os":{"loadavg":[1.17,1.2,1.4],"uptime":18119.97},"process":{"argv":["/app/node_modules/ts-node/dist/bin.js","/app/src/index.ts"],"cwd":"/app","execPath":"/usr/local/bin/node","gid":0,"memoryUsage":{"arrayBuffers":5020988,"external":8143210,"heapTotal":315752448,"heapUsed":283069888,"rss":405069824},"pid":1856,"uid":0,"version":"v22.21.1"},"stack":"TSError: ⨯ Unable to compile TypeScript:\nsrc/jobs/queues/email.queue.ts(1,23): error TS2307: Cannot find module 'bullmq' or its corresponding type declarations.\n\n    at createTSError (/app/node_modules/ts-node/src/index.ts:859:12)\n    at reportTSError (/app/node_modules/ts-node/src/index.ts:863:19)\n    at getOutput (/app/node_modules/ts-node/src/index.ts:1077:36)\n    at Object.compile (/app/node_modules/ts-node/src/index.ts:1433:41)\n    at Module.m._compile (/app/node_modules/ts-node/src/index.ts:1617:30)\n    at node:internal/modules/cjs/loader:1839:10\n    at Object.require.extensions.<computed> [as .ts] (/app/node_modules/ts-node/src/index.ts:1621:12)\n    at Module.load (node:internal/modules/cjs/loader:1441:32)\n    at Function._load (node:internal/modules/cjs/loader:1263:12)\n    at TracingChannel.traceSync (node:diagnostics_channel:328:14)","timestamp":"2025-12-14 18:12:58","trace":[{"column":12,"file":"/app/node_modules/ts-node/src/index.ts","function":"createTSError","line":859,"method":null,"native":false},{"column":19,"file":"/app/node_modules/ts-node/src/index.ts","function":"reportTSError","line":863,"method":null,"native":false},{"column":36,"file":"/app/node_modules/ts-node/src/index.ts","function":"getOutput","line":1077,"method":null,"native":false},{"column":41,"file":"/app/node_modules/ts-node/src/index.ts","function":"Object.compile","line":1433,"method":"compile","native":false},{"column":30,"file":"/app/node_modules/ts-node/src/index.ts","function":"Module.m._compile","line":1617,"method":"_compile","native":false},{"column":10,"file":"node:internal/modules/cjs/loader","function":null,"line":1839,"method":null,"native":false},{"column":12,"file":"/app/node_modules/ts-node/src/index.ts","function":"Object.require.extensions.<computed> [as .ts]","line":1621,"method":"ts]","native":false},{"column":32,"file":"node:internal/modules/cjs/loader","function":"Module.load","line":1441,"method":"load","native":false},{"column":12,"file":"node:internal/modules/cjs/loader","function":"Function._load","line":1263,"method":"_load","native":false},{"column":14,"file":"node:diagnostics_channel","function":"TracingChannel.traceSync","line":328,"method":"traceSync","native":false}]}
{"date":"Sun Dec 14 2025 18:13:04 GMT+0000 (Coordinated Universal Time)","error":{"diagnosticCodes":[2307]},"exception":true,"level":"error","message":"uncaughtException: ⨯ Unable to compile TypeScript:\nsrc/jobs/queues/email.queue.ts(1,23): error TS2307: Cannot find module 'bullmq' or its corresponding type declarations.\n\nTSError: ⨯ Unable to compile TypeScript:\nsrc/jobs/queues/email.queue.ts(1,23): error TS2307: Cannot find module 'bullmq' or its corresponding type declarations.\n\n    at createTSError (/app/node_modules/ts-node/src/index.ts:859:12)\n    at reportTSError (/app/node_modules/ts-node/src/index.ts:863:19)\n    at getOutput (/app/node_modules/ts-node/src/index.ts:1077:36)\n    at Object.compile (/app/node_modules/ts-node/src/index.ts:1433:41)\n    at Module.m._compile (/app/node_modules/ts-node/src/index.ts:1617:30)\n    at node:internal/modules/cjs/loader:1839:10\n    at Object.require.extensions.<computed> [as .ts] (/app/node_modules/ts-node/src/index.ts:1621:12)\n    at Module.load (node:internal/modules/cjs/loader:1441:32)\n    at Function._load (node:internal/modules/cjs/loader:1263:12)\n    at TracingChannel.traceSync (node:diagnostics_channel:328:14)","os":{"loadavg":[1.55,1.28,1.42],"uptime":18126.63},"process":{"argv":["/app/node_modules/ts-node/dist/bin.js","/app/src/index.ts"],"cwd":"/app","execPath":"/usr/local/bin/node","gid":0,"memoryUsage":{"arrayBuffers":5020932,"external":8143154,"heapTotal":315490304,"heapUsed":282375064,"rss":404881408},"pid":1877,"uid":0,"version":"v22.21.1"},"stack":"TSError: ⨯ Unable to compile TypeScript:\nsrc/jobs/queues/email.queue.ts(1,23): error TS2307: Cannot find module 'bullmq' or its corresponding type declarations.\n\n    at createTSError (/app/node_modules/ts-node/src/index.ts:859:12)\n    at reportTSError (/app/node_modules/ts-node/src/index.ts:863:19)\n    at getOutput (/app/node_modules/ts-node/src/index.ts:1077:36)\n    at Object.compile (/app/node_modules/ts-node/src/index.ts:1433:41)\n    at Module.m._compile (/app/node_modules/ts-node/src/index.ts:1617:30)\n    at node:internal/modules/cjs/loader:1839:10\n    at Object.require.extensions.<computed> [as .ts] (/app/node_modules/ts-node/src/index.ts:1621:12)\n    at Module.load (node:internal/modules/cjs/loader:1441:32)\n    at Function._load (node:internal/modules/cjs/loader:1263:12)\n    at TracingChannel.traceSync (node:diagnostics_channel:328:14)","timestamp":"2025-12-14 18:13:04","trace":[{"column":12,"file":"/app/node_modules/ts-node/src/index.ts","function":"createTSError","line":859,"method":null,"native":false},{"column":19,"file":"/app/node_modules/ts-node/src/index.ts","function":"reportTSError","line":863,"method":null,"native":false},{"column":36,"file":"/app/node_modules/ts-node/src/index.ts","function":"getOutput","line":1077,"method":null,"native":false},{"column":41,"file":"/app/node_modules/ts-node/src/index.ts","function":"Object.compile","line":1433,"method":"compile","native":false},{"column":30,"file":"/app/node_modules/ts-node/src/index.ts","function":"Module.m._compile","line":1617,"method":"_compile","native":false},{"column":10,"file":"node:internal/modules/cjs/loader","function":null,"line":1839,"method":null,"native":false},{"column":12,"file":"/app/node_modules/ts-node/src/index.ts","function":"Object.require.extensions.<computed> [as .ts]","line":1621,"method":"ts]","native":false},{"column":32,"file":"node:internal/modules/cjs/loader","function":"Module.load","line":1441,"method":"load","native":false},{"column":12,"file":"node:internal/modules/cjs/loader","function":"Function._load","line":1263,"method":"_load","native":false},{"column":14,"file":"node:diagnostics_channel","function":"TracingChannel.traceSync","line":328,"method":"traceSync","native":false}]}
{"date":"Sun Dec 14 2025 18:13:04 GMT+0000 (Coordinated Universal Time)","error":{"diagnosticCodes":[2307]},"exception":true,"level":"error","message":"uncaughtException: ⨯ Unable to compile TypeScript:\nsrc/jobs/queues/email.queue.ts(1,23): error TS2307: Cannot find module 'bullmq' or its corresponding type declarations.\n\nTSError: ⨯ Unable to compile TypeScript:\nsrc/jobs/queues/email.queue.ts(1,23): error TS2307: Cannot find module 'bullmq' or its corresponding type declarations.\n\n    at createTSError (/app/node_modules/ts-node/src/index.ts:859:12)\n    at reportTSError (/app/node_modules/ts-node/src/index.ts:863:19)\n    at getOutput (/app/node_modules/ts-node/src/index.ts:1077:36)\n    at Object.compile (/app/node_modules/ts-node/src/index.ts:1433:41)\n    at Module.m._compile (/app/node_modules/ts-node/src/index.ts:1617:30)\n    at node:internal/modules/cjs/loader:1839:10\n    at Object.require.extensions.<computed> [as .ts] (/app/node_modules/ts-node/src/index.ts:1621:12)\n    at Module.load (node:internal/modules/cjs/loader:1441:32)\n    at Function._load (node:internal/modules/cjs/loader:1263:12)\n    at TracingChannel.traceSync (node:diagnostics_channel:328:14)","os":{"loadavg":[1.55,1.28,1.42],"uptime":18126.63},"process":{"argv":["/app/node_modules/ts-node/dist/bin.js","/app/src/index.ts"],"cwd":"/app","execPath":"/usr/local/bin/node","gid":0,"memoryUsage":{"arrayBuffers":5020932,"external":8143154,"heapTotal":315490304,"heapUsed":282375064,"rss":404881408},"pid":1877,"uid":0,"version":"v22.21.1"},"stack":"TSError: ⨯ Unable to compile TypeScript:\nsrc/jobs/queues/email.queue.ts(1,23): error TS2307: Cannot find module 'bullmq' or its corresponding type declarations.\n\n    at createTSError (/app/node_modules/ts-node/src/index.ts:859:12)\n    at reportTSError (/app/node_modules/ts-node/src/index.ts:863:19)\n    at getOutput (/app/node_modules/ts-node/src/index.ts:1077:36)\n    at Object.compile (/app/node_modules/ts-node/src/index.ts:1433:41)\n    at Module.m._compile (/app/node_modules/ts-node/src/index.ts:1617:30)\n    at node:internal/modules/cjs/loader:1839:10\n    at Object.require.extensions.<computed> [as .ts] (/app/node_modules/ts-node/src/index.ts:1621:12)\n    at Module.load (node:internal/modules/cjs/loader:1441:32)\n    at Function._load (node:internal/modules/cjs/loader:1263:12)\n    at TracingChannel.traceSync (node:diagnostics_channel:328:14)","timestamp":"2025-12-14 18:13:04","trace":[{"column":12,"file":"/app/node_modules/ts-node/src/index.ts","function":"createTSError","line":859,"method":null,"native":false},{"column":19,"file":"/app/node_modules/ts-node/src/index.ts","function":"reportTSError","line":863,"method":null,"native":false},{"column":36,"file":"/app/node_modules/ts-node/src/index.ts","function":"getOutput","line":1077,"method":null,"native":false},{"column":41,"file":"/app/node_modules/ts-node/src/index.ts","function":"Object.compile","line":1433,"method":"compile","native":false},{"column":30,"file":"/app/node_modules/ts-node/src/index.ts","function":"Module.m._compile","line":1617,"method":"_compile","native":false},{"column":10,"file":"node:internal/modules/cjs/loader","function":null,"line":1839,"method":null,"native":false},{"column":12,"file":"/app/node_modules/ts-node/src/index.ts","function":"Object.require.extensions.<computed> [as .ts]","line":1621,"method":"ts]","native":false},{"column":32,"file":"node:internal/modules/cjs/loader","function":"Module.load","line":1441,"method":"load","native":false},{"column":12,"file":"node:internal/modules/cjs/loader","function":"Function._load","line":1263,"method":"_load","native":false},{"column":14,"file":"node:diagnostics_channel","function":"TracingChannel.traceSync","line":328,"method":"traceSync","native":false}]}
{"date":"Sun Dec 14 2025 18:13:38 GMT+0000 (Coordinated Universal Time)","error":{"diagnosticCodes":[2307]},"exception":true,"level":"error","message":"uncaughtException: ⨯ Unable to compile TypeScript:\nsrc/jobs/queues/email.queue.ts(1,23): error TS2307: Cannot find module 'bullmq' or its corresponding type declarations.\n\nTSError: ⨯ Unable to compile TypeScript:\nsrc/jobs/queues/email.queue.ts(1,23): error TS2307: Cannot find module 'bullmq' or its corresponding type declarations.\n\n    at createTSError (/app/node_modules/ts-node/src/index.ts:859:12)\n    at reportTSError (/app/node_modules/ts-node/src/index.ts:863:19)\n    at getOutput (/app/node_modules/ts-node/src/index.ts:1077:36)\n    at Object.compile (/app/node_modules/ts-node/src/index.ts:1433:41)\n    at Module.m._compile (/app/node_modules/ts-node/src/index.ts:1617:30)\n    at node:internal/modules/cjs/loader:1839:10\n    at Object.require.extensions.<computed> [as .ts] (/app/node_modules/ts-node/src/index.ts:1621:12)\n    at Module.load (node:internal/modules/cjs/loader:1441:32)\n    at Function._load (node:internal/modules/cjs/loader:1263:12)\n    at TracingChannel.traceSync (node:diagnostics_channel:328:14)","os":{"loadavg":[1.14,1.21,1.4],"uptime":18160.09},"process":{"argv":["/app/node_modules/ts-node/dist/bin.js","/app/src/index.ts"],"cwd":"/app","execPath":"/usr/local/bin/node","gid":0,"memoryUsage":{"arrayBuffers":5049289,"external":8171511,"heapTotal":317587456,"heapUsed":282544544,"rss":406429696},"pid":1898,"uid":0,"version":"v22.21.1"},"stack":"TSError: ⨯ Unable to compile TypeScript:\nsrc/jobs/queues/email.queue.ts(1,23): error TS2307: Cannot find module 'bullmq' or its corresponding type declarations.\n\n    at createTSError (/app/node_modules/ts-node/src/index.ts:859:12)\n    at reportTSError (/app/node_modules/ts-node/src/index.ts:863:19)\n    at getOutput (/app/node_modules/ts-node/src/index.ts:1077:36)\n    at Object.compile (/app/node_modules/ts-node/src/index.ts:1433:41)\n    at Module.m._compile (/app/node_modules/ts-node/src/index.ts:1617:30)\n    at node:internal/modules/cjs/loader:1839:10\n    at Object.require.extensions.<computed> [as .ts] (/app/node_modules/ts-node/src/index.ts:1621:12)\n    at Module.load (node:internal/modules/cjs/loader:1441:32)\n    at Function._load (node:internal/modules/cjs/loader:1263:12)\n    at TracingChannel.traceSync (node:diagnostics_channel:328:14)","timestamp":"2025-12-14 18:13:38","trace":[{"column":12,"file":"/app/node_modules/ts-node/src/index.ts","function":"createTSError","line":859,"method":null,"native":false},{"column":19,"file":"/app/node_modules/ts-node/src/index.ts","function":"reportTSError","line":863,"method":null,"native":false},{"column":36,"file":"/app/node_modules/ts-node/src/index.ts","function":"getOutput","line":1077,"method":null,"native":false},{"column":41,"file":"/app/node_modules/ts-node/src/index.ts","function":"Object.compile","line":1433,"method":"compile","native":false},{"column":30,"file":"/app/node_modules/ts-node/src/index.ts","function":"Module.m._compile","line":1617,"method":"_compile","native":false},{"column":10,"file":"node:internal/modules/cjs/loader","function":null,"line":1839,"method":null,"native":false},{"column":12,"file":"/app/node_modules/ts-node/src/index.ts","function":"Object.require.extensions.<computed> [as .ts]","line":1621,"method":"ts]","native":false},{"column":32,"file":"node:internal/modules/cjs/loader","function":"Module.load","line":1441,"method":"load","native":false},{"column":12,"file":"node:internal/modules/cjs/loader","function":"Function._load","line":1263,"method":"_load","native":false},{"column":14,"file":"node:diagnostics_channel","function":"TracingChannel.traceSync","line":328,"method":"traceSync","native":false}]}
{"date":"Sun Dec 14 2025 18:13:38 GMT+0000 (Coordinated Universal Time)","error":{"diagnosticCodes":[2307]},"exception":true,"level":"error","message":"uncaughtException: ⨯ Unable to compile TypeScript:\nsrc/jobs/queues/email.queue.ts(1,23): error TS2307: Cannot find module 'bullmq' or its corresponding type declarations.\n\nTSError: ⨯ Unable to compile TypeScript:\nsrc/jobs/queues/email.queue.ts(1,23): error TS2307: Cannot find module 'bullmq' or its corresponding type declarations.\n\n    at createTSError (/app/node_modules/ts-node/src/index.ts:859:12)\n    at reportTSError (/app/node_modules/ts-node/src/index.ts:863:19)\n    at getOutput (/app/node_modules/ts-node/src/index.ts:1077:36)\n    at Object.compile (/app/node_modules/ts-node/src/index.ts:1433:41)\n    at Module.m._compile (/app/node_modules/ts-node/src/index.ts:1617:30)\n    at node:internal/modules/cjs/loader:1839:10\n    at Object.require.extensions.<computed> [as .ts] (/app/node_modules/ts-node/src/index.ts:1621:12)\n    at Module.load (node:internal/modules/cjs/loader:1441:32)\n    at Function._load (node:internal/modules/cjs/loader:1263:12)\n    at TracingChannel.traceSync (node:diagnostics_channel:328:14)","os":{"loadavg":[1.14,1.21,1.4],"uptime":18160.09},"process":{"argv":["/app/node_modules/ts-node/dist/bin.js","/app/src/index.ts"],"cwd":"/app","execPath":"/usr/local/bin/node","gid":0,"memoryUsage":{"arrayBuffers":5049289,"external":8171511,"heapTotal":317587456,"heapUsed":282544544,"rss":406429696},"pid":1898,"uid":0,"version":"v22.21.1"},"stack":"TSError: ⨯ Unable to compile TypeScript:\nsrc/jobs/queues/email.queue.ts(1,23): error TS2307: Cannot find module 'bullmq' or its corresponding type declarations.\n\n    at createTSError (/app/node_modules/ts-node/src/index.ts:859:12)\n    at reportTSError (/app/node_modules/ts-node/src/index.ts:863:19)\n    at getOutput (/app/node_modules/ts-node/src/index.ts:1077:36)\n    at Object.compile (/app/node_modules/ts-node/src/index.ts:1433:41)\n    at Module.m._compile (/app/node_modules/ts-node/src/index.ts:1617:30)\n    at node:internal/modules/cjs/loader:1839:10\n    at Object.require.extensions.<computed> [as .ts] (/app/node_modules/ts-node/src/index.ts:1621:12)\n    at Module.load (node:internal/modules/cjs/loader:1441:32)\n    at Function._load (node:internal/modules/cjs/loader:1263:12)\n    at TracingChannel.traceSync (node:diagnostics_channel:328:14)","timestamp":"2025-12-14 18:13:38","trace":[{"column":12,"file":"/app/node_modules/ts-node/src/index.ts","function":"createTSError","line":859,"method":null,"native":false},{"column":19,"file":"/app/node_modules/ts-node/src/index.ts","function":"reportTSError","line":863,"method":null,"native":false},{"column":36,"file":"/app/node_modules/ts-node/src/index.ts","function":"getOutput","line":1077,"method":null,"native":false},{"column":41,"file":"/app/node_modules/ts-node/src/index.ts","function":"Object.compile","line":1433,"method":"compile","native":false},{"column":30,"file":"/app/node_modules/ts-node/src/index.ts","function":"Module.m._compile","line":1617,"method":"_compile","native":false},{"column":10,"file":"node:internal/modules/cjs/loader","function":null,"line":1839,"method":null,"native":false},{"column":12,"file":"/app/node_modules/ts-node/src/index.ts","function":"Object.require.extensions.<computed> [as .ts]","line":1621,"method":"ts]","native":false},{"column":32,"file":"node:internal/modules/cjs/loader","function":"Module.load","line":1441,"method":"load","native":false},{"column":12,"file":"node:internal/modules/cjs/loader","function":"Function._load","line":1263,"method":"_load","native":false},{"column":14,"file":"node:diagnostics_channel","function":"TracingChannel.traceSync","line":328,"method":"traceSync","native":false}]}
{"date":"Sun Dec 14 2025 18:14:05 GMT+0000 (Coordinated Universal Time)","error":{"diagnosticCodes":[2307]},"exception":true,"level":"error","message":"uncaughtException: ⨯ Unable to compile TypeScript:\nsrc/jobs/queues/email.queue.ts(1,23): error TS2307: Cannot find module 'bullmq' or its corresponding type declarations.\n\nTSError: ⨯ Unable to compile TypeScript:\nsrc/jobs/queues/email.queue.ts(1,23): error TS2307: Cannot find module 'bullmq' or its corresponding type declarations.\n\n    at createTSError (/app/node_modules/ts-node/src/index.ts:859:12)\n    at reportTSError (/app/node_modules/ts-node/src/index.ts:863:19)\n    at getOutput (/app/node_modules/ts-node/src/index.ts:1077:36)\n    at Object.compile (/app/node_modules/ts-node/src/index.ts:1433:41)\n    at Module.m._compile (/app/node_modules/ts-node/src/index.ts:1617:30)\n    at node:internal/modules/cjs/loader:1839:10\n    at Object.require.extensions.<computed> [as .ts] (/app/node_modules/ts-node/src/index.ts:1621:12)\n    at Module.load (node:internal/modules/cjs/loader:1441:32)\n    at Function._load (node:internal/modules/cjs/loader:1263:12)\n    at TracingChannel.traceSync (node:diagnostics_channel:328:14)","os":{"loadavg":[0.83,1.13,1.36],"uptime":18187.19},"process":{"argv":["/app/node_modules/ts-node/dist/bin.js","/app/src/index.ts"],"cwd":"/app","execPath":"/usr/local/bin/node","gid":0,"memoryUsage":{"arrayBuffers":5037340,"external":8159562,"heapTotal":316276736,"heapUsed":282930480,"rss":404582400},"pid":1919,"uid":0,"version":"v22.21.1"},"stack":"TSError: ⨯ Unable to compile TypeScript:\nsrc/jobs/queues/email.queue.ts(1,23): error TS2307: Cannot find module 'bullmq' or its corresponding type declarations.\n\n    at createTSError (/app/node_modules/ts-node/src/index.ts:859:12)\n    at reportTSError (/app/node_modules/ts-node/src/index.ts:863:19)\n    at getOutput (/app/node_modules/ts-node/src/index.ts:1077:36)\n    at Object.compile (/app/node_modules/ts-node/src/index.ts:1433:41)\n    at Module.m._compile (/app/node_modules/ts-node/src/index.ts:1617:30)\n    at node:internal/modules/cjs/loader:1839:10\n    at Object.require.extensions.<computed> [as .ts] (/app/node_modules/ts-node/src/index.ts:1621:12)\n    at Module.load (node:internal/modules/cjs/loader:1441:32)\n    at Function._load (node:internal/modules/cjs/loader:1263:12)\n    at TracingChannel.traceSync (node:diagnostics_channel:328:14)","timestamp":"2025-12-14 18:14:05","trace":[{"column":12,"file":"/app/node_modules/ts-node/src/index.ts","function":"createTSError","line":859,"method":null,"native":false},{"column":19,"file":"/app/node_modules/ts-node/src/index.ts","function":"reportTSError","line":863,"method":null,"native":false},{"column":36,"file":"/app/node_modules/ts-node/src/index.ts","function":"getOutput","line":1077,"method":null,"native":false},{"column":41,"file":"/app/node_modules/ts-node/src/index.ts","function":"Object.compile","line":1433,"method":"compile","native":false},{"column":30,"file":"/app/node_modules/ts-node/src/index.ts","function":"Module.m._compile","line":1617,"method":"_compile","native":false},{"column":10,"file":"node:internal/modules/cjs/loader","function":null,"line":1839,"method":null,"native":false},{"column":12,"file":"/app/node_modules/ts-node/src/index.ts","function":"Object.require.extensions.<computed> [as .ts]","line":1621,"method":"ts]","native":false},{"column":32,"file":"node:internal/modules/cjs/loader","function":"Module.load","line":1441,"method":"load","native":false},{"column":12,"file":"node:internal/modules/cjs/loader","function":"Function._load","line":1263,"method":"_load","native":false},{"column":14,"file":"node:diagnostics_channel","function":"TracingChannel.traceSync","line":328,"method":"traceSync","native":false}]}
{"date":"Sun Dec 14 2025 18:14:05 GMT+0000 (Coordinated Universal Time)","error":{"diagnosticCodes":[2307]},"exception":true,"level":"error","message":"uncaughtException: ⨯ Unable to compile TypeScript:\nsrc/jobs/queues/email.queue.ts(1,23): error TS2307: Cannot find module 'bullmq' or its corresponding type declarations.\n\nTSError: ⨯ Unable to compile TypeScript:\nsrc/jobs/queues/email.queue.ts(1,23): error TS2307: Cannot find module 'bullmq' or its corresponding type declarations.\n\n    at createTSError (/app/node_modules/ts-node/src/index.ts:859:12)\n    at reportTSError (/app/node_modules/ts-node/src/index.ts:863:19)\n    at getOutput (/app/node_modules/ts-node/src/index.ts:1077:36)\n    at Object.compile (/app/node_modules/ts-node/src/index.ts:1433:41)\n    at Module.m._compile (/app/node_modules/ts-node/src/index.ts:1617:30)\n    at node:internal/modules/cjs/loader:1839:10\n    at Object.require.extensions.<computed> [as .ts] (/app/node_modules/ts-node/src/index.ts:1621:12)\n    at Module.load (node:internal/modules/cjs/loader:1441:32)\n    at Function._load (node:internal/modules/cjs/loader:1263:12)\n    at TracingChannel.traceSync (node:diagnostics_channel:328:14)","os":{"loadavg":[0.83,1.13,1.36],"uptime":18187.19},"process":{"argv":["/app/node_modules/ts-node/dist/bin.js","/app/src/index.ts"],"cwd":"/app","execPath":"/usr/local/bin/node","gid":0,"memoryUsage":{"arrayBuffers":5037340,"external":8159562,"heapTotal":316276736,"heapUsed":282930480,"rss":404582400},"pid":1919,"uid":0,"version":"v22.21.1"},"stack":"TSError: ⨯ Unable to compile TypeScript:\nsrc/jobs/queues/email.queue.ts(1,23): error TS2307: Cannot find module 'bullmq' or its corresponding type declarations.\n\n    at createTSError (/app/node_modules/ts-node/src/index.ts:859:12)\n    at reportTSError (/app/node_modules/ts-node/src/index.ts:863:19)\n    at getOutput (/app/node_modules/ts-node/src/index.ts:1077:36)\n    at Object.compile (/app/node_modules/ts-node/src/index.ts:1433:41)\n    at Module.m._compile (/app/node_modules/ts-node/src/index.ts:1617:30)\n    at node:internal/modules/cjs/loader:1839:10\n    at Object.require.extensions.<computed> [as .ts] (/app/node_modules/ts-node/src/index.ts:1621:12)\n    at Module.load (node:internal/modules/cjs/loader:1441:32)\n    at Function._load (node:internal/modules/cjs/loader:1263:12)\n    at TracingChannel.traceSync (node:diagnostics_channel:328:14)","timestamp":"2025-12-14 18:14:05","trace":[{"column":12,"file":"/app/node_modules/ts-node/src/index.ts","function":"createTSError","line":859,"method":null,"native":false},{"column":19,"file":"/app/node_modules/ts-node/src/index.ts","function":"reportTSError","line":863,"method":null,"native":false},{"column":36,"file":"/app/node_modules/ts-node/src/index.ts","function":"getOutput","line":1077,"method":null,"native":false},{"column":41,"file":"/app/node_modules/ts-node/src/index.ts","function":"Object.compile","line":1433,"method":"compile","native":false},{"column":30,"file":"/app/node_modules/ts-node/src/index.ts","function":"Module.m._compile","line":1617,"method":"_compile","native":false},{"column":10,"file":"node:internal/modules/cjs/loader","function":null,"line":1839,"method":null,"native":false},{"column":12,"file":"/app/node_modules/ts-node/src/index.ts","function":"Object.require.extensions.<computed> [as .ts]","line":1621,"method":"ts]","native":false},{"column":32,"file":"node:internal/modules/cjs/loader","function":"Module.load","line":1441,"method":"load","native":false},{"column":12,"file":"node:internal/modules/cjs/loader","function":"Function._load","line":1263,"method":"_load","native":false},{"column":14,"file":"node:diagnostics_channel","function":"TracingChannel.traceSync","line":328,"method":"traceSync","native":false}]}
{"date":"Sun Dec 14 2025 18:14:44 GMT+0000 (Coordinated Universal Time)","error":{"diagnosticCodes":[2307]},"exception":true,"level":"error","message":"uncaughtException: ⨯ Unable to compile TypeScript:\nsrc/jobs/queues/email.queue.ts(1,23): error TS2307: Cannot find module 'bullmq' or its corresponding type declarations.\n\nTSError: ⨯ Unable to compile TypeScript:\nsrc/jobs/queues/email.queue.ts(1,23): error TS2307: Cannot find module 'bullmq' or its corresponding type declarations.\n\n    at createTSError (/app/node_modules/ts-node/src/index.ts:859:12)\n    at reportTSError (/app/node_modules/ts-node/src/index.ts:863:19)\n    at getOutput (/app/node_modules/ts-node/src/index.ts:1077:36)\n    at Object.compile (/app/node_modules/ts-node/src/index.ts:1433:41)\n    at Module.m._compile (/app/node_modules/ts-node/src/index.ts:1617:30)\n    at node:internal/modules/cjs/loader:1839:10\n    at Object.require.extensions.<computed> [as .ts] (/app/node_modules/ts-node/src/index.ts:1621:12)\n    at Module.load (node:internal/modules/cjs/loader:1441:32)\n    at Function._load (node:internal/modules/cjs/loader:1263:12)\n    at TracingChannel.traceSync (node:diagnostics_channel:328:14)","os":{"loadavg":[1.76,1.29,1.41],"uptime":18226.04},"process":{"argv":["/app/node_modules/ts-node/dist/bin.js","/app/src/index.ts"],"cwd":"/app","execPath":"/usr/local/bin/node","gid":0,"memoryUsage":{"arrayBuffers":5077342,"external":8199564,"heapTotal":317063168,"heapUsed":283038584,"rss":406786048},"pid":1940,"uid":0,"version":"v22.21.1"},"stack":"TSError: ⨯ Unable to compile TypeScript:\nsrc/jobs/queues/email.queue.ts(1,23): error TS2307: Cannot find module 'bullmq' or its corresponding type declarations.\n\n    at createTSError (/app/node_modules/ts-node/src/index.ts:859:12)\n    at reportTSError (/app/node_modules/ts-node/src/index.ts:863:19)\n    at getOutput (/app/node_modules/ts-node/src/index.ts:1077:36)\n    at Object.compile (/app/node_modules/ts-node/src/index.ts:1433:41)\n    at Module.m._compile (/app/node_modules/ts-node/src/index.ts:1617:30)\n    at node:internal/modules/cjs/loader:1839:10\n    at Object.require.extensions.<computed> [as .ts] (/app/node_modules/ts-node/src/index.ts:1621:12)\n    at Module.load (node:internal/modules/cjs/loader:1441:32)\n    at Function._load (node:internal/modules/cjs/loader:1263:12)\n    at TracingChannel.traceSync (node:diagnostics_channel:328:14)","timestamp":"2025-12-14 18:14:44","trace":[{"column":12,"file":"/app/node_modules/ts-node/src/index.ts","function":"createTSError","line":859,"method":null,"native":false},{"column":19,"file":"/app/node_modules/ts-node/src/index.ts","function":"reportTSError","line":863,"method":null,"native":false},{"column":36,"file":"/app/node_modules/ts-node/src/index.ts","function":"getOutput","line":1077,"method":null,"native":false},{"column":41,"file":"/app/node_modules/ts-node/src/index.ts","function":"Object.compile","line":1433,"method":"compile","native":false},{"column":30,"file":"/app/node_modules/ts-node/src/index.ts","function":"Module.m._compile","line":1617,"method":"_compile","native":false},{"column":10,"file":"node:internal/modules/cjs/loader","function":null,"line":1839,"method":null,"native":false},{"column":12,"file":"/app/node_modules/ts-node/src/index.ts","function":"Object.require.extensions.<computed> [as .ts]","line":1621,"method":"ts]","native":false},{"column":32,"file":"node:internal/modules/cjs/loader","function":"Module.load","line":1441,"method":"load","native":false},{"column":12,"file":"node:internal/modules/cjs/loader","function":"Function._load","line":1263,"method":"_load","native":false},{"column":14,"file":"node:diagnostics_channel","function":"TracingChannel.traceSync","line":328,"method":"traceSync","native":false}]}
{"date":"Sun Dec 14 2025 18:14:44 GMT+0000 (Coordinated Universal Time)","error":{"diagnosticCodes":[2307]},"exception":true,"level":"error","message":"uncaughtException: ⨯ Unable to compile TypeScript:\nsrc/jobs/queues/email.queue.ts(1,23): error TS2307: Cannot find module 'bullmq' or its corresponding type declarations.\n\nTSError: ⨯ Unable to compile TypeScript:\nsrc/jobs/queues/email.queue.ts(1,23): error TS2307: Cannot find module 'bullmq' or its corresponding type declarations.\n\n    at createTSError (/app/node_modules/ts-node/src/index.ts:859:12)\n    at reportTSError (/app/node_modules/ts-node/src/index.ts:863:19)\n    at getOutput (/app/node_modules/ts-node/src/index.ts:1077:36)\n    at Object.compile (/app/node_modules/ts-node/src/index.ts:1433:41)\n    at Module.m._compile (/app/node_modules/ts-node/src/index.ts:1617:30)\n    at node:internal/modules/cjs/loader:1839:10\n    at Object.require.extensions.<computed> [as .ts] (/app/node_modules/ts-node/src/index.ts:1621:12)\n    at Module.load (node:internal/modules/cjs/loader:1441:32)\n    at Function._load (node:internal/modules/cjs/loader:1263:12)\n    at TracingChannel.traceSync (node:diagnostics_channel:328:14)","os":{"loadavg":[1.76,1.29,1.41],"uptime":18226.04},"process":{"argv":["/app/node_modules/ts-node/dist/bin.js","/app/src/index.ts"],"cwd":"/app","execPath":"/usr/local/bin/node","gid":0,"memoryUsage":{"arrayBuffers":5077342,"external":8199564,"heapTotal":317063168,"heapUsed":283038584,"rss":406786048},"pid":1940,"uid":0,"version":"v22.21.1"},"stack":"TSError: ⨯ Unable to compile TypeScript:\nsrc/jobs/queues/email.queue.ts(1,23): error TS2307: Cannot find module 'bullmq' or its corresponding type declarations.\n\n    at createTSError (/app/node_modules/ts-node/src/index.ts:859:12)\n    at reportTSError (/app/node_modules/ts-node/src/index.ts:863:19)\n    at getOutput (/app/node_modules/ts-node/src/index.ts:1077:36)\n    at Object.compile (/app/node_modules/ts-node/src/index.ts:1433:41)\n    at Module.m._compile (/app/node_modules/ts-node/src/index.ts:1617:30)\n    at node:internal/modules/cjs/loader:1839:10\n    at Object.require.extensions.<computed> [as .ts] (/app/node_modules/ts-node/src/index.ts:1621:12)\n    at Module.load (node:internal/modules/cjs/loader:1441:32)\n    at Function._load (node:internal/modules/cjs/loader:1263:12)\n    at TracingChannel.traceSync (node:diagnostics_channel:328:14)","timestamp":"2025-12-14 18:14:44","trace":[{"column":12,"file":"/app/node_modules/ts-node/src/index.ts","function":"createTSError","line":859,"method":null,"native":false},{"column":19,"file":"/app/node_modules/ts-node/src/index.ts","function":"reportTSError","line":863,"method":null,"native":false},{"column":36,"file":"/app/node_modules/ts-node/src/index.ts","function":"getOutput","line":1077,"method":null,"native":false},{"column":41,"file":"/app/node_modules/ts-node/src/index.ts","function":"Object.compile","line":1433,"method":"compile","native":false},{"column":30,"file":"/app/node_modules/ts-node/src/index.ts","function":"Module.m._compile","line":1617,"method":"_compile","native":false},{"column":10,"file":"node:internal/modules/cjs/loader","function":null,"line":1839,"method":null,"native":false},{"column":12,"file":"/app/node_modules/ts-node/src/index.ts","function":"Object.require.extensions.<computed> [as .ts]","line":1621,"method":"ts]","native":false},{"column":32,"file":"node:internal/modules/cjs/loader","function":"Module.load","line":1441,"method":"load","native":false},{"column":12,"file":"node:internal/modules/cjs/loader","function":"Function._load","line":1263,"method":"_load","native":false},{"column":14,"file":"node:diagnostics_channel","function":"TracingChannel.traceSync","line":328,"method":"traceSync","native":false}]}
{"date":"Sun Dec 14 2025 18:14:50 GMT+0000 (Coordinated Universal Time)","error":{"diagnosticCodes":[2307]},"exception":true,"level":"error","message":"uncaughtException: ⨯ Unable to compile TypeScript:\nsrc/jobs/queues/email.queue.ts(1,23): error TS2307: Cannot find module 'bullmq' or its corresponding type declarations.\n\nTSError: ⨯ Unable to compile TypeScript:\nsrc/jobs/queues/email.queue.ts(1,23): error TS2307: Cannot find module 'bullmq' or its corresponding type declarations.\n\n    at createTSError (/app/node_modules/ts-node/src/index.ts:859:12)\n    at reportTSError (/app/node_modules/ts-node/src/index.ts:863:19)\n    at getOutput (/app/node_modules/ts-node/src/index.ts:1077:36)\n    at Object.compile (/app/node_modules/ts-node/src/index.ts:1433:41)\n    at Module.m._compile (/app/node_modules/ts-node/src/index.ts:1617:30)\n    at node:internal/modules/cjs/loader:1839:10\n    at Object.require.extensions.<computed> [as .ts] (/app/node_modules/ts-node/src/index.ts:1621:12)\n    at Module.load (node:internal/modules/cjs/loader:1441:32)\n    at Function._load (node:internal/modules/cjs/loader:1263:12)\n    at TracingChannel.traceSync (node:diagnostics_channel:328:14)","os":{"loadavg":[1.7,1.29,1.41],"uptime":18231.76},"process":{"argv":["/app/node_modules/ts-node/dist/bin.js","/app/src/index.ts"],"cwd":"/app","execPath":"/usr/local/bin/node","gid":0,"memoryUsage":{"arrayBuffers":5020980,"external":8143202,"heapTotal":316014592,"heapUsed":283209656,"rss":405266432},"pid":1961,"uid":0,"version":"v22.21.1"},"stack":"TSError: ⨯ Unable to compile TypeScript:\nsrc/jobs/queues/email.queue.ts(1,23): error TS2307: Cannot find module 'bullmq' or its corresponding type declarations.\n\n    at createTSError (/app/node_modules/ts-node/src/index.ts:859:12)\n    at reportTSError (/app/node_modules/ts-node/src/index.ts:863:19)\n    at getOutput (/app/node_modules/ts-node/src/index.ts:1077:36)\n    at Object.compile (/app/node_modules/ts-node/src/index.ts:1433:41)\n    at Module.m._compile (/app/node_modules/ts-node/src/index.ts:1617:30)\n    at node:internal/modules/cjs/loader:1839:10\n    at Object.require.extensions.<computed> [as .ts] (/app/node_modules/ts-node/src/index.ts:1621:12)\n    at Module.load (node:internal/modules/cjs/loader:1441:32)\n    at Function._load (node:internal/modules/cjs/loader:1263:12)\n    at TracingChannel.traceSync (node:diagnostics_channel:328:14)","timestamp":"2025-12-14 18:14:50","trace":[{"column":12,"file":"/app/node_modules/ts-node/src/index.ts","function":"createTSError","line":859,"method":null,"native":false},{"column":19,"file":"/app/node_modules/ts-node/src/index.ts","function":"reportTSError","line":863,"method":null,"native":false},{"column":36,"file":"/app/node_modules/ts-node/src/index.ts","function":"getOutput","line":1077,"method":null,"native":false},{"column":41,"file":"/app/node_modules/ts-node/src/index.ts","function":"Object.compile","line":1433,"method":"compile","native":false},{"column":30,"file":"/app/node_modules/ts-node/src/index.ts","function":"Module.m._compile","line":1617,"method":"_compile","native":false},{"column":10,"file":"node:internal/modules/cjs/loader","function":null,"line":1839,"method":null,"native":false},{"column":12,"file":"/app/node_modules/ts-node/src/index.ts","function":"Object.require.extensions.<computed> [as .ts]","line":1621,"method":"ts]","native":false},{"column":32,"file":"node:internal/modules/cjs/loader","function":"Module.load","line":1441,"method":"load","native":false},{"column":12,"file":"node:internal/modules/cjs/loader","function":"Function._load","line":1263,"method":"_load","native":false},{"column":14,"file":"node:diagnostics_channel","function":"TracingChannel.traceSync","line":328,"method":"traceSync","native":false}]}
{"date":"Sun Dec 14 2025 18:14:50 GMT+0000 (Coordinated Universal Time)","error":{"diagnosticCodes":[2307]},"exception":true,"level":"error","message":"uncaughtException: ⨯ Unable to compile TypeScript:\nsrc/jobs/queues/email.queue.ts(1,23): error TS2307: Cannot find module 'bullmq' or its corresponding type declarations.\n\nTSError: ⨯ Unable to compile TypeScript:\nsrc/jobs/queues/email.queue.ts(1,23): error TS2307: Cannot find module 'bullmq' or its corresponding type declarations.\n\n    at createTSError (/app/node_modules/ts-node/src/index.ts:859:12)\n    at reportTSError (/app/node_modules/ts-node/src/index.ts:863:19)\n    at getOutput (/app/node_modules/ts-node/src/index.ts:1077:36)\n    at Object.compile (/app/node_modules/ts-node/src/index.ts:1433:41)\n    at Module.m._compile (/app/node_modules/ts-node/src/index.ts:1617:30)\n    at node:internal/modules/cjs/loader:1839:10\n    at Object.require.extensions.<computed> [as .ts] (/app/node_modules/ts-node/src/index.ts:1621:12)\n    at Module.load (node:internal/modules/cjs/loader:1441:32)\n    at Function._load (node:internal/modules/cjs/loader:1263:12)\n    at TracingChannel.traceSync (node:diagnostics_channel:328:14)","os":{"loadavg":[1.7,1.29,1.41],"uptime":18231.76},"process":{"argv":["/app/node_modules/ts-node/dist/bin.js","/app/src/index.ts"],"cwd":"/app","execPath":"/usr/local/bin/node","gid":0,"memoryUsage":{"arrayBuffers":5020980,"external":8143202,"heapTotal":316014592,"heapUsed":283209656,"rss":405266432},"pid":1961,"uid":0,"version":"v22.21.1"},"stack":"TSError: ⨯ Unable to compile TypeScript:\nsrc/jobs/queues/email.queue.ts(1,23): error TS2307: Cannot find module 'bullmq' or its corresponding type declarations.\n\n    at createTSError (/app/node_modules/ts-node/src/index.ts:859:12)\n    at reportTSError (/app/node_modules/ts-node/src/index.ts:863:19)\n    at getOutput (/app/node_modules/ts-node/src/index.ts:1077:36)\n    at Object.compile (/app/node_modules/ts-node/src/index.ts:1433:41)\n    at Module.m._compile (/app/node_modules/ts-node/src/index.ts:1617:30)\n    at node:internal/modules/cjs/loader:1839:10\n    at Object.require.extensions.<computed> [as .ts] (/app/node_modules/ts-node/src/index.ts:1621:12)\n    at Module.load (node:internal/modules/cjs/loader:1441:32)\n    at Function._load (node:internal/modules/cjs/loader:1263:12)\n    at TracingChannel.traceSync (node:diagnostics_channel:328:14)","timestamp":"2025-12-14 18:14:50","trace":[{"column":12,"file":"/app/node_modules/ts-node/src/index.ts","function":"createTSError","line":859,"method":null,"native":false},{"column":19,"file":"/app/node_modules/ts-node/src/index.ts","function":"reportTSError","line":863,"method":null,"native":false},{"column":36,"file":"/app/node_modules/ts-node/src/index.ts","function":"getOutput","line":1077,"method":null,"native":false},{"column":41,"file":"/app/node_modules/ts-node/src/index.ts","function":"Object.compile","line":1433,"method":"compile","native":false},{"column":30,"file":"/app/node_modules/ts-node/src/index.ts","function":"Module.m._compile","line":1617,"method":"_compile","native":false},{"column":10,"file":"node:internal/modules/cjs/loader","function":null,"line":1839,"method":null,"native":false},{"column":12,"file":"/app/node_modules/ts-node/src/index.ts","function":"Object.require.extensions.<computed> [as .ts]","line":1621,"method":"ts]","native":false},{"column":32,"file":"node:internal/modules/cjs/loader","function":"Module.load","line":1441,"method":"load","native":false},{"column":12,"file":"node:internal/modules/cjs/loader","function":"Function._load","line":1263,"method":"_load","native":false},{"column":14,"file":"node:diagnostics_channel","function":"TracingChannel.traceSync","line":328,"method":"traceSync","native":false}]}
{"date":"Sun Dec 14 2025 18:15:38 GMT+0000 (Coordinated Universal Time)","error":{"diagnosticCodes":[2305]},"exception":true,"level":"error","message":"uncaughtException: ⨯ Unable to compile TypeScript:\nsrc/jobs/queues/index.ts(10,3): error TS2305: Module '\"./email.queue\"' has no exported member 'queueEmailVerification'.\n\nTSError: ⨯ Unable to compile TypeScript:\nsrc/jobs/queues/index.ts(10,3): error TS2305: Module '\"./email.queue\"' has no exported member 'queueEmailVerification'.\n\n    at createTSError (/app/node_modules/ts-node/src/index.ts:859:12)\n    at reportTSError (/app/node_modules/ts-node/src/index.ts:863:19)\n    at getOutput (/app/node_modules/ts-node/src/index.ts:1077:36)\n    at Object.compile (/app/node_modules/ts-node/src/index.ts:1433:41)\n    at Module.m._compile (/app/node_modules/ts-node/src/index.ts:1617:30)\n    at node:internal/modules/cjs/loader:1839:10\n    at Object.require.extensions.<computed> [as .ts] (/app/node_modules/ts-node/src/index.ts:1621:12)\n    at Module.load (node:internal/modules/cjs/loader:1441:32)\n    at Function._load (node:internal/modules/cjs/loader:1263:12)\n    at TracingChannel.traceSync (node:diagnostics_channel:328:14)","os":{"loadavg":[1.14,1.17,1.36],"uptime":18280.62},"process":{"argv":["/app/node_modules/ts-node/dist/bin.js","/app/src/index.ts"],"cwd":"/app","execPath":"/usr/local/bin/node","gid":0,"memoryUsage":{"arrayBuffers":5049377,"external":8171599,"heapTotal":317325312,"heapUsed":282079768,"rss":406167552},"pid":1982,"uid":0,"version":"v22.21.1"},"stack":"TSError: ⨯ Unable to compile TypeScript:\nsrc/jobs/queues/index.ts(10,3): error TS2305: Module '\"./email.queue\"' has no exported member 'queueEmailVerification'.\n\n    at createTSError (/app/node_modules/ts-node/src/index.ts:859:12)\n    at reportTSError (/app/node_modules/ts-node/src/index.ts:863:19)\n    at getOutput (/app/node_modules/ts-node/src/index.ts:1077:36)\n    at Object.compile (/app/node_modules/ts-node/src/index.ts:1433:41)\n    at Module.m._compile (/app/node_modules/ts-node/src/index.ts:1617:30)\n    at node:internal/modules/cjs/loader:1839:10\n    at Object.require.extensions.<computed> [as .ts] (/app/node_modules/ts-node/src/index.ts:1621:12)\n    at Module.load (node:internal/modules/cjs/loader:1441:32)\n    at Function._load (node:internal/modules/cjs/loader:1263:12)\n    at TracingChannel.traceSync (node:diagnostics_channel:328:14)","timestamp":"2025-12-14 18:15:38","trace":[{"column":12,"file":"/app/node_modules/ts-node/src/index.ts","function":"createTSError","line":859,"method":null,"native":false},{"column":19,"file":"/app/node_modules/ts-node/src/index.ts","function":"reportTSError","line":863,"method":null,"native":false},{"column":36,"file":"/app/node_modules/ts-node/src/index.ts","function":"getOutput","line":1077,"method":null,"native":false},{"column":41,"file":"/app/node_modules/ts-node/src/index.ts","function":"Object.compile","line":1433,"method":"compile","native":false},{"column":30,"file":"/app/node_modules/ts-node/src/index.ts","function":"Module.m._compile","line":1617,"method":"_compile","native":false},{"column":10,"file":"node:internal/modules/cjs/loader","function":null,"line":1839,"method":null,"native":false},{"column":12,"file":"/app/node_modules/ts-node/src/index.ts","function":"Object.require.extensions.<computed> [as .ts]","line":1621,"method":"ts]","native":false},{"column":32,"file":"node:internal/modules/cjs/loader","function":"Module.load","line":1441,"method":"load","native":false},{"column":12,"file":"node:internal/modules/cjs/loader","function":"Function._load","line":1263,"method":"_load","native":false},{"column":14,"file":"node:diagnostics_channel","function":"TracingChannel.traceSync","line":328,"method":"traceSync","native":false}]}
{"date":"Sun Dec 14 2025 18:15:38 GMT+0000 (Coordinated Universal Time)","error":{"diagnosticCodes":[2305]},"exception":true,"level":"error","message":"uncaughtException: ⨯ Unable to compile TypeScript:\nsrc/jobs/queues/index.ts(10,3): error TS2305: Module '\"./email.queue\"' has no exported member 'queueEmailVerification'.\n\nTSError: ⨯ Unable to compile TypeScript:\nsrc/jobs/queues/index.ts(10,3): error TS2305: Module '\"./email.queue\"' has no exported member 'queueEmailVerification'.\n\n    at createTSError (/app/node_modules/ts-node/src/index.ts:859:12)\n    at reportTSError (/app/node_modules/ts-node/src/index.ts:863:19)\n    at getOutput (/app/node_modules/ts-node/src/index.ts:1077:36)\n    at Object.compile (/app/node_modules/ts-node/src/index.ts:1433:41)\n    at Module.m._compile (/app/node_modules/ts-node/src/index.ts:1617:30)\n    at node:internal/modules/cjs/loader:1839:10\n    at Object.require.extensions.<computed> [as .ts] (/app/node_modules/ts-node/src/index.ts:1621:12)\n    at Module.load (node:internal/modules/cjs/loader:1441:32)\n    at Function._load (node:internal/modules/cjs/loader:1263:12)\n    at TracingChannel.traceSync (node:diagnostics_channel:328:14)","os":{"loadavg":[1.14,1.17,1.36],"uptime":18280.62},"process":{"argv":["/app/node_modules/ts-node/dist/bin.js","/app/src/index.ts"],"cwd":"/app","execPath":"/usr/local/bin/node","gid":0,"memoryUsage":{"arrayBuffers":5049377,"external":8171599,"heapTotal":317325312,"heapUsed":282079768,"rss":406167552},"pid":1982,"uid":0,"version":"v22.21.1"},"stack":"TSError: ⨯ Unable to compile TypeScript:\nsrc/jobs/queues/index.ts(10,3): error TS2305: Module '\"./email.queue\"' has no exported member 'queueEmailVerification'.\n\n    at createTSError (/app/node_modules/ts-node/src/index.ts:859:12)\n    at reportTSError (/app/node_modules/ts-node/src/index.ts:863:19)\n    at getOutput (/app/node_modules/ts-node/src/index.ts:1077:36)\n    at Object.compile (/app/node_modules/ts-node/src/index.ts:1433:41)\n    at Module.m._compile (/app/node_modules/ts-node/src/index.ts:1617:30)\n    at node:internal/modules/cjs/loader:1839:10\n    at Object.require.extensions.<computed> [as .ts] (/app/node_modules/ts-node/src/index.ts:1621:12)\n    at Module.load (node:internal/modules/cjs/loader:1441:32)\n    at Function._load (node:internal/modules/cjs/loader:1263:12)\n    at TracingChannel.traceSync (node:diagnostics_channel:328:14)","timestamp":"2025-12-14 18:15:38","trace":[{"column":12,"file":"/app/node_modules/ts-node/src/index.ts","function":"createTSError","line":859,"method":null,"native":false},{"column":19,"file":"/app/node_modules/ts-node/src/index.ts","function":"reportTSError","line":863,"method":null,"native":false},{"column":36,"file":"/app/node_modules/ts-node/src/index.ts","function":"getOutput","line":1077,"method":null,"native":false},{"column":41,"file":"/app/node_modules/ts-node/src/index.ts","function":"Object.compile","line":1433,"method":"compile","native":false},{"column":30,"file":"/app/node_modules/ts-node/src/index.ts","function":"Module.m._compile","line":1617,"method":"_compile","native":false},{"column":10,"file":"node:internal/modules/cjs/loader","function":null,"line":1839,"method":null,"native":false},{"column":12,"file":"/app/node_modules/ts-node/src/index.ts","function":"Object.require.extensions.<computed> [as .ts]","line":1621,"method":"ts]","native":false},{"column":32,"file":"node:internal/modules/cjs/loader","function":"Module.load","line":1441,"method":"load","native":false},{"column":12,"file":"node:internal/modules/cjs/loader","function":"Function._load","line":1263,"method":"_load","native":false},{"column":14,"file":"node:diagnostics_channel","function":"TracingChannel.traceSync","line":328,"method":"traceSync","native":false}]}
{"date":"Sun Dec 14 2025 18:15:46 GMT+0000 (Coordinated Universal Time)","error":{"diagnosticCodes":[2305,2305]},"exception":true,"level":"error","message":"uncaughtException: ⨯ Unable to compile TypeScript:\nsrc/jobs/queues/index.ts(10,3): error TS2305: Module '\"./email.queue\"' has no exported member 'queueEmailVerification'.\nsrc/jobs/queues/index.ts(11,3): error TS2305: Module '\"./email.queue\"' has no exported member 'queueForgotPasswordEmail'.\n\nTSError: ⨯ Unable to compile TypeScript:\nsrc/jobs/queues/index.ts(10,3): error TS2305: Module '\"./email.queue\"' has no exported member 'queueEmailVerification'.\nsrc/jobs/queues/index.ts(11,3): error TS2305: Module '\"./email.queue\"' has no exported member 'queueForgotPasswordEmail'.\n\n    at createTSError (/app/node_modules/ts-node/src/index.ts:859:12)\n    at reportTSError (/app/node_modules/ts-node/src/index.ts:863:19)\n    at getOutput (/app/node_modules/ts-node/src/index.ts:1077:36)\n    at Object.compile (/app/node_modules/ts-node/src/index.ts:1433:41)\n    at Module.m._compile (/app/node_modules/ts-node/src/index.ts:1617:30)\n    at node:internal/modules/cjs/loader:1839:10\n    at Object.require.extensions.<computed> [as .ts] (/app/node_modules/ts-node/src/index.ts:1621:12)\n    at Module.load (node:internal/modules/cjs/loader:1441:32)\n    at Function._load (node:internal/modules/cjs/loader:1263:12)\n    at TracingChannel.traceSync (node:diagnostics_channel:328:14)","os":{"loadavg":[1.04,1.15,1.35],"uptime":18288.28},"process":{"argv":["/app/node_modules/ts-node/dist/bin.js","/app/src/index.ts"],"cwd":"/app","execPath":"/usr/local/bin/node","gid":0,"memoryUsage":{"arrayBuffers":5037420,"external":8159642,"heapTotal":316014592,"heapUsed":282518872,"rss":405512192},"pid":2003,"uid":0,"version":"v22.21.1"},"stack":"TSError: ⨯ Unable to compile TypeScript:\nsrc/jobs/queues/index.ts(10,3): error TS2305: Module '\"./email.queue\"' has no exported member 'queueEmailVerification'.\nsrc/jobs/queues/index.ts(11,3): error TS2305: Module '\"./email.queue\"' has no exported member 'queueForgotPasswordEmail'.\n\n    at createTSError (/app/node_modules/ts-node/src/index.ts:859:12)\n    at reportTSError (/app/node_modules/ts-node/src/index.ts:863:19)\n    at getOutput (/app/node_modules/ts-node/src/index.ts:1077:36)\n    at Object.compile (/app/node_modules/ts-node/src/index.ts:1433:41)\n    at Module.m._compile (/app/node_modules/ts-node/src/index.ts:1617:30)\n    at node:internal/modules/cjs/loader:1839:10\n    at Object.require.extensions.<computed> [as .ts] (/app/node_modules/ts-node/src/index.ts:1621:12)\n    at Module.load (node:internal/modules/cjs/loader:1441:32)\n    at Function._load (node:internal/modules/cjs/loader:1263:12)\n    at TracingChannel.traceSync (node:diagnostics_channel:328:14)","timestamp":"2025-12-14 18:15:46","trace":[{"column":12,"file":"/app/node_modules/ts-node/src/index.ts","function":"createTSError","line":859,"method":null,"native":false},{"column":19,"file":"/app/node_modules/ts-node/src/index.ts","function":"reportTSError","line":863,"method":null,"native":false},{"column":36,"file":"/app/node_modules/ts-node/src/index.ts","function":"getOutput","line":1077,"method":null,"native":false},{"column":41,"file":"/app/node_modules/ts-node/src/index.ts","function":"Object.compile","line":1433,"method":"compile","native":false},{"column":30,"file":"/app/node_modules/ts-node/src/index.ts","function":"Module.m._compile","line":1617,"method":"_compile","native":false},{"column":10,"file":"node:internal/modules/cjs/loader","function":null,"line":1839,"method":null,"native":false},{"column":12,"file":"/app/node_modules/ts-node/src/index.ts","function":"Object.require.extensions.<computed> [as .ts]","line":1621,"method":"ts]","native":false},{"column":32,"file":"node:internal/modules/cjs/loader","function":"Module.load","line":1441,"method":"load","native":false},{"column":12,"file":"node:internal/modules/cjs/loader","function":"Function._load","line":1263,"method":"_load","native":false},{"column":14,"file":"node:diagnostics_channel","function":"TracingChannel.traceSync","line":328,"method":"traceSync","native":false}]}
{"date":"Sun Dec 14 2025 18:15:46 GMT+0000 (Coordinated Universal Time)","error":{"diagnosticCodes":[2305,2305]},"exception":true,"level":"error","message":"uncaughtException: ⨯ Unable to compile TypeScript:\nsrc/jobs/queues/index.ts(10,3): error TS2305: Module '\"./email.queue\"' has no exported member 'queueEmailVerification'.\nsrc/jobs/queues/index.ts(11,3): error TS2305: Module '\"./email.queue\"' has no exported member 'queueForgotPasswordEmail'.\n\nTSError: ⨯ Unable to compile TypeScript:\nsrc/jobs/queues/index.ts(10,3): error TS2305: Module '\"./email.queue\"' has no exported member 'queueEmailVerification'.\nsrc/jobs/queues/index.ts(11,3): error TS2305: Module '\"./email.queue\"' has no exported member 'queueForgotPasswordEmail'.\n\n    at createTSError (/app/node_modules/ts-node/src/index.ts:859:12)\n    at reportTSError (/app/node_modules/ts-node/src/index.ts:863:19)\n    at getOutput (/app/node_modules/ts-node/src/index.ts:1077:36)\n    at Object.compile (/app/node_modules/ts-node/src/index.ts:1433:41)\n    at Module.m._compile (/app/node_modules/ts-node/src/index.ts:1617:30)\n    at node:internal/modules/cjs/loader:1839:10\n    at Object.require.extensions.<computed> [as .ts] (/app/node_modules/ts-node/src/index.ts:1621:12)\n    at Module.load (node:internal/modules/cjs/loader:1441:32)\n    at Function._load (node:internal/modules/cjs/loader:1263:12)\n    at TracingChannel.traceSync (node:diagnostics_channel:328:14)","os":{"loadavg":[1.04,1.15,1.35],"uptime":18288.28},"process":{"argv":["/app/node_modules/ts-node/dist/bin.js","/app/src/index.ts"],"cwd":"/app","execPath":"/usr/local/bin/node","gid":0,"memoryUsage":{"arrayBuffers":5037420,"external":8159642,"heapTotal":316014592,"heapUsed":282518872,"rss":405512192},"pid":2003,"uid":0,"version":"v22.21.1"},"stack":"TSError: ⨯ Unable to compile TypeScript:\nsrc/jobs/queues/index.ts(10,3): error TS2305: Module '\"./email.queue\"' has no exported member 'queueEmailVerification'.\nsrc/jobs/queues/index.ts(11,3): error TS2305: Module '\"./email.queue\"' has no exported member 'queueForgotPasswordEmail'.\n\n    at createTSError (/app/node_modules/ts-node/src/index.ts:859:12)\n    at reportTSError (/app/node_modules/ts-node/src/index.ts:863:19)\n    at getOutput (/app/node_modules/ts-node/src/index.ts:1077:36)\n    at Object.compile (/app/node_modules/ts-node/src/index.ts:1433:41)\n    at Module.m._compile (/app/node_modules/ts-node/src/index.ts:1617:30)\n    at node:internal/modules/cjs/loader:1839:10\n    at Object.require.extensions.<computed> [as .ts] (/app/node_modules/ts-node/src/index.ts:1621:12)\n    at Module.load (node:internal/modules/cjs/loader:1441:32)\n    at Function._load (node:internal/modules/cjs/loader:1263:12)\n    at TracingChannel.traceSync (node:diagnostics_channel:328:14)","timestamp":"2025-12-14 18:15:46","trace":[{"column":12,"file":"/app/node_modules/ts-node/src/index.ts","function":"createTSError","line":859,"method":null,"native":false},{"column":19,"file":"/app/node_modules/ts-node/src/index.ts","function":"reportTSError","line":863,"method":null,"native":false},{"column":36,"file":"/app/node_modules/ts-node/src/index.ts","function":"getOutput","line":1077,"method":null,"native":false},{"column":41,"file":"/app/node_modules/ts-node/src/index.ts","function":"Object.compile","line":1433,"method":"compile","native":false},{"column":30,"file":"/app/node_modules/ts-node/src/index.ts","function":"Module.m._compile","line":1617,"method":"_compile","native":false},{"column":10,"file":"node:internal/modules/cjs/loader","function":null,"line":1839,"method":null,"native":false},{"column":12,"file":"/app/node_modules/ts-node/src/index.ts","function":"Object.require.extensions.<computed> [as .ts]","line":1621,"method":"ts]","native":false},{"column":32,"file":"node:internal/modules/cjs/loader","function":"Module.load","line":1441,"method":"load","native":false},{"column":12,"file":"node:internal/modules/cjs/loader","function":"Function._load","line":1263,"method":"_load","native":false},{"column":14,"file":"node:diagnostics_channel","function":"TracingChannel.traceSync","line":328,"method":"traceSync","native":false}]}
{"date":"Sun Dec 14 2025 18:15:58 GMT+0000 (Coordinated Universal Time)","error":{"diagnosticCodes":[2307]},"exception":true,"level":"error","message":"uncaughtException: ⨯ Unable to compile TypeScript:\nsrc/jobs/queues/email.queue.ts(1,23): error TS2307: Cannot find module 'bullmq' or its corresponding type declarations.\n\nTSError: ⨯ Unable to compile TypeScript:\nsrc/jobs/queues/email.queue.ts(1,23): error TS2307: Cannot find module 'bullmq' or its corresponding type declarations.\n\n    at createTSError (/app/node_modules/ts-node/src/index.ts:859:12)\n    at reportTSError (/app/node_modules/ts-node/src/index.ts:863:19)\n    at getOutput (/app/node_modules/ts-node/src/index.ts:1077:36)\n    at Object.compile (/app/node_modules/ts-node/src/index.ts:1433:41)\n    at Module.m._compile (/app/node_modules/ts-node/src/index.ts:1617:30)\n    at node:internal/modules/cjs/loader:1839:10\n    at Object.require.extensions.<computed> [as .ts] (/app/node_modules/ts-node/src/index.ts:1621:12)\n    at Module.load (node:internal/modules/cjs/loader:1441:32)\n    at Function._load (node:internal/modules/cjs/loader:1263:12)\n    at TracingChannel.traceSync (node:diagnostics_channel:328:14)","os":{"loadavg":[1.74,1.29,1.39],"uptime":18300.17},"process":{"argv":["/app/node_modules/ts-node/dist/bin.js","/app/src/index.ts"],"cwd":"/app","execPath":"/usr/local/bin/node","gid":0,"memoryUsage":{"arrayBuffers":5049369,"external":8171591,"heapTotal":317063168,"heapUsed":281971720,"rss":406822912},"pid":2024,"uid":0,"version":"v22.21.1"},"stack":"TSError: ⨯ Unable to compile TypeScript:\nsrc/jobs/queues/email.queue.ts(1,23): error TS2307: Cannot find module 'bullmq' or its corresponding type declarations.\n\n    at createTSError (/app/node_modules/ts-node/src/index.ts:859:12)\n    at reportTSError (/app/node_modules/ts-node/src/index.ts:863:19)\n    at getOutput (/app/node_modules/ts-node/src/index.ts:1077:36)\n    at Object.compile (/app/node_modules/ts-node/src/index.ts:1433:41)\n    at Module.m._compile (/app/node_modules/ts-node/src/index.ts:1617:30)\n    at node:internal/modules/cjs/loader:1839:10\n    at Object.require.extensions.<computed> [as .ts] (/app/node_modules/ts-node/src/index.ts:1621:12)\n    at Module.load (node:internal/modules/cjs/loader:1441:32)\n    at Function._load (node:internal/modules/cjs/loader:1263:12)\n    at TracingChannel.traceSync (node:diagnostics_channel:328:14)","timestamp":"2025-12-14 18:15:58","trace":[{"column":12,"file":"/app/node_modules/ts-node/src/index.ts","function":"createTSError","line":859,"method":null,"native":false},{"column":19,"file":"/app/node_modules/ts-node/src/index.ts","function":"reportTSError","line":863,"method":null,"native":false},{"column":36,"file":"/app/node_modules/ts-node/src/index.ts","function":"getOutput","line":1077,"method":null,"native":false},{"column":41,"file":"/app/node_modules/ts-node/src/index.ts","function":"Object.compile","line":1433,"method":"compile","native":false},{"column":30,"file":"/app/node_modules/ts-node/src/index.ts","function":"Module.m._compile","line":1617,"method":"_compile","native":false},{"column":10,"file":"node:internal/modules/cjs/loader","function":null,"line":1839,"method":null,"native":false},{"column":12,"file":"/app/node_modules/ts-node/src/index.ts","function":"Object.require.extensions.<computed> [as .ts]","line":1621,"method":"ts]","native":false},{"column":32,"file":"node:internal/modules/cjs/loader","function":"Module.load","line":1441,"method":"load","native":false},{"column":12,"file":"node:internal/modules/cjs/loader","function":"Function._load","line":1263,"method":"_load","native":false},{"column":14,"file":"node:diagnostics_channel","function":"TracingChannel.traceSync","line":328,"method":"traceSync","native":false}]}
{"date":"Sun Dec 14 2025 18:15:58 GMT+0000 (Coordinated Universal Time)","error":{"diagnosticCodes":[2307]},"exception":true,"level":"error","message":"uncaughtException: ⨯ Unable to compile TypeScript:\nsrc/jobs/queues/email.queue.ts(1,23): error TS2307: Cannot find module 'bullmq' or its corresponding type declarations.\n\nTSError: ⨯ Unable to compile TypeScript:\nsrc/jobs/queues/email.queue.ts(1,23): error TS2307: Cannot find module 'bullmq' or its corresponding type declarations.\n\n    at createTSError (/app/node_modules/ts-node/src/index.ts:859:12)\n    at reportTSError (/app/node_modules/ts-node/src/index.ts:863:19)\n    at getOutput (/app/node_modules/ts-node/src/index.ts:1077:36)\n    at Object.compile (/app/node_modules/ts-node/src/index.ts:1433:41)\n    at Module.m._compile (/app/node_modules/ts-node/src/index.ts:1617:30)\n    at node:internal/modules/cjs/loader:1839:10\n    at Object.require.extensions.<computed> [as .ts] (/app/node_modules/ts-node/src/index.ts:1621:12)\n    at Module.load (node:internal/modules/cjs/loader:1441:32)\n    at Function._load (node:internal/modules/cjs/loader:1263:12)\n    at TracingChannel.traceSync (node:diagnostics_channel:328:14)","os":{"loadavg":[1.74,1.29,1.39],"uptime":18300.17},"process":{"argv":["/app/node_modules/ts-node/dist/bin.js","/app/src/index.ts"],"cwd":"/app","execPath":"/usr/local/bin/node","gid":0,"memoryUsage":{"arrayBuffers":5049369,"external":8171591,"heapTotal":317063168,"heapUsed":281971720,"rss":406822912},"pid":2024,"uid":0,"version":"v22.21.1"},"stack":"TSError: ⨯ Unable to compile TypeScript:\nsrc/jobs/queues/email.queue.ts(1,23): error TS2307: Cannot find module 'bullmq' or its corresponding type declarations.\n\n    at createTSError (/app/node_modules/ts-node/src/index.ts:859:12)\n    at reportTSError (/app/node_modules/ts-node/src/index.ts:863:19)\n    at getOutput (/app/node_modules/ts-node/src/index.ts:1077:36)\n    at Object.compile (/app/node_modules/ts-node/src/index.ts:1433:41)\n    at Module.m._compile (/app/node_modules/ts-node/src/index.ts:1617:30)\n    at node:internal/modules/cjs/loader:1839:10\n    at Object.require.extensions.<computed> [as .ts] (/app/node_modules/ts-node/src/index.ts:1621:12)\n    at Module.load (node:internal/modules/cjs/loader:1441:32)\n    at Function._load (node:internal/modules/cjs/loader:1263:12)\n    at TracingChannel.traceSync (node:diagnostics_channel:328:14)","timestamp":"2025-12-14 18:15:58","trace":[{"column":12,"file":"/app/node_modules/ts-node/src/index.ts","function":"createTSError","line":859,"method":null,"native":false},{"column":19,"file":"/app/node_modules/ts-node/src/index.ts","function":"reportTSError","line":863,"method":null,"native":false},{"column":36,"file":"/app/node_modules/ts-node/src/index.ts","function":"getOutput","line":1077,"method":null,"native":false},{"column":41,"file":"/app/node_modules/ts-node/src/index.ts","function":"Object.compile","line":1433,"method":"compile","native":false},{"column":30,"file":"/app/node_modules/ts-node/src/index.ts","function":"Module.m._compile","line":1617,"method":"_compile","native":false},{"column":10,"file":"node:internal/modules/cjs/loader","function":null,"line":1839,"method":null,"native":false},{"column":12,"file":"/app/node_modules/ts-node/src/index.ts","function":"Object.require.extensions.<computed> [as .ts]","line":1621,"method":"ts]","native":false},{"column":32,"file":"node:internal/modules/cjs/loader","function":"Module.load","line":1441,"method":"load","native":false},{"column":12,"file":"node:internal/modules/cjs/loader","function":"Function._load","line":1263,"method":"_load","native":false},{"column":14,"file":"node:diagnostics_channel","function":"TracingChannel.traceSync","line":328,"method":"traceSync","native":false}]}
{"date":"Sun Dec 14 2025 18:16:13 GMT+0000 (Coordinated Universal Time)","error":{"diagnosticCodes":[2307]},"exception":true,"level":"error","message":"uncaughtException: ⨯ Unable to compile TypeScript:\nsrc/jobs/queues/email.queue.ts(1,23): error TS2307: Cannot find module 'bullmq' or its corresponding type declarations.\n\nTSError: ⨯ Unable to compile TypeScript:\nsrc/jobs/queues/email.queue.ts(1,23): error TS2307: Cannot find module 'bullmq' or its corresponding type declarations.\n\n    at createTSError (/app/node_modules/ts-node/src/index.ts:859:12)\n    at reportTSError (/app/node_modules/ts-node/src/index.ts:863:19)\n    at getOutput (/app/node_modules/ts-node/src/index.ts:1077:36)\n    at Object.compile (/app/node_modules/ts-node/src/index.ts:1433:41)\n    at Module.m._compile (/app/node_modules/ts-node/src/index.ts:1617:30)\n    at node:internal/modules/cjs/loader:1839:10\n    at Object.require.extensions.<computed> [as .ts] (/app/node_modules/ts-node/src/index.ts:1621:12)\n    at Module.load (node:internal/modules/cjs/loader:1441:32)\n    at Function._load (node:internal/modules/cjs/loader:1263:12)\n    at TracingChannel.traceSync (node:diagnostics_channel:328:14)","os":{"loadavg":[2.46,1.48,1.45],"uptime":18315.3},"process":{"argv":["/app/node_modules/ts-node/dist/bin.js","/app/src/index.ts"],"cwd":"/app","execPath":"/usr/local/bin/node","gid":0,"memoryUsage":{"arrayBuffers":5037420,"external":8159642,"heapTotal":317587456,"heapUsed":283182704,"rss":406347776},"pid":2062,"uid":0,"version":"v22.21.1"},"stack":"TSError: ⨯ Unable to compile TypeScript:\nsrc/jobs/queues/email.queue.ts(1,23): error TS2307: Cannot find module 'bullmq' or its corresponding type declarations.\n\n    at createTSError (/app/node_modules/ts-node/src/index.ts:859:12)\n    at reportTSError (/app/node_modules/ts-node/src/index.ts:863:19)\n    at getOutput (/app/node_modules/ts-node/src/index.ts:1077:36)\n    at Object.compile (/app/node_modules/ts-node/src/index.ts:1433:41)\n    at Module.m._compile (/app/node_modules/ts-node/src/index.ts:1617:30)\n    at node:internal/modules/cjs/loader:1839:10\n    at Object.require.extensions.<computed> [as .ts] (/app/node_modules/ts-node/src/index.ts:1621:12)\n    at Module.load (node:internal/modules/cjs/loader:1441:32)\n    at Function._load (node:internal/modules/cjs/loader:1263:12)\n    at TracingChannel.traceSync (node:diagnostics_channel:328:14)","timestamp":"2025-12-14 18:16:13","trace":[{"column":12,"file":"/app/node_modules/ts-node/src/index.ts","function":"createTSError","line":859,"method":null,"native":false},{"column":19,"file":"/app/node_modules/ts-node/src/index.ts","function":"reportTSError","line":863,"method":null,"native":false},{"column":36,"file":"/app/node_modules/ts-node/src/index.ts","function":"getOutput","line":1077,"method":null,"native":false},{"column":41,"file":"/app/node_modules/ts-node/src/index.ts","function":"Object.compile","line":1433,"method":"compile","native":false},{"column":30,"file":"/app/node_modules/ts-node/src/index.ts","function":"Module.m._compile","line":1617,"method":"_compile","native":false},{"column":10,"file":"node:internal/modules/cjs/loader","function":null,"line":1839,"method":null,"native":false},{"column":12,"file":"/app/node_modules/ts-node/src/index.ts","function":"Object.require.extensions.<computed> [as .ts]","line":1621,"method":"ts]","native":false},{"column":32,"file":"node:internal/modules/cjs/loader","function":"Module.load","line":1441,"method":"load","native":false},{"column":12,"file":"node:internal/modules/cjs/loader","function":"Function._load","line":1263,"method":"_load","native":false},{"column":14,"file":"node:diagnostics_channel","function":"TracingChannel.traceSync","line":328,"method":"traceSync","native":false}]}
{"date":"Sun Dec 14 2025 18:16:13 GMT+0000 (Coordinated Universal Time)","error":{"diagnosticCodes":[2307]},"exception":true,"level":"error","message":"uncaughtException: ⨯ Unable to compile TypeScript:\nsrc/jobs/queues/email.queue.ts(1,23): error TS2307: Cannot find module 'bullmq' or its corresponding type declarations.\n\nTSError: ⨯ Unable to compile TypeScript:\nsrc/jobs/queues/email.queue.ts(1,23): error TS2307: Cannot find module 'bullmq' or its corresponding type declarations.\n\n    at createTSError (/app/node_modules/ts-node/src/index.ts:859:12)\n    at reportTSError (/app/node_modules/ts-node/src/index.ts:863:19)\n    at getOutput (/app/node_modules/ts-node/src/index.ts:1077:36)\n    at Object.compile (/app/node_modules/ts-node/src/index.ts:1433:41)\n    at Module.m._compile (/app/node_modules/ts-node/src/index.ts:1617:30)\n    at node:internal/modules/cjs/loader:1839:10\n    at Object.require.extensions.<computed> [as .ts] (/app/node_modules/ts-node/src/index.ts:1621:12)\n    at Module.load (node:internal/modules/cjs/loader:1441:32)\n    at Function._load (node:internal/modules/cjs/loader:1263:12)\n    at TracingChannel.traceSync (node:diagnostics_channel:328:14)","os":{"loadavg":[2.46,1.48,1.45],"uptime":18315.3},"process":{"argv":["/app/node_modules/ts-node/dist/bin.js","/app/src/index.ts"],"cwd":"/app","execPath":"/usr/local/bin/node","gid":0,"memoryUsage":{"arrayBuffers":5037420,"external":8159642,"heapTotal":317587456,"heapUsed":283182704,"rss":406347776},"pid":2062,"uid":0,"version":"v22.21.1"},"stack":"TSError: ⨯ Unable to compile TypeScript:\nsrc/jobs/queues/email.queue.ts(1,23): error TS2307: Cannot find module 'bullmq' or its corresponding type declarations.\n\n    at createTSError (/app/node_modules/ts-node/src/index.ts:859:12)\n    at reportTSError (/app/node_modules/ts-node/src/index.ts:863:19)\n    at getOutput (/app/node_modules/ts-node/src/index.ts:1077:36)\n    at Object.compile (/app/node_modules/ts-node/src/index.ts:1433:41)\n    at Module.m._compile (/app/node_modules/ts-node/src/index.ts:1617:30)\n    at node:internal/modules/cjs/loader:1839:10\n    at Object.require.extensions.<computed> [as .ts] (/app/node_modules/ts-node/src/index.ts:1621:12)\n    at Module.load (node:internal/modules/cjs/loader:1441:32)\n    at Function._load (node:internal/modules/cjs/loader:1263:12)\n    at TracingChannel.traceSync (node:diagnostics_channel:328:14)","timestamp":"2025-12-14 18:16:13","trace":[{"column":12,"file":"/app/node_modules/ts-node/src/index.ts","function":"createTSError","line":859,"method":null,"native":false},{"column":19,"file":"/app/node_modules/ts-node/src/index.ts","function":"reportTSError","line":863,"method":null,"native":false},{"column":36,"file":"/app/node_modules/ts-node/src/index.ts","function":"getOutput","line":1077,"method":null,"native":false},{"column":41,"file":"/app/node_modules/ts-node/src/index.ts","function":"Object.compile","line":1433,"method":"compile","native":false},{"column":30,"file":"/app/node_modules/ts-node/src/index.ts","function":"Module.m._compile","line":1617,"method":"_compile","native":false},{"column":10,"file":"node:internal/modules/cjs/loader","function":null,"line":1839,"method":null,"native":false},{"column":12,"file":"/app/node_modules/ts-node/src/index.ts","function":"Object.require.extensions.<computed> [as .ts]","line":1621,"method":"ts]","native":false},{"column":32,"file":"node:internal/modules/cjs/loader","function":"Module.load","line":1441,"method":"load","native":false},{"column":12,"file":"node:internal/modules/cjs/loader","function":"Function._load","line":1263,"method":"_load","native":false},{"column":14,"file":"node:diagnostics_channel","function":"TracingChannel.traceSync","line":328,"method":"traceSync","native":false}]}
{"date":"Sun Dec 14 2025 18:16:21 GMT+0000 (Coordinated Universal Time)","error":{"diagnosticCodes":[2307]},"exception":true,"level":"error","message":"uncaughtException: ⨯ Unable to compile TypeScript:\nsrc/jobs/queues/email.queue.ts(1,23): error TS2307: Cannot find module 'bullmq' or its corresponding type declarations.\n\nTSError: ⨯ Unable to compile TypeScript:\nsrc/jobs/queues/email.queue.ts(1,23): error TS2307: Cannot find module 'bullmq' or its corresponding type declarations.\n\n    at createTSError (/app/node_modules/ts-node/src/index.ts:859:12)\n    at reportTSError (/app/node_modules/ts-node/src/index.ts:863:19)\n    at getOutput (/app/node_modules/ts-node/src/index.ts:1077:36)\n    at Object.compile (/app/node_modules/ts-node/src/index.ts:1433:41)\n    at Module.m._compile (/app/node_modules/ts-node/src/index.ts:1617:30)\n    at node:internal/modules/cjs/loader:1839:10\n    at Object.require.extensions.<computed> [as .ts] (/app/node_modules/ts-node/src/index.ts:1621:12)\n    at Module.load (node:internal/modules/cjs/loader:1441:32)\n    at Function._load (node:internal/modules/cjs/loader:1263:12)\n    at TracingChannel.traceSync (node:diagnostics_channel:328:14)","os":{"loadavg":[2.34,1.47,1.45],"uptime":18323.64},"process":{"argv":["/app/node_modules/ts-node/dist/bin.js","/app/src/index.ts"],"cwd":"/app","execPath":"/usr/local/bin/node","gid":0,"memoryUsage":{"arrayBuffers":5049425,"external":8171647,"heapTotal":317587456,"heapUsed":282310744,"rss":406708224},"pid":2100,"uid":0,"version":"v22.21.1"},"stack":"TSError: ⨯ Unable to compile TypeScript:\nsrc/jobs/queues/email.queue.ts(1,23): error TS2307: Cannot find module 'bullmq' or its corresponding type declarations.\n\n    at createTSError (/app/node_modules/ts-node/src/index.ts:859:12)\n    at reportTSError (/app/node_modules/ts-node/src/index.ts:863:19)\n    at getOutput (/app/node_modules/ts-node/src/index.ts:1077:36)\n    at Object.compile (/app/node_modules/ts-node/src/index.ts:1433:41)\n    at Module.m._compile (/app/node_modules/ts-node/src/index.ts:1617:30)\n    at node:internal/modules/cjs/loader:1839:10\n    at Object.require.extensions.<computed> [as .ts] (/app/node_modules/ts-node/src/index.ts:1621:12)\n    at Module.load (node:internal/modules/cjs/loader:1441:32)\n    at Function._load (node:internal/modules/cjs/loader:1263:12)\n    at TracingChannel.traceSync (node:diagnostics_channel:328:14)","timestamp":"2025-12-14 18:16:21","trace":[{"column":12,"file":"/app/node_modules/ts-node/src/index.ts","function":"createTSError","line":859,"method":null,"native":false},{"column":19,"file":"/app/node_modules/ts-node/src/index.ts","function":"reportTSError","line":863,"method":null,"native":false},{"column":36,"file":"/app/node_modules/ts-node/src/index.ts","function":"getOutput","line":1077,"method":null,"native":false},{"column":41,"file":"/app/node_modules/ts-node/src/index.ts","function":"Object.compile","line":1433,"method":"compile","native":false},{"column":30,"file":"/app/node_modules/ts-node/src/index.ts","function":"Module.m._compile","line":1617,"method":"_compile","native":false},{"column":10,"file":"node:internal/modules/cjs/loader","function":null,"line":1839,"method":null,"native":false},{"column":12,"file":"/app/node_modules/ts-node/src/index.ts","function":"Object.require.extensions.<computed> [as .ts]","line":1621,"method":"ts]","native":false},{"column":32,"file":"node:internal/modules/cjs/loader","function":"Module.load","line":1441,"method":"load","native":false},{"column":12,"file":"node:internal/modules/cjs/loader","function":"Function._load","line":1263,"method":"_load","native":false},{"column":14,"file":"node:diagnostics_channel","function":"TracingChannel.traceSync","line":328,"method":"traceSync","native":false}]}
{"date":"Sun Dec 14 2025 18:16:21 GMT+0000 (Coordinated Universal Time)","error":{"diagnosticCodes":[2307]},"exception":true,"level":"error","message":"uncaughtException: ⨯ Unable to compile TypeScript:\nsrc/jobs/queues/email.queue.ts(1,23): error TS2307: Cannot find module 'bullmq' or its corresponding type declarations.\n\nTSError: ⨯ Unable to compile TypeScript:\nsrc/jobs/queues/email.queue.ts(1,23): error TS2307: Cannot find module 'bullmq' or its corresponding type declarations.\n\n    at createTSError (/app/node_modules/ts-node/src/index.ts:859:12)\n    at reportTSError (/app/node_modules/ts-node/src/index.ts:863:19)\n    at getOutput (/app/node_modules/ts-node/src/index.ts:1077:36)\n    at Object.compile (/app/node_modules/ts-node/src/index.ts:1433:41)\n    at Module.m._compile (/app/node_modules/ts-node/src/index.ts:1617:30)\n    at node:internal/modules/cjs/loader:1839:10\n    at Object.require.extensions.<computed> [as .ts] (/app/node_modules/ts-node/src/index.ts:1621:12)\n    at Module.load (node:internal/modules/cjs/loader:1441:32)\n    at Function._load (node:internal/modules/cjs/loader:1263:12)\n    at TracingChannel.traceSync (node:diagnostics_channel:328:14)","os":{"loadavg":[2.34,1.47,1.45],"uptime":18323.64},"process":{"argv":["/app/node_modules/ts-node/dist/bin.js","/app/src/index.ts"],"cwd":"/app","execPath":"/usr/local/bin/node","gid":0,"memoryUsage":{"arrayBuffers":5049425,"external":8171647,"heapTotal":317587456,"heapUsed":282310744,"rss":406708224},"pid":2100,"uid":0,"version":"v22.21.1"},"stack":"TSError: ⨯ Unable to compile TypeScript:\nsrc/jobs/queues/email.queue.ts(1,23): error TS2307: Cannot find module 'bullmq' or its corresponding type declarations.\n\n    at createTSError (/app/node_modules/ts-node/src/index.ts:859:12)\n    at reportTSError (/app/node_modules/ts-node/src/index.ts:863:19)\n    at getOutput (/app/node_modules/ts-node/src/index.ts:1077:36)\n    at Object.compile (/app/node_modules/ts-node/src/index.ts:1433:41)\n    at Module.m._compile (/app/node_modules/ts-node/src/index.ts:1617:30)\n    at node:internal/modules/cjs/loader:1839:10\n    at Object.require.extensions.<computed> [as .ts] (/app/node_modules/ts-node/src/index.ts:1621:12)\n    at Module.load (node:internal/modules/cjs/loader:1441:32)\n    at Function._load (node:internal/modules/cjs/loader:1263:12)\n    at TracingChannel.traceSync (node:diagnostics_channel:328:14)","timestamp":"2025-12-14 18:16:21","trace":[{"column":12,"file":"/app/node_modules/ts-node/src/index.ts","function":"createTSError","line":859,"method":null,"native":false},{"column":19,"file":"/app/node_modules/ts-node/src/index.ts","function":"reportTSError","line":863,"method":null,"native":false},{"column":36,"file":"/app/node_modules/ts-node/src/index.ts","function":"getOutput","line":1077,"method":null,"native":false},{"column":41,"file":"/app/node_modules/ts-node/src/index.ts","function":"Object.compile","line":1433,"method":"compile","native":false},{"column":30,"file":"/app/node_modules/ts-node/src/index.ts","function":"Module.m._compile","line":1617,"method":"_compile","native":false},{"column":10,"file":"node:internal/modules/cjs/loader","function":null,"line":1839,"method":null,"native":false},{"column":12,"file":"/app/node_modules/ts-node/src/index.ts","function":"Object.require.extensions.<computed> [as .ts]","line":1621,"method":"ts]","native":false},{"column":32,"file":"node:internal/modules/cjs/loader","function":"Module.load","line":1441,"method":"load","native":false},{"column":12,"file":"node:internal/modules/cjs/loader","function":"Function._load","line":1263,"method":"_load","native":false},{"column":14,"file":"node:diagnostics_channel","function":"TracingChannel.traceSync","line":328,"method":"traceSync","native":false}]}
{"date":"Sun Dec 14 2025 18:16:39 GMT+0000 (Coordinated Universal Time)","error":{"diagnosticCodes":[2307]},"exception":true,"level":"error","message":"uncaughtException: ⨯ Unable to compile TypeScript:\nsrc/jobs/queues/email.queue.ts(1,23): error TS2307: Cannot find module 'bullmq' or its corresponding type declarations.\n\nTSError: ⨯ Unable to compile TypeScript:\nsrc/jobs/queues/email.queue.ts(1,23): error TS2307: Cannot find module 'bullmq' or its corresponding type declarations.\n\n    at createTSError (/app/node_modules/ts-node/src/index.ts:859:12)\n    at reportTSError (/app/node_modules/ts-node/src/index.ts:863:19)\n    at getOutput (/app/node_modules/ts-node/src/index.ts:1077:36)\n    at Object.compile (/app/node_modules/ts-node/src/index.ts:1433:41)\n    at Module.m._compile (/app/node_modules/ts-node/src/index.ts:1617:30)\n    at node:internal/modules/cjs/loader:1839:10\n    at Object.require.extensions.<computed> [as .ts] (/app/node_modules/ts-node/src/index.ts:1621:12)\n    at Module.load (node:internal/modules/cjs/loader:1441:32)\n    at Function._load (node:internal/modules/cjs/loader:1263:12)\n    at TracingChannel.traceSync (node:diagnostics_channel:328:14)","os":{"loadavg":[1.76,1.39,1.42],"uptime":18340.76},"process":{"argv":["/app/node_modules/ts-node/dist/bin.js","/app/src/index.ts"],"cwd":"/app","execPath":"/usr/local/bin/node","gid":0,"memoryUsage":{"arrayBuffers":5028248,"external":8159530,"heapTotal":318636032,"heapUsed":281151304,"rss":407752704},"pid":2139,"uid":0,"version":"v22.21.1"},"stack":"TSError: ⨯ Unable to compile TypeScript:\nsrc/jobs/queues/email.queue.ts(1,23): error TS2307: Cannot find module 'bullmq' or its corresponding type declarations.\n\n    at createTSError (/app/node_modules/ts-node/src/index.ts:859:12)\n    at reportTSError (/app/node_modules/ts-node/src/index.ts:863:19)\n    at getOutput (/app/node_modules/ts-node/src/index.ts:1077:36)\n    at Object.compile (/app/node_modules/ts-node/src/index.ts:1433:41)\n    at Module.m._compile (/app/node_modules/ts-node/src/index.ts:1617:30)\n    at node:internal/modules/cjs/loader:1839:10\n    at Object.require.extensions.<computed> [as .ts] (/app/node_modules/ts-node/src/index.ts:1621:12)\n    at Module.load (node:internal/modules/cjs/loader:1441:32)\n    at Function._load (node:internal/modules/cjs/loader:1263:12)\n    at TracingChannel.traceSync (node:diagnostics_channel:328:14)","timestamp":"2025-12-14 18:16:39","trace":[{"column":12,"file":"/app/node_modules/ts-node/src/index.ts","function":"createTSError","line":859,"method":null,"native":false},{"column":19,"file":"/app/node_modules/ts-node/src/index.ts","function":"reportTSError","line":863,"method":null,"native":false},{"column":36,"file":"/app/node_modules/ts-node/src/index.ts","function":"getOutput","line":1077,"method":null,"native":false},{"column":41,"file":"/app/node_modules/ts-node/src/index.ts","function":"Object.compile","line":1433,"method":"compile","native":false},{"column":30,"file":"/app/node_modules/ts-node/src/index.ts","function":"Module.m._compile","line":1617,"method":"_compile","native":false},{"column":10,"file":"node:internal/modules/cjs/loader","function":null,"line":1839,"method":null,"native":false},{"column":12,"file":"/app/node_modules/ts-node/src/index.ts","function":"Object.require.extensions.<computed> [as .ts]","line":1621,"method":"ts]","native":false},{"column":32,"file":"node:internal/modules/cjs/loader","function":"Module.load","line":1441,"method":"load","native":false},{"column":12,"file":"node:internal/modules/cjs/loader","function":"Function._load","line":1263,"method":"_load","native":false},{"column":14,"file":"node:diagnostics_channel","function":"TracingChannel.traceSync","line":328,"method":"traceSync","native":false}]}
{"date":"Sun Dec 14 2025 18:16:39 GMT+0000 (Coordinated Universal Time)","error":{"diagnosticCodes":[2307]},"exception":true,"level":"error","message":"uncaughtException: ⨯ Unable to compile TypeScript:\nsrc/jobs/queues/email.queue.ts(1,23): error TS2307: Cannot find module 'bullmq' or its corresponding type declarations.\n\nTSError: ⨯ Unable to compile TypeScript:\nsrc/jobs/queues/email.queue.ts(1,23): error TS2307: Cannot find module 'bullmq' or its corresponding type declarations.\n\n    at createTSError (/app/node_modules/ts-node/src/index.ts:859:12)\n    at reportTSError (/app/node_modules/ts-node/src/index.ts:863:19)\n    at getOutput (/app/node_modules/ts-node/src/index.ts:1077:36)\n    at Object.compile (/app/node_modules/ts-node/src/index.ts:1433:41)\n    at Module.m._compile (/app/node_modules/ts-node/src/index.ts:1617:30)\n    at node:internal/modules/cjs/loader:1839:10\n    at Object.require.extensions.<computed> [as .ts] (/app/node_modules/ts-node/src/index.ts:1621:12)\n    at Module.load (node:internal/modules/cjs/loader:1441:32)\n    at Function._load (node:internal/modules/cjs/loader:1263:12)\n    at TracingChannel.traceSync (node:diagnostics_channel:328:14)","os":{"loadavg":[1.76,1.39,1.42],"uptime":18340.76},"process":{"argv":["/app/node_modules/ts-node/dist/bin.js","/app/src/index.ts"],"cwd":"/app","execPath":"/usr/local/bin/node","gid":0,"memoryUsage":{"arrayBuffers":5028248,"external":8159530,"heapTotal":318636032,"heapUsed":281151304,"rss":407752704},"pid":2139,"uid":0,"version":"v22.21.1"},"stack":"TSError: ⨯ Unable to compile TypeScript:\nsrc/jobs/queues/email.queue.ts(1,23): error TS2307: Cannot find module 'bullmq' or its corresponding type declarations.\n\n    at createTSError (/app/node_modules/ts-node/src/index.ts:859:12)\n    at reportTSError (/app/node_modules/ts-node/src/index.ts:863:19)\n    at getOutput (/app/node_modules/ts-node/src/index.ts:1077:36)\n    at Object.compile (/app/node_modules/ts-node/src/index.ts:1433:41)\n    at Module.m._compile (/app/node_modules/ts-node/src/index.ts:1617:30)\n    at node:internal/modules/cjs/loader:1839:10\n    at Object.require.extensions.<computed> [as .ts] (/app/node_modules/ts-node/src/index.ts:1621:12)\n    at Module.load (node:internal/modules/cjs/loader:1441:32)\n    at Function._load (node:internal/modules/cjs/loader:1263:12)\n    at TracingChannel.traceSync (node:diagnostics_channel:328:14)","timestamp":"2025-12-14 18:16:39","trace":[{"column":12,"file":"/app/node_modules/ts-node/src/index.ts","function":"createTSError","line":859,"method":null,"native":false},{"column":19,"file":"/app/node_modules/ts-node/src/index.ts","function":"reportTSError","line":863,"method":null,"native":false},{"column":36,"file":"/app/node_modules/ts-node/src/index.ts","function":"getOutput","line":1077,"method":null,"native":false},{"column":41,"file":"/app/node_modules/ts-node/src/index.ts","function":"Object.compile","line":1433,"method":"compile","native":false},{"column":30,"file":"/app/node_modules/ts-node/src/index.ts","function":"Module.m._compile","line":1617,"method":"_compile","native":false},{"column":10,"file":"node:internal/modules/cjs/loader","function":null,"line":1839,"method":null,"native":false},{"column":12,"file":"/app/node_modules/ts-node/src/index.ts","function":"Object.require.extensions.<computed> [as .ts]","line":1621,"method":"ts]","native":false},{"column":32,"file":"node:internal/modules/cjs/loader","function":"Module.load","line":1441,"method":"load","native":false},{"column":12,"file":"node:internal/modules/cjs/loader","function":"Function._load","line":1263,"method":"_load","native":false},{"column":14,"file":"node:diagnostics_channel","function":"TracingChannel.traceSync","line":328,"method":"traceSync","native":false}]}
{"date":"Sun Dec 14 2025 18:16:50 GMT+0000 (Coordinated Universal Time)","error":{"diagnosticCodes":[2307]},"exception":true,"level":"error","message":"uncaughtException: ⨯ Unable to compile TypeScript:\nsrc/jobs/queues/email.queue.ts(1,23): error TS2307: Cannot find module 'bullmq' or its corresponding type declarations.\n\nTSError: ⨯ Unable to compile TypeScript:\nsrc/jobs/queues/email.queue.ts(1,23): error TS2307: Cannot find module 'bullmq' or its corresponding type declarations.\n\n    at createTSError (/app/node_modules/ts-node/src/index.ts:859:12)\n    at reportTSError (/app/node_modules/ts-node/src/index.ts:863:19)\n    at getOutput (/app/node_modules/ts-node/src/index.ts:1077:36)\n    at Object.compile (/app/node_modules/ts-node/src/index.ts:1433:41)\n    at Module.m._compile (/app/node_modules/ts-node/src/index.ts:1617:30)\n    at node:internal/modules/cjs/loader:1839:10\n    at Object.require.extensions.<computed> [as .ts] (/app/node_modules/ts-node/src/index.ts:1621:12)\n    at Module.load (node:internal/modules/cjs/loader:1441:32)\n    at Function._load (node:internal/modules/cjs/loader:1263:12)\n    at TracingChannel.traceSync (node:diagnostics_channel:328:14)","os":{"loadavg":[1.64,1.37,1.42],"uptime":18352.21},"process":{"argv":["/app/node_modules/ts-node/dist/bin.js","/app/src/index.ts"],"cwd":"/app","execPath":"/usr/local/bin/node","gid":0,"memoryUsage":{"arrayBuffers":5029172,"external":8151394,"heapTotal":315752448,"heapUsed":282838224,"rss":404574208},"pid":2176,"uid":0,"version":"v22.21.1"},"stack":"TSError: ⨯ Unable to compile TypeScript:\nsrc/jobs/queues/email.queue.ts(1,23): error TS2307: Cannot find module 'bullmq' or its corresponding type declarations.\n\n    at createTSError (/app/node_modules/ts-node/src/index.ts:859:12)\n    at reportTSError (/app/node_modules/ts-node/src/index.ts:863:19)\n    at getOutput (/app/node_modules/ts-node/src/index.ts:1077:36)\n    at Object.compile (/app/node_modules/ts-node/src/index.ts:1433:41)\n    at Module.m._compile (/app/node_modules/ts-node/src/index.ts:1617:30)\n    at node:internal/modules/cjs/loader:1839:10\n    at Object.require.extensions.<computed> [as .ts] (/app/node_modules/ts-node/src/index.ts:1621:12)\n    at Module.load (node:internal/modules/cjs/loader:1441:32)\n    at Function._load (node:internal/modules/cjs/loader:1263:12)\n    at TracingChannel.traceSync (node:diagnostics_channel:328:14)","timestamp":"2025-12-14 18:16:50","trace":[{"column":12,"file":"/app/node_modules/ts-node/src/index.ts","function":"createTSError","line":859,"method":null,"native":false},{"column":19,"file":"/app/node_modules/ts-node/src/index.ts","function":"reportTSError","line":863,"method":null,"native":false},{"column":36,"file":"/app/node_modules/ts-node/src/index.ts","function":"getOutput","line":1077,"method":null,"native":false},{"column":41,"file":"/app/node_modules/ts-node/src/index.ts","function":"Object.compile","line":1433,"method":"compile","native":false},{"column":30,"file":"/app/node_modules/ts-node/src/index.ts","function":"Module.m._compile","line":1617,"method":"_compile","native":false},{"column":10,"file":"node:internal/modules/cjs/loader","function":null,"line":1839,"method":null,"native":false},{"column":12,"file":"/app/node_modules/ts-node/src/index.ts","function":"Object.require.extensions.<computed> [as .ts]","line":1621,"method":"ts]","native":false},{"column":32,"file":"node:internal/modules/cjs/loader","function":"Module.load","line":1441,"method":"load","native":false},{"column":12,"file":"node:internal/modules/cjs/loader","function":"Function._load","line":1263,"method":"_load","native":false},{"column":14,"file":"node:diagnostics_channel","function":"TracingChannel.traceSync","line":328,"method":"traceSync","native":false}]}
{"date":"Sun Dec 14 2025 18:16:50 GMT+0000 (Coordinated Universal Time)","error":{"diagnosticCodes":[2307]},"exception":true,"level":"error","message":"uncaughtException: ⨯ Unable to compile TypeScript:\nsrc/jobs/queues/email.queue.ts(1,23): error TS2307: Cannot find module 'bullmq' or its corresponding type declarations.\n\nTSError: ⨯ Unable to compile TypeScript:\nsrc/jobs/queues/email.queue.ts(1,23): error TS2307: Cannot find module 'bullmq' or its corresponding type declarations.\n\n    at createTSError (/app/node_modules/ts-node/src/index.ts:859:12)\n    at reportTSError (/app/node_modules/ts-node/src/index.ts:863:19)\n    at getOutput (/app/node_modules/ts-node/src/index.ts:1077:36)\n    at Object.compile (/app/node_modules/ts-node/src/index.ts:1433:41)\n    at Module.m._compile (/app/node_modules/ts-node/src/index.ts:1617:30)\n    at node:internal/modules/cjs/loader:1839:10\n    at Object.require.extensions.<computed> [as .ts] (/app/node_modules/ts-node/src/index.ts:1621:12)\n    at Module.load (node:internal/modules/cjs/loader:1441:32)\n    at Function._load (node:internal/modules/cjs/loader:1263:12)\n    at TracingChannel.traceSync (node:diagnostics_channel:328:14)","os":{"loadavg":[1.64,1.37,1.42],"uptime":18352.21},"process":{"argv":["/app/node_modules/ts-node/dist/bin.js","/app/src/index.ts"],"cwd":"/app","execPath":"/usr/local/bin/node","gid":0,"memoryUsage":{"arrayBuffers":5029172,"external":8151394,"heapTotal":315752448,"heapUsed":282838224,"rss":404574208},"pid":2176,"uid":0,"version":"v22.21.1"},"stack":"TSError: ⨯ Unable to compile TypeScript:\nsrc/jobs/queues/email.queue.ts(1,23): error TS2307: Cannot find module 'bullmq' or its corresponding type declarations.\n\n    at createTSError (/app/node_modules/ts-node/src/index.ts:859:12)\n    at reportTSError (/app/node_modules/ts-node/src/index.ts:863:19)\n    at getOutput (/app/node_modules/ts-node/src/index.ts:1077:36)\n    at Object.compile (/app/node_modules/ts-node/src/index.ts:1433:41)\n    at Module.m._compile (/app/node_modules/ts-node/src/index.ts:1617:30)\n    at node:internal/modules/cjs/loader:1839:10\n    at Object.require.extensions.<computed> [as .ts] (/app/node_modules/ts-node/src/index.ts:1621:12)\n    at Module.load (node:internal/modules/cjs/loader:1441:32)\n    at Function._load (node:internal/modules/cjs/loader:1263:12)\n    at TracingChannel.traceSync (node:diagnostics_channel:328:14)","timestamp":"2025-12-14 18:16:50","trace":[{"column":12,"file":"/app/node_modules/ts-node/src/index.ts","function":"createTSError","line":859,"method":null,"native":false},{"column":19,"file":"/app/node_modules/ts-node/src/index.ts","function":"reportTSError","line":863,"method":null,"native":false},{"column":36,"file":"/app/node_modules/ts-node/src/index.ts","function":"getOutput","line":1077,"method":null,"native":false},{"column":41,"file":"/app/node_modules/ts-node/src/index.ts","function":"Object.compile","line":1433,"method":"compile","native":false},{"column":30,"file":"/app/node_modules/ts-node/src/index.ts","function":"Module.m._compile","line":1617,"method":"_compile","native":false},{"column":10,"file":"node:internal/modules/cjs/loader","function":null,"line":1839,"method":null,"native":false},{"column":12,"file":"/app/node_modules/ts-node/src/index.ts","function":"Object.require.extensions.<computed> [as .ts]","line":1621,"method":"ts]","native":false},{"column":32,"file":"node:internal/modules/cjs/loader","function":"Module.load","line":1441,"method":"load","native":false},{"column":12,"file":"node:internal/modules/cjs/loader","function":"Function._load","line":1263,"method":"_load","native":false},{"column":14,"file":"node:diagnostics_channel","function":"TracingChannel.traceSync","line":328,"method":"traceSync","native":false}]}
{"date":"Sun Dec 14 2025 18:17:22 GMT+0000 (Coordinated Universal Time)","error":{"diagnosticCodes":[2307]},"exception":true,"level":"error","message":"uncaughtException: ⨯ Unable to compile TypeScript:\nsrc/jobs/queues/email.queue.ts(1,23): error TS2307: Cannot find module 'bullmq' or its corresponding type declarations.\n\nTSError: ⨯ Unable to compile TypeScript:\nsrc/jobs/queues/email.queue.ts(1,23): error TS2307: Cannot find module 'bullmq' or its corresponding type declarations.\n\n    at createTSError (/app/node_modules/ts-node/src/index.ts:859:12)\n    at reportTSError (/app/node_modules/ts-node/src/index.ts:863:19)\n    at getOutput (/app/node_modules/ts-node/src/index.ts:1077:36)\n    at Object.compile (/app/node_modules/ts-node/src/index.ts:1433:41)\n    at Module.m._compile (/app/node_modules/ts-node/src/index.ts:1617:30)\n    at node:internal/modules/cjs/loader:1839:10\n    at Object.require.extensions.<computed> [as .ts] (/app/node_modules/ts-node/src/index.ts:1621:12)\n    at Module.load (node:internal/modules/cjs/loader:1441:32)\n    at Function._load (node:internal/modules/cjs/loader:1263:12)\n    at TracingChannel.traceSync (node:diagnostics_channel:328:14)","os":{"loadavg":[1.23,1.29,1.39],"uptime":18384.32},"process":{"argv":["/app/node_modules/ts-node/dist/bin.js","/app/src/index.ts"],"cwd":"/app","execPath":"/usr/local/bin/node","gid":0,"memoryUsage":{"arrayBuffers":5029204,"external":8151426,"heapTotal":315752448,"heapUsed":282613656,"rss":404967424},"pid":2215,"uid":0,"version":"v22.21.1"},"stack":"TSError: ⨯ Unable to compile TypeScript:\nsrc/jobs/queues/email.queue.ts(1,23): error TS2307: Cannot find module 'bullmq' or its corresponding type declarations.\n\n    at createTSError (/app/node_modules/ts-node/src/index.ts:859:12)\n    at reportTSError (/app/node_modules/ts-node/src/index.ts:863:19)\n    at getOutput (/app/node_modules/ts-node/src/index.ts:1077:36)\n    at Object.compile (/app/node_modules/ts-node/src/index.ts:1433:41)\n    at Module.m._compile (/app/node_modules/ts-node/src/index.ts:1617:30)\n    at node:internal/modules/cjs/loader:1839:10\n    at Object.require.extensions.<computed> [as .ts] (/app/node_modules/ts-node/src/index.ts:1621:12)\n    at Module.load (node:internal/modules/cjs/loader:1441:32)\n    at Function._load (node:internal/modules/cjs/loader:1263:12)\n    at TracingChannel.traceSync (node:diagnostics_channel:328:14)","timestamp":"2025-12-14 18:17:22","trace":[{"column":12,"file":"/app/node_modules/ts-node/src/index.ts","function":"createTSError","line":859,"method":null,"native":false},{"column":19,"file":"/app/node_modules/ts-node/src/index.ts","function":"reportTSError","line":863,"method":null,"native":false},{"column":36,"file":"/app/node_modules/ts-node/src/index.ts","function":"getOutput","line":1077,"method":null,"native":false},{"column":41,"file":"/app/node_modules/ts-node/src/index.ts","function":"Object.compile","line":1433,"method":"compile","native":false},{"column":30,"file":"/app/node_modules/ts-node/src/index.ts","function":"Module.m._compile","line":1617,"method":"_compile","native":false},{"column":10,"file":"node:internal/modules/cjs/loader","function":null,"line":1839,"method":null,"native":false},{"column":12,"file":"/app/node_modules/ts-node/src/index.ts","function":"Object.require.extensions.<computed> [as .ts]","line":1621,"method":"ts]","native":false},{"column":32,"file":"node:internal/modules/cjs/loader","function":"Module.load","line":1441,"method":"load","native":false},{"column":12,"file":"node:internal/modules/cjs/loader","function":"Function._load","line":1263,"method":"_load","native":false},{"column":14,"file":"node:diagnostics_channel","function":"TracingChannel.traceSync","line":328,"method":"traceSync","native":false}]}
{"date":"Sun Dec 14 2025 18:17:22 GMT+0000 (Coordinated Universal Time)","error":{"diagnosticCodes":[2307]},"exception":true,"level":"error","message":"uncaughtException: ⨯ Unable to compile TypeScript:\nsrc/jobs/queues/email.queue.ts(1,23): error TS2307: Cannot find module 'bullmq' or its corresponding type declarations.\n\nTSError: ⨯ Unable to compile TypeScript:\nsrc/jobs/queues/email.queue.ts(1,23): error TS2307: Cannot find module 'bullmq' or its corresponding type declarations.\n\n    at createTSError (/app/node_modules/ts-node/src/index.ts:859:12)\n    at reportTSError (/app/node_modules/ts-node/src/index.ts:863:19)\n    at getOutput (/app/node_modules/ts-node/src/index.ts:1077:36)\n    at Object.compile (/app/node_modules/ts-node/src/index.ts:1433:41)\n    at Module.m._compile (/app/node_modules/ts-node/src/index.ts:1617:30)\n    at node:internal/modules/cjs/loader:1839:10\n    at Object.require.extensions.<computed> [as .ts] (/app/node_modules/ts-node/src/index.ts:1621:12)\n    at Module.load (node:internal/modules/cjs/loader:1441:32)\n    at Function._load (node:internal/modules/cjs/loader:1263:12)\n    at TracingChannel.traceSync (node:diagnostics_channel:328:14)","os":{"loadavg":[1.23,1.29,1.39],"uptime":18384.32},"process":{"argv":["/app/node_modules/ts-node/dist/bin.js","/app/src/index.ts"],"cwd":"/app","execPath":"/usr/local/bin/node","gid":0,"memoryUsage":{"arrayBuffers":5029204,"external":8151426,"heapTotal":315752448,"heapUsed":282613656,"rss":404967424},"pid":2215,"uid":0,"version":"v22.21.1"},"stack":"TSError: ⨯ Unable to compile TypeScript:\nsrc/jobs/queues/email.queue.ts(1,23): error TS2307: Cannot find module 'bullmq' or its corresponding type declarations.\n\n    at createTSError (/app/node_modules/ts-node/src/index.ts:859:12)\n    at reportTSError (/app/node_modules/ts-node/src/index.ts:863:19)\n    at getOutput (/app/node_modules/ts-node/src/index.ts:1077:36)\n    at Object.compile (/app/node_modules/ts-node/src/index.ts:1433:41)\n    at Module.m._compile (/app/node_modules/ts-node/src/index.ts:1617:30)\n    at node:internal/modules/cjs/loader:1839:10\n    at Object.require.extensions.<computed> [as .ts] (/app/node_modules/ts-node/src/index.ts:1621:12)\n    at Module.load (node:internal/modules/cjs/loader:1441:32)\n    at Function._load (node:internal/modules/cjs/loader:1263:12)\n    at TracingChannel.traceSync (node:diagnostics_channel:328:14)","timestamp":"2025-12-14 18:17:22","trace":[{"column":12,"file":"/app/node_modules/ts-node/src/index.ts","function":"createTSError","line":859,"method":null,"native":false},{"column":19,"file":"/app/node_modules/ts-node/src/index.ts","function":"reportTSError","line":863,"method":null,"native":false},{"column":36,"file":"/app/node_modules/ts-node/src/index.ts","function":"getOutput","line":1077,"method":null,"native":false},{"column":41,"file":"/app/node_modules/ts-node/src/index.ts","function":"Object.compile","line":1433,"method":"compile","native":false},{"column":30,"file":"/app/node_modules/ts-node/src/index.ts","function":"Module.m._compile","line":1617,"method":"_compile","native":false},{"column":10,"file":"node:internal/modules/cjs/loader","function":null,"line":1839,"method":null,"native":false},{"column":12,"file":"/app/node_modules/ts-node/src/index.ts","function":"Object.require.extensions.<computed> [as .ts]","line":1621,"method":"ts]","native":false},{"column":32,"file":"node:internal/modules/cjs/loader","function":"Module.load","line":1441,"method":"load","native":false},{"column":12,"file":"node:internal/modules/cjs/loader","function":"Function._load","line":1263,"method":"_load","native":false},{"column":14,"file":"node:diagnostics_channel","function":"TracingChannel.traceSync","line":328,"method":"traceSync","native":false}]}
{"date":"Sun Dec 14 2025 18:21:57 GMT+0000 (Coordinated Universal Time)","error":{"diagnosticCodes":[2307]},"exception":true,"level":"error","message":"uncaughtException: ⨯ Unable to compile TypeScript:\nsrc/jobs/queues/email.queue.ts(1,23): error TS2307: Cannot find module 'bullmq' or its corresponding type declarations.\n\nTSError: ⨯ Unable to compile TypeScript:\nsrc/jobs/queues/email.queue.ts(1,23): error TS2307: Cannot find module 'bullmq' or its corresponding type declarations.\n\n    at createTSError (/app/node_modules/ts-node/src/index.ts:859:12)\n    at reportTSError (/app/node_modules/ts-node/src/index.ts:863:19)\n    at getOutput (/app/node_modules/ts-node/src/index.ts:1077:36)\n    at Object.compile (/app/node_modules/ts-node/src/index.ts:1433:41)\n    at Module.m._compile (/app/node_modules/ts-node/src/index.ts:1617:30)\n    at node:internal/modules/cjs/loader:1839:10\n    at Object.require.extensions.<computed> [as .ts] (/app/node_modules/ts-node/src/index.ts:1621:12)\n    at Module.load (node:internal/modules/cjs/loader:1441:32)\n    at Function._load (node:internal/modules/cjs/loader:1263:12)\n    at TracingChannel.traceSync (node:diagnostics_channel:328:14)","os":{"loadavg":[1.24,1.21,1.33],"uptime":18659.27},"process":{"argv":["/app/node_modules/ts-node/dist/bin.js","/app/src/index.ts"],"cwd":"/app","execPath":"/usr/local/bin/node","gid":0,"memoryUsage":{"arrayBuffers":5029044,"external":8151266,"heapTotal":316801024,"heapUsed":282172376,"rss":405696512},"pid":2235,"uid":0,"version":"v22.21.1"},"stack":"TSError: ⨯ Unable to compile TypeScript:\nsrc/jobs/queues/email.queue.ts(1,23): error TS2307: Cannot find module 'bullmq' or its corresponding type declarations.\n\n    at createTSError (/app/node_modules/ts-node/src/index.ts:859:12)\n    at reportTSError (/app/node_modules/ts-node/src/index.ts:863:19)\n    at getOutput (/app/node_modules/ts-node/src/index.ts:1077:36)\n    at Object.compile (/app/node_modules/ts-node/src/index.ts:1433:41)\n    at Module.m._compile (/app/node_modules/ts-node/src/index.ts:1617:30)\n    at node:internal/modules/cjs/loader:1839:10\n    at Object.require.extensions.<computed> [as .ts] (/app/node_modules/ts-node/src/index.ts:1621:12)\n    at Module.load (node:internal/modules/cjs/loader:1441:32)\n    at Function._load (node:internal/modules/cjs/loader:1263:12)\n    at TracingChannel.traceSync (node:diagnostics_channel:328:14)","timestamp":"2025-12-14 18:21:57","trace":[{"column":12,"file":"/app/node_modules/ts-node/src/index.ts","function":"createTSError","line":859,"method":null,"native":false},{"column":19,"file":"/app/node_modules/ts-node/src/index.ts","function":"reportTSError","line":863,"method":null,"native":false},{"column":36,"file":"/app/node_modules/ts-node/src/index.ts","function":"getOutput","line":1077,"method":null,"native":false},{"column":41,"file":"/app/node_modules/ts-node/src/index.ts","function":"Object.compile","line":1433,"method":"compile","native":false},{"column":30,"file":"/app/node_modules/ts-node/src/index.ts","function":"Module.m._compile","line":1617,"method":"_compile","native":false},{"column":10,"file":"node:internal/modules/cjs/loader","function":null,"line":1839,"method":null,"native":false},{"column":12,"file":"/app/node_modules/ts-node/src/index.ts","function":"Object.require.extensions.<computed> [as .ts]","line":1621,"method":"ts]","native":false},{"column":32,"file":"node:internal/modules/cjs/loader","function":"Module.load","line":1441,"method":"load","native":false},{"column":12,"file":"node:internal/modules/cjs/loader","function":"Function._load","line":1263,"method":"_load","native":false},{"column":14,"file":"node:diagnostics_channel","function":"TracingChannel.traceSync","line":328,"method":"traceSync","native":false}]}
{"date":"Sun Dec 14 2025 18:21:57 GMT+0000 (Coordinated Universal Time)","error":{"diagnosticCodes":[2307]},"exception":true,"level":"error","message":"uncaughtException: ⨯ Unable to compile TypeScript:\nsrc/jobs/queues/email.queue.ts(1,23): error TS2307: Cannot find module 'bullmq' or its corresponding type declarations.\n\nTSError: ⨯ Unable to compile TypeScript:\nsrc/jobs/queues/email.queue.ts(1,23): error TS2307: Cannot find module 'bullmq' or its corresponding type declarations.\n\n    at createTSError (/app/node_modules/ts-node/src/index.ts:859:12)\n    at reportTSError (/app/node_modules/ts-node/src/index.ts:863:19)\n    at getOutput (/app/node_modules/ts-node/src/index.ts:1077:36)\n    at Object.compile (/app/node_modules/ts-node/src/index.ts:1433:41)\n    at Module.m._compile (/app/node_modules/ts-node/src/index.ts:1617:30)\n    at node:internal/modules/cjs/loader:1839:10\n    at Object.require.extensions.<computed> [as .ts] (/app/node_modules/ts-node/src/index.ts:1621:12)\n    at Module.load (node:internal/modules/cjs/loader:1441:32)\n    at Function._load (node:internal/modules/cjs/loader:1263:12)\n    at TracingChannel.traceSync (node:diagnostics_channel:328:14)","os":{"loadavg":[1.24,1.21,1.33],"uptime":18659.27},"process":{"argv":["/app/node_modules/ts-node/dist/bin.js","/app/src/index.ts"],"cwd":"/app","execPath":"/usr/local/bin/node","gid":0,"memoryUsage":{"arrayBuffers":5029044,"external":8151266,"heapTotal":316801024,"heapUsed":282172376,"rss":405696512},"pid":2235,"uid":0,"version":"v22.21.1"},"stack":"TSError: ⨯ Unable to compile TypeScript:\nsrc/jobs/queues/email.queue.ts(1,23): error TS2307: Cannot find module 'bullmq' or its corresponding type declarations.\n\n    at createTSError (/app/node_modules/ts-node/src/index.ts:859:12)\n    at reportTSError (/app/node_modules/ts-node/src/index.ts:863:19)\n    at getOutput (/app/node_modules/ts-node/src/index.ts:1077:36)\n    at Object.compile (/app/node_modules/ts-node/src/index.ts:1433:41)\n    at Module.m._compile (/app/node_modules/ts-node/src/index.ts:1617:30)\n    at node:internal/modules/cjs/loader:1839:10\n    at Object.require.extensions.<computed> [as .ts] (/app/node_modules/ts-node/src/index.ts:1621:12)\n    at Module.load (node:internal/modules/cjs/loader:1441:32)\n    at Function._load (node:internal/modules/cjs/loader:1263:12)\n    at TracingChannel.traceSync (node:diagnostics_channel:328:14)","timestamp":"2025-12-14 18:21:57","trace":[{"column":12,"file":"/app/node_modules/ts-node/src/index.ts","function":"createTSError","line":859,"method":null,"native":false},{"column":19,"file":"/app/node_modules/ts-node/src/index.ts","function":"reportTSError","line":863,"method":null,"native":false},{"column":36,"file":"/app/node_modules/ts-node/src/index.ts","function":"getOutput","line":1077,"method":null,"native":false},{"column":41,"file":"/app/node_modules/ts-node/src/index.ts","function":"Object.compile","line":1433,"method":"compile","native":false},{"column":30,"file":"/app/node_modules/ts-node/src/index.ts","function":"Module.m._compile","line":1617,"method":"_compile","native":false},{"column":10,"file":"node:internal/modules/cjs/loader","function":null,"line":1839,"method":null,"native":false},{"column":12,"file":"/app/node_modules/ts-node/src/index.ts","function":"Object.require.extensions.<computed> [as .ts]","line":1621,"method":"ts]","native":false},{"column":32,"file":"node:internal/modules/cjs/loader","function":"Module.load","line":1441,"method":"load","native":false},{"column":12,"file":"node:internal/modules/cjs/loader","function":"Function._load","line":1263,"method":"_load","native":false},{"column":14,"file":"node:diagnostics_channel","function":"TracingChannel.traceSync","line":328,"method":"traceSync","native":false}]}
{"date":"Sun Dec 14 2025 18:22:45 GMT+0000 (Coordinated Universal Time)","error":{"diagnosticCodes":[2307]},"exception":true,"level":"error","message":"uncaughtException: ⨯ Unable to compile TypeScript:\nsrc/jobs/queues/email.queue.ts(1,23): error TS2307: Cannot find module 'bullmq' or its corresponding type declarations.\n\nTSError: ⨯ Unable to compile TypeScript:\nsrc/jobs/queues/email.queue.ts(1,23): error TS2307: Cannot find module 'bullmq' or its corresponding type declarations.\n\n    at createTSError (/app/node_modules/ts-node/src/index.ts:859:12)\n    at reportTSError (/app/node_modules/ts-node/src/index.ts:863:19)\n    at getOutput (/app/node_modules/ts-node/src/index.ts:1077:36)\n    at Object.compile (/app/node_modules/ts-node/src/index.ts:1433:41)\n    at Module.m._compile (/app/node_modules/ts-node/src/index.ts:1617:30)\n    at node:internal/modules/cjs/loader:1839:10\n    at Object.require.extensions.<computed> [as .ts] (/app/node_modules/ts-node/src/index.ts:1621:12)\n    at Module.load (node:internal/modules/cjs/loader:1441:32)\n    at Function._load (node:internal/modules/cjs/loader:1263:12)\n    at TracingChannel.traceSync (node:diagnostics_channel:328:14)","os":{"loadavg":[1.09,1.14,1.29],"uptime":18707.51},"process":{"argv":["/app/node_modules/ts-node/dist/bin.js","/app/src/index.ts"],"cwd":"/app","execPath":"/usr/local/bin/node","gid":0,"memoryUsage":{"arrayBuffers":5041105,"external":8163327,"heapTotal":317063168,"heapUsed":282285696,"rss":404275200},"pid":2273,"uid":0,"version":"v22.21.1"},"stack":"TSError: ⨯ Unable to compile TypeScript:\nsrc/jobs/queues/email.queue.ts(1,23): error TS2307: Cannot find module 'bullmq' or its corresponding type declarations.\n\n    at createTSError (/app/node_modules/ts-node/src/index.ts:859:12)\n    at reportTSError (/app/node_modules/ts-node/src/index.ts:863:19)\n    at getOutput (/app/node_modules/ts-node/src/index.ts:1077:36)\n    at Object.compile (/app/node_modules/ts-node/src/index.ts:1433:41)\n    at Module.m._compile (/app/node_modules/ts-node/src/index.ts:1617:30)\n    at node:internal/modules/cjs/loader:1839:10\n    at Object.require.extensions.<computed> [as .ts] (/app/node_modules/ts-node/src/index.ts:1621:12)\n    at Module.load (node:internal/modules/cjs/loader:1441:32)\n    at Function._load (node:internal/modules/cjs/loader:1263:12)\n    at TracingChannel.traceSync (node:diagnostics_channel:328:14)","timestamp":"2025-12-14 18:22:45","trace":[{"column":12,"file":"/app/node_modules/ts-node/src/index.ts","function":"createTSError","line":859,"method":null,"native":false},{"column":19,"file":"/app/node_modules/ts-node/src/index.ts","function":"reportTSError","line":863,"method":null,"native":false},{"column":36,"file":"/app/node_modules/ts-node/src/index.ts","function":"getOutput","line":1077,"method":null,"native":false},{"column":41,"file":"/app/node_modules/ts-node/src/index.ts","function":"Object.compile","line":1433,"method":"compile","native":false},{"column":30,"file":"/app/node_modules/ts-node/src/index.ts","function":"Module.m._compile","line":1617,"method":"_compile","native":false},{"column":10,"file":"node:internal/modules/cjs/loader","function":null,"line":1839,"method":null,"native":false},{"column":12,"file":"/app/node_modules/ts-node/src/index.ts","function":"Object.require.extensions.<computed> [as .ts]","line":1621,"method":"ts]","native":false},{"column":32,"file":"node:internal/modules/cjs/loader","function":"Module.load","line":1441,"method":"load","native":false},{"column":12,"file":"node:internal/modules/cjs/loader","function":"Function._load","line":1263,"method":"_load","native":false},{"column":14,"file":"node:diagnostics_channel","function":"TracingChannel.traceSync","line":328,"method":"traceSync","native":false}]}
{"date":"Sun Dec 14 2025 18:22:45 GMT+0000 (Coordinated Universal Time)","error":{"diagnosticCodes":[2307]},"exception":true,"level":"error","message":"uncaughtException: ⨯ Unable to compile TypeScript:\nsrc/jobs/queues/email.queue.ts(1,23): error TS2307: Cannot find module 'bullmq' or its corresponding type declarations.\n\nTSError: ⨯ Unable to compile TypeScript:\nsrc/jobs/queues/email.queue.ts(1,23): error TS2307: Cannot find module 'bullmq' or its corresponding type declarations.\n\n    at createTSError (/app/node_modules/ts-node/src/index.ts:859:12)\n    at reportTSError (/app/node_modules/ts-node/src/index.ts:863:19)\n    at getOutput (/app/node_modules/ts-node/src/index.ts:1077:36)\n    at Object.compile (/app/node_modules/ts-node/src/index.ts:1433:41)\n    at Module.m._compile (/app/node_modules/ts-node/src/index.ts:1617:30)\n    at node:internal/modules/cjs/loader:1839:10\n    at Object.require.extensions.<computed> [as .ts] (/app/node_modules/ts-node/src/index.ts:1621:12)\n    at Module.load (node:internal/modules/cjs/loader:1441:32)\n    at Function._load (node:internal/modules/cjs/loader:1263:12)\n    at TracingChannel.traceSync (node:diagnostics_channel:328:14)","os":{"loadavg":[1.09,1.14,1.29],"uptime":18707.51},"process":{"argv":["/app/node_modules/ts-node/dist/bin.js","/app/src/index.ts"],"cwd":"/app","execPath":"/usr/local/bin/node","gid":0,"memoryUsage":{"arrayBuffers":5041105,"external":8163327,"heapTotal":317063168,"heapUsed":282285696,"rss":404275200},"pid":2273,"uid":0,"version":"v22.21.1"},"stack":"TSError: ⨯ Unable to compile TypeScript:\nsrc/jobs/queues/email.queue.ts(1,23): error TS2307: Cannot find module 'bullmq' or its corresponding type declarations.\n\n    at createTSError (/app/node_modules/ts-node/src/index.ts:859:12)\n    at reportTSError (/app/node_modules/ts-node/src/index.ts:863:19)\n    at getOutput (/app/node_modules/ts-node/src/index.ts:1077:36)\n    at Object.compile (/app/node_modules/ts-node/src/index.ts:1433:41)\n    at Module.m._compile (/app/node_modules/ts-node/src/index.ts:1617:30)\n    at node:internal/modules/cjs/loader:1839:10\n    at Object.require.extensions.<computed> [as .ts] (/app/node_modules/ts-node/src/index.ts:1621:12)\n    at Module.load (node:internal/modules/cjs/loader:1441:32)\n    at Function._load (node:internal/modules/cjs/loader:1263:12)\n    at TracingChannel.traceSync (node:diagnostics_channel:328:14)","timestamp":"2025-12-14 18:22:45","trace":[{"column":12,"file":"/app/node_modules/ts-node/src/index.ts","function":"createTSError","line":859,"method":null,"native":false},{"column":19,"file":"/app/node_modules/ts-node/src/index.ts","function":"reportTSError","line":863,"method":null,"native":false},{"column":36,"file":"/app/node_modules/ts-node/src/index.ts","function":"getOutput","line":1077,"method":null,"native":false},{"column":41,"file":"/app/node_modules/ts-node/src/index.ts","function":"Object.compile","line":1433,"method":"compile","native":false},{"column":30,"file":"/app/node_modules/ts-node/src/index.ts","function":"Module.m._compile","line":1617,"method":"_compile","native":false},{"column":10,"file":"node:internal/modules/cjs/loader","function":null,"line":1839,"method":null,"native":false},{"column":12,"file":"/app/node_modules/ts-node/src/index.ts","function":"Object.require.extensions.<computed> [as .ts]","line":1621,"method":"ts]","native":false},{"column":32,"file":"node:internal/modules/cjs/loader","function":"Module.load","line":1441,"method":"load","native":false},{"column":12,"file":"node:internal/modules/cjs/loader","function":"Function._load","line":1263,"method":"_load","native":false},{"column":14,"file":"node:diagnostics_channel","function":"TracingChannel.traceSync","line":328,"method":"traceSync","native":false}]}
{"date":"Sun Dec 14 2025 18:30:36 GMT+0000 (Coordinated Universal Time)","error":{},"exception":true,"level":"error","message":"uncaughtException: BullMQ: Your redis options maxRetriesPerRequest must be null.\nError: BullMQ: Your redis options maxRetriesPerRequest must be null.\n    at RedisConnection.checkBlockingOptions (/app/node_modules/bullmq/src/classes/redis-connection.ts:143:15)\n    at new RedisConnection (/app/node_modules/bullmq/src/classes/redis-connection.ts:113:12)\n    at new Worker (/app/node_modules/bullmq/src/classes/worker.ts:340:31)\n    at Object.<anonymous> (/app/src/jobs/workers/email.worker.ts:101:28)\n    at Module._compile (node:internal/modules/cjs/loader:1706:14)\n    at Module.m._compile (/app/node_modules/ts-node/src/index.ts:1618:23)\n    at node:internal/modules/cjs/loader:1839:10\n    at Object.require.extensions.<computed> [as .ts] (/app/node_modules/ts-node/src/index.ts:1621:12)\n    at Module.load (node:internal/modules/cjs/loader:1441:32)\n    at Function._load (node:internal/modules/cjs/loader:1263:12)","os":{"loadavg":[1.13,1.18,1.25],"uptime":19178.65},"process":{"argv":["/app/node_modules/ts-node/dist/bin.js","/app/src/index.ts"],"cwd":"/app","execPath":"/usr/local/bin/node","gid":0,"memoryUsage":{"arrayBuffers":2682702,"external":5840776,"heapTotal":328720384,"heapUsed":301899232,"rss":426876928},"pid":38,"uid":0,"version":"v22.21.1"},"stack":"Error: BullMQ: Your redis options maxRetriesPerRequest must be null.\n    at RedisConnection.checkBlockingOptions (/app/node_modules/bullmq/src/classes/redis-connection.ts:143:15)\n    at new RedisConnection (/app/node_modules/bullmq/src/classes/redis-connection.ts:113:12)\n    at new Worker (/app/node_modules/bullmq/src/classes/worker.ts:340:31)\n    at Object.<anonymous> (/app/src/jobs/workers/email.worker.ts:101:28)\n    at Module._compile (node:internal/modules/cjs/loader:1706:14)\n    at Module.m._compile (/app/node_modules/ts-node/src/index.ts:1618:23)\n    at node:internal/modules/cjs/loader:1839:10\n    at Object.require.extensions.<computed> [as .ts] (/app/node_modules/ts-node/src/index.ts:1621:12)\n    at Module.load (node:internal/modules/cjs/loader:1441:32)\n    at Function._load (node:internal/modules/cjs/loader:1263:12)","timestamp":"2025-12-14 18:30:36","trace":[{"column":15,"file":"/app/node_modules/bullmq/src/classes/redis-connection.ts","function":"RedisConnection.checkBlockingOptions","line":143,"method":"checkBlockingOptions","native":false},{"column":12,"file":"/app/node_modules/bullmq/src/classes/redis-connection.ts","function":"new RedisConnection","line":113,"method":null,"native":false},{"column":31,"file":"/app/node_modules/bullmq/src/classes/worker.ts","function":"new Worker","line":340,"method":null,"native":false},{"column":28,"file":"/app/src/jobs/workers/email.worker.ts","function":null,"line":101,"method":null,"native":false},{"column":14,"file":"node:internal/modules/cjs/loader","function":"Module._compile","line":1706,"method":"_compile","native":false},{"column":23,"file":"/app/node_modules/ts-node/src/index.ts","function":"Module.m._compile","line":1618,"method":"_compile","native":false},{"column":10,"file":"node:internal/modules/cjs/loader","function":null,"line":1839,"method":null,"native":false},{"column":12,"file":"/app/node_modules/ts-node/src/index.ts","function":"Object.require.extensions.<computed> [as .ts]","line":1621,"method":"ts]","native":false},{"column":32,"file":"node:internal/modules/cjs/loader","function":"Module.load","line":1441,"method":"load","native":false},{"column":12,"file":"node:internal/modules/cjs/loader","function":"Function._load","line":1263,"method":"_load","native":false}]}
{"date":"Sun Dec 14 2025 18:30:36 GMT+0000 (Coordinated Universal Time)","error":{},"exception":true,"level":"error","message":"uncaughtException: BullMQ: Your redis options maxRetriesPerRequest must be null.\nError: BullMQ: Your redis options maxRetriesPerRequest must be null.\n    at RedisConnection.checkBlockingOptions (/app/node_modules/bullmq/src/classes/redis-connection.ts:143:15)\n    at new RedisConnection (/app/node_modules/bullmq/src/classes/redis-connection.ts:113:12)\n    at new Worker (/app/node_modules/bullmq/src/classes/worker.ts:340:31)\n    at Object.<anonymous> (/app/src/jobs/workers/email.worker.ts:101:28)\n    at Module._compile (node:internal/modules/cjs/loader:1706:14)\n    at Module.m._compile (/app/node_modules/ts-node/src/index.ts:1618:23)\n    at node:internal/modules/cjs/loader:1839:10\n    at Object.require.extensions.<computed> [as .ts] (/app/node_modules/ts-node/src/index.ts:1621:12)\n    at Module.load (node:internal/modules/cjs/loader:1441:32)\n    at Function._load (node:internal/modules/cjs/loader:1263:12)","os":{"loadavg":[1.13,1.18,1.25],"uptime":19178.65},"process":{"argv":["/app/node_modules/ts-node/dist/bin.js","/app/src/index.ts"],"cwd":"/app","execPath":"/usr/local/bin/node","gid":0,"memoryUsage":{"arrayBuffers":2682702,"external":5840776,"heapTotal":328720384,"heapUsed":301899232,"rss":426876928},"pid":38,"uid":0,"version":"v22.21.1"},"stack":"Error: BullMQ: Your redis options maxRetriesPerRequest must be null.\n    at RedisConnection.checkBlockingOptions (/app/node_modules/bullmq/src/classes/redis-connection.ts:143:15)\n    at new RedisConnection (/app/node_modules/bullmq/src/classes/redis-connection.ts:113:12)\n    at new Worker (/app/node_modules/bullmq/src/classes/worker.ts:340:31)\n    at Object.<anonymous> (/app/src/jobs/workers/email.worker.ts:101:28)\n    at Module._compile (node:internal/modules/cjs/loader:1706:14)\n    at Module.m._compile (/app/node_modules/ts-node/src/index.ts:1618:23)\n    at node:internal/modules/cjs/loader:1839:10\n    at Object.require.extensions.<computed> [as .ts] (/app/node_modules/ts-node/src/index.ts:1621:12)\n    at Module.load (node:internal/modules/cjs/loader:1441:32)\n    at Function._load (node:internal/modules/cjs/loader:1263:12)","timestamp":"2025-12-14 18:30:36","trace":[{"column":15,"file":"/app/node_modules/bullmq/src/classes/redis-connection.ts","function":"RedisConnection.checkBlockingOptions","line":143,"method":"checkBlockingOptions","native":false},{"column":12,"file":"/app/node_modules/bullmq/src/classes/redis-connection.ts","function":"new RedisConnection","line":113,"method":null,"native":false},{"column":31,"file":"/app/node_modules/bullmq/src/classes/worker.ts","function":"new Worker","line":340,"method":null,"native":false},{"column":28,"file":"/app/src/jobs/workers/email.worker.ts","function":null,"line":101,"method":null,"native":false},{"column":14,"file":"node:internal/modules/cjs/loader","function":"Module._compile","line":1706,"method":"_compile","native":false},{"column":23,"file":"/app/node_modules/ts-node/src/index.ts","function":"Module.m._compile","line":1618,"method":"_compile","native":false},{"column":10,"file":"node:internal/modules/cjs/loader","function":null,"line":1839,"method":null,"native":false},{"column":12,"file":"/app/node_modules/ts-node/src/index.ts","function":"Object.require.extensions.<computed> [as .ts]","line":1621,"method":"ts]","native":false},{"column":32,"file":"node:internal/modules/cjs/loader","function":"Module.load","line":1441,"method":"load","native":false},{"column":12,"file":"node:internal/modules/cjs/loader","function":"Function._load","line":1263,"method":"_load","native":false}]}
{"date":"Sun Dec 14 2025 18:32:08 GMT+0000 (Coordinated Universal Time)","error":{},"exception":true,"level":"error","message":"uncaughtException: BullMQ: Your redis options maxRetriesPerRequest must be null.\nError: BullMQ: Your redis options maxRetriesPerRequest must be null.\n    at RedisConnection.checkBlockingOptions (/app/node_modules/bullmq/src/classes/redis-connection.ts:143:15)\n    at new RedisConnection (/app/node_modules/bullmq/src/classes/redis-connection.ts:113:12)\n    at new Worker (/app/node_modules/bullmq/src/classes/worker.ts:340:31)\n    at Object.<anonymous> (/app/src/jobs/workers/email.worker.ts:101:28)\n    at Module._compile (node:internal/modules/cjs/loader:1706:14)\n    at Module.m._compile (/app/node_modules/ts-node/src/index.ts:1618:23)\n    at node:internal/modules/cjs/loader:1839:10\n    at Object.require.extensions.<computed> [as .ts] (/app/node_modules/ts-node/src/index.ts:1621:12)\n    at Module.load (node:internal/modules/cjs/loader:1441:32)\n    at Function._load (node:internal/modules/cjs/loader:1263:12)","os":{"loadavg":[1.25,1.16,1.23],"uptime":19270.08},"process":{"argv":["/app/node_modules/ts-node/dist/bin.js","/app/src/index.ts"],"cwd":"/app","execPath":"/usr/local/bin/node","gid":0,"memoryUsage":{"arrayBuffers":5105174,"external":8263248,"heapTotal":327933952,"heapUsed":302188080,"rss":417689600},"pid":58,"uid":0,"version":"v22.21.1"},"stack":"Error: BullMQ: Your redis options maxRetriesPerRequest must be null.\n    at RedisConnection.checkBlockingOptions (/app/node_modules/bullmq/src/classes/redis-connection.ts:143:15)\n    at new RedisConnection (/app/node_modules/bullmq/src/classes/redis-connection.ts:113:12)\n    at new Worker (/app/node_modules/bullmq/src/classes/worker.ts:340:31)\n    at Object.<anonymous> (/app/src/jobs/workers/email.worker.ts:101:28)\n    at Module._compile (node:internal/modules/cjs/loader:1706:14)\n    at Module.m._compile (/app/node_modules/ts-node/src/index.ts:1618:23)\n    at node:internal/modules/cjs/loader:1839:10\n    at Object.require.extensions.<computed> [as .ts] (/app/node_modules/ts-node/src/index.ts:1621:12)\n    at Module.load (node:internal/modules/cjs/loader:1441:32)\n    at Function._load (node:internal/modules/cjs/loader:1263:12)","timestamp":"2025-12-14 18:32:08","trace":[{"column":15,"file":"/app/node_modules/bullmq/src/classes/redis-connection.ts","function":"RedisConnection.checkBlockingOptions","line":143,"method":"checkBlockingOptions","native":false},{"column":12,"file":"/app/node_modules/bullmq/src/classes/redis-connection.ts","function":"new RedisConnection","line":113,"method":null,"native":false},{"column":31,"file":"/app/node_modules/bullmq/src/classes/worker.ts","function":"new Worker","line":340,"method":null,"native":false},{"column":28,"file":"/app/src/jobs/workers/email.worker.ts","function":null,"line":101,"method":null,"native":false},{"column":14,"file":"node:internal/modules/cjs/loader","function":"Module._compile","line":1706,"method":"_compile","native":false},{"column":23,"file":"/app/node_modules/ts-node/src/index.ts","function":"Module.m._compile","line":1618,"method":"_compile","native":false},{"column":10,"file":"node:internal/modules/cjs/loader","function":null,"line":1839,"method":null,"native":false},{"column":12,"file":"/app/node_modules/ts-node/src/index.ts","function":"Object.require.extensions.<computed> [as .ts]","line":1621,"method":"ts]","native":false},{"column":32,"file":"node:internal/modules/cjs/loader","function":"Module.load","line":1441,"method":"load","native":false},{"column":12,"file":"node:internal/modules/cjs/loader","function":"Function._load","line":1263,"method":"_load","native":false}]}
{"date":"Sun Dec 14 2025 18:32:08 GMT+0000 (Coordinated Universal Time)","error":{},"exception":true,"level":"error","message":"uncaughtException: BullMQ: Your redis options maxRetriesPerRequest must be null.\nError: BullMQ: Your redis options maxRetriesPerRequest must be null.\n    at RedisConnection.checkBlockingOptions (/app/node_modules/bullmq/src/classes/redis-connection.ts:143:15)\n    at new RedisConnection (/app/node_modules/bullmq/src/classes/redis-connection.ts:113:12)\n    at new Worker (/app/node_modules/bullmq/src/classes/worker.ts:340:31)\n    at Object.<anonymous> (/app/src/jobs/workers/email.worker.ts:101:28)\n    at Module._compile (node:internal/modules/cjs/loader:1706:14)\n    at Module.m._compile (/app/node_modules/ts-node/src/index.ts:1618:23)\n    at node:internal/modules/cjs/loader:1839:10\n    at Object.require.extensions.<computed> [as .ts] (/app/node_modules/ts-node/src/index.ts:1621:12)\n    at Module.load (node:internal/modules/cjs/loader:1441:32)\n    at Function._load (node:internal/modules/cjs/loader:1263:12)","os":{"loadavg":[1.25,1.16,1.23],"uptime":19270.08},"process":{"argv":["/app/node_modules/ts-node/dist/bin.js","/app/src/index.ts"],"cwd":"/app","execPath":"/usr/local/bin/node","gid":0,"memoryUsage":{"arrayBuffers":5105174,"external":8263248,"heapTotal":327933952,"heapUsed":302188080,"rss":417689600},"pid":58,"uid":0,"version":"v22.21.1"},"stack":"Error: BullMQ: Your redis options maxRetriesPerRequest must be null.\n    at RedisConnection.checkBlockingOptions (/app/node_modules/bullmq/src/classes/redis-connection.ts:143:15)\n    at new RedisConnection (/app/node_modules/bullmq/src/classes/redis-connection.ts:113:12)\n    at new Worker (/app/node_modules/bullmq/src/classes/worker.ts:340:31)\n    at Object.<anonymous> (/app/src/jobs/workers/email.worker.ts:101:28)\n    at Module._compile (node:internal/modules/cjs/loader:1706:14)\n    at Module.m._compile (/app/node_modules/ts-node/src/index.ts:1618:23)\n    at node:internal/modules/cjs/loader:1839:10\n    at Object.require.extensions.<computed> [as .ts] (/app/node_modules/ts-node/src/index.ts:1621:12)\n    at Module.load (node:internal/modules/cjs/loader:1441:32)\n    at Function._load (node:internal/modules/cjs/loader:1263:12)","timestamp":"2025-12-14 18:32:08","trace":[{"column":15,"file":"/app/node_modules/bullmq/src/classes/redis-connection.ts","function":"RedisConnection.checkBlockingOptions","line":143,"method":"checkBlockingOptions","native":false},{"column":12,"file":"/app/node_modules/bullmq/src/classes/redis-connection.ts","function":"new RedisConnection","line":113,"method":null,"native":false},{"column":31,"file":"/app/node_modules/bullmq/src/classes/worker.ts","function":"new Worker","line":340,"method":null,"native":false},{"column":28,"file":"/app/src/jobs/workers/email.worker.ts","function":null,"line":101,"method":null,"native":false},{"column":14,"file":"node:internal/modules/cjs/loader","function":"Module._compile","line":1706,"method":"_compile","native":false},{"column":23,"file":"/app/node_modules/ts-node/src/index.ts","function":"Module.m._compile","line":1618,"method":"_compile","native":false},{"column":10,"file":"node:internal/modules/cjs/loader","function":null,"line":1839,"method":null,"native":false},{"column":12,"file":"/app/node_modules/ts-node/src/index.ts","function":"Object.require.extensions.<computed> [as .ts]","line":1621,"method":"ts]","native":false},{"column":32,"file":"node:internal/modules/cjs/loader","function":"Module.load","line":1441,"method":"load","native":false},{"column":12,"file":"node:internal/modules/cjs/loader","function":"Function._load","line":1263,"method":"_load","native":false}]}
{"date":"Sun Dec 14 2025 18:32:26 GMT+0000 (Coordinated Universal Time)","error":{},"exception":true,"level":"error","message":"uncaughtException: BullMQ: Your redis options maxRetriesPerRequest must be null.\nError: BullMQ: Your redis options maxRetriesPerRequest must be null.\n    at RedisConnection.checkBlockingOptions (/app/node_modules/bullmq/src/classes/redis-connection.ts:143:15)\n    at new RedisConnection (/app/node_modules/bullmq/src/classes/redis-connection.ts:113:12)\n    at new Worker (/app/node_modules/bullmq/src/classes/worker.ts:340:31)\n    at Object.<anonymous> (/app/src/jobs/workers/email.worker.ts:101:28)\n    at Module._compile (node:internal/modules/cjs/loader:1706:14)\n    at Module.m._compile (/app/node_modules/ts-node/src/index.ts:1618:23)\n    at node:internal/modules/cjs/loader:1839:10\n    at Object.require.extensions.<computed> [as .ts] (/app/node_modules/ts-node/src/index.ts:1621:12)\n    at Module.load (node:internal/modules/cjs/loader:1441:32)\n    at Function._load (node:internal/modules/cjs/loader:1263:12)","os":{"loadavg":[1.14,1.13,1.22],"uptime":19288.74},"process":{"argv":["/app/node_modules/ts-node/dist/bin.js","/app/src/index.ts"],"cwd":"/app","execPath":"/usr/local/bin/node","gid":0,"memoryUsage":{"arrayBuffers":5105867,"external":8263941,"heapTotal":327933952,"heapUsed":302462720,"rss":417423360},"pid":97,"uid":0,"version":"v22.21.1"},"stack":"Error: BullMQ: Your redis options maxRetriesPerRequest must be null.\n    at RedisConnection.checkBlockingOptions (/app/node_modules/bullmq/src/classes/redis-connection.ts:143:15)\n    at new RedisConnection (/app/node_modules/bullmq/src/classes/redis-connection.ts:113:12)\n    at new Worker (/app/node_modules/bullmq/src/classes/worker.ts:340:31)\n    at Object.<anonymous> (/app/src/jobs/workers/email.worker.ts:101:28)\n    at Module._compile (node:internal/modules/cjs/loader:1706:14)\n    at Module.m._compile (/app/node_modules/ts-node/src/index.ts:1618:23)\n    at node:internal/modules/cjs/loader:1839:10\n    at Object.require.extensions.<computed> [as .ts] (/app/node_modules/ts-node/src/index.ts:1621:12)\n    at Module.load (node:internal/modules/cjs/loader:1441:32)\n    at Function._load (node:internal/modules/cjs/loader:1263:12)","timestamp":"2025-12-14 18:32:26","trace":[{"column":15,"file":"/app/node_modules/bullmq/src/classes/redis-connection.ts","function":"RedisConnection.checkBlockingOptions","line":143,"method":"checkBlockingOptions","native":false},{"column":12,"file":"/app/node_modules/bullmq/src/classes/redis-connection.ts","function":"new RedisConnection","line":113,"method":null,"native":false},{"column":31,"file":"/app/node_modules/bullmq/src/classes/worker.ts","function":"new Worker","line":340,"method":null,"native":false},{"column":28,"file":"/app/src/jobs/workers/email.worker.ts","function":null,"line":101,"method":null,"native":false},{"column":14,"file":"node:internal/modules/cjs/loader","function":"Module._compile","line":1706,"method":"_compile","native":false},{"column":23,"file":"/app/node_modules/ts-node/src/index.ts","function":"Module.m._compile","line":1618,"method":"_compile","native":false},{"column":10,"file":"node:internal/modules/cjs/loader","function":null,"line":1839,"method":null,"native":false},{"column":12,"file":"/app/node_modules/ts-node/src/index.ts","function":"Object.require.extensions.<computed> [as .ts]","line":1621,"method":"ts]","native":false},{"column":32,"file":"node:internal/modules/cjs/loader","function":"Module.load","line":1441,"method":"load","native":false},{"column":12,"file":"node:internal/modules/cjs/loader","function":"Function._load","line":1263,"method":"_load","native":false}]}
{"date":"Sun Dec 14 2025 18:32:26 GMT+0000 (Coordinated Universal Time)","error":{},"exception":true,"level":"error","message":"uncaughtException: BullMQ: Your redis options maxRetriesPerRequest must be null.\nError: BullMQ: Your redis options maxRetriesPerRequest must be null.\n    at RedisConnection.checkBlockingOptions (/app/node_modules/bullmq/src/classes/redis-connection.ts:143:15)\n    at new RedisConnection (/app/node_modules/bullmq/src/classes/redis-connection.ts:113:12)\n    at new Worker (/app/node_modules/bullmq/src/classes/worker.ts:340:31)\n    at Object.<anonymous> (/app/src/jobs/workers/email.worker.ts:101:28)\n    at Module._compile (node:internal/modules/cjs/loader:1706:14)\n    at Module.m._compile (/app/node_modules/ts-node/src/index.ts:1618:23)\n    at node:internal/modules/cjs/loader:1839:10\n    at Object.require.extensions.<computed> [as .ts] (/app/node_modules/ts-node/src/index.ts:1621:12)\n    at Module.load (node:internal/modules/cjs/loader:1441:32)\n    at Function._load (node:internal/modules/cjs/loader:1263:12)","os":{"loadavg":[1.14,1.13,1.22],"uptime":19288.74},"process":{"argv":["/app/node_modules/ts-node/dist/bin.js","/app/src/index.ts"],"cwd":"/app","execPath":"/usr/local/bin/node","gid":0,"memoryUsage":{"arrayBuffers":5105867,"external":8263941,"heapTotal":327933952,"heapUsed":302462720,"rss":417423360},"pid":97,"uid":0,"version":"v22.21.1"},"stack":"Error: BullMQ: Your redis options maxRetriesPerRequest must be null.\n    at RedisConnection.checkBlockingOptions (/app/node_modules/bullmq/src/classes/redis-connection.ts:143:15)\n    at new RedisConnection (/app/node_modules/bullmq/src/classes/redis-connection.ts:113:12)\n    at new Worker (/app/node_modules/bullmq/src/classes/worker.ts:340:31)\n    at Object.<anonymous> (/app/src/jobs/workers/email.worker.ts:101:28)\n    at Module._compile (node:internal/modules/cjs/loader:1706:14)\n    at Module.m._compile (/app/node_modules/ts-node/src/index.ts:1618:23)\n    at node:internal/modules/cjs/loader:1839:10\n    at Object.require.extensions.<computed> [as .ts] (/app/node_modules/ts-node/src/index.ts:1621:12)\n    at Module.load (node:internal/modules/cjs/loader:1441:32)\n    at Function._load (node:internal/modules/cjs/loader:1263:12)","timestamp":"2025-12-14 18:32:26","trace":[{"column":15,"file":"/app/node_modules/bullmq/src/classes/redis-connection.ts","function":"RedisConnection.checkBlockingOptions","line":143,"method":"checkBlockingOptions","native":false},{"column":12,"file":"/app/node_modules/bullmq/src/classes/redis-connection.ts","function":"new RedisConnection","line":113,"method":null,"native":false},{"column":31,"file":"/app/node_modules/bullmq/src/classes/worker.ts","function":"new Worker","line":340,"method":null,"native":false},{"column":28,"file":"/app/src/jobs/workers/email.worker.ts","function":null,"line":101,"method":null,"native":false},{"column":14,"file":"node:internal/modules/cjs/loader","function":"Module._compile","line":1706,"method":"_compile","native":false},{"column":23,"file":"/app/node_modules/ts-node/src/index.ts","function":"Module.m._compile","line":1618,"method":"_compile","native":false},{"column":10,"file":"node:internal/modules/cjs/loader","function":null,"line":1839,"method":null,"native":false},{"column":12,"file":"/app/node_modules/ts-node/src/index.ts","function":"Object.require.extensions.<computed> [as .ts]","line":1621,"method":"ts]","native":false},{"column":32,"file":"node:internal/modules/cjs/loader","function":"Module.load","line":1441,"method":"load","native":false},{"column":12,"file":"node:internal/modules/cjs/loader","function":"Function._load","line":1263,"method":"_load","native":false}]}
{"date":"Sun Dec 14 2025 18:32:38 GMT+0000 (Coordinated Universal Time)","error":{"diagnosticCodes":[2304]},"exception":true,"level":"error","message":"uncaughtException: ⨯ Unable to compile TypeScript:\nsrc/jobs/workers/email.worker.ts(105,17): error TS2304: Cannot find name 'redis'.\n\nTSError: ⨯ Unable to compile TypeScript:\nsrc/jobs/workers/email.worker.ts(105,17): error TS2304: Cannot find name 'redis'.\n\n    at createTSError (/app/node_modules/ts-node/src/index.ts:859:12)\n    at reportTSError (/app/node_modules/ts-node/src/index.ts:863:19)\n    at getOutput (/app/node_modules/ts-node/src/index.ts:1077:36)\n    at Object.compile (/app/node_modules/ts-node/src/index.ts:1433:41)\n    at Module.m._compile (/app/node_modules/ts-node/src/index.ts:1617:30)\n    at node:internal/modules/cjs/loader:1839:10\n    at Object.require.extensions.<computed> [as .ts] (/app/node_modules/ts-node/src/index.ts:1621:12)\n    at Module.load (node:internal/modules/cjs/loader:1441:32)\n    at Function._load (node:internal/modules/cjs/loader:1263:12)\n    at TracingChannel.traceSync (node:diagnostics_channel:328:14)","os":{"loadavg":[0.96,1.1,1.21],"uptime":19300.07},"process":{"argv":["/app/node_modules/ts-node/dist/bin.js","/app/src/index.ts"],"cwd":"/app","execPath":"/usr/local/bin/node","gid":0,"memoryUsage":{"arrayBuffers":5071930,"external":8196200,"heapTotal":324677632,"heapUsed":298766824,"rss":414035968},"pid":117,"uid":0,"version":"v22.21.1"},"stack":"TSError: ⨯ Unable to compile TypeScript:\nsrc/jobs/workers/email.worker.ts(105,17): error TS2304: Cannot find name 'redis'.\n\n    at createTSError (/app/node_modules/ts-node/src/index.ts:859:12)\n    at reportTSError (/app/node_modules/ts-node/src/index.ts:863:19)\n    at getOutput (/app/node_modules/ts-node/src/index.ts:1077:36)\n    at Object.compile (/app/node_modules/ts-node/src/index.ts:1433:41)\n    at Module.m._compile (/app/node_modules/ts-node/src/index.ts:1617:30)\n    at node:internal/modules/cjs/loader:1839:10\n    at Object.require.extensions.<computed> [as .ts] (/app/node_modules/ts-node/src/index.ts:1621:12)\n    at Module.load (node:internal/modules/cjs/loader:1441:32)\n    at Function._load (node:internal/modules/cjs/loader:1263:12)\n    at TracingChannel.traceSync (node:diagnostics_channel:328:14)","timestamp":"2025-12-14 18:32:38","trace":[{"column":12,"file":"/app/node_modules/ts-node/src/index.ts","function":"createTSError","line":859,"method":null,"native":false},{"column":19,"file":"/app/node_modules/ts-node/src/index.ts","function":"reportTSError","line":863,"method":null,"native":false},{"column":36,"file":"/app/node_modules/ts-node/src/index.ts","function":"getOutput","line":1077,"method":null,"native":false},{"column":41,"file":"/app/node_modules/ts-node/src/index.ts","function":"Object.compile","line":1433,"method":"compile","native":false},{"column":30,"file":"/app/node_modules/ts-node/src/index.ts","function":"Module.m._compile","line":1617,"method":"_compile","native":false},{"column":10,"file":"node:internal/modules/cjs/loader","function":null,"line":1839,"method":null,"native":false},{"column":12,"file":"/app/node_modules/ts-node/src/index.ts","function":"Object.require.extensions.<computed> [as .ts]","line":1621,"method":"ts]","native":false},{"column":32,"file":"node:internal/modules/cjs/loader","function":"Module.load","line":1441,"method":"load","native":false},{"column":12,"file":"node:internal/modules/cjs/loader","function":"Function._load","line":1263,"method":"_load","native":false},{"column":14,"file":"node:diagnostics_channel","function":"TracingChannel.traceSync","line":328,"method":"traceSync","native":false}]}
{"date":"Sun Dec 14 2025 18:32:38 GMT+0000 (Coordinated Universal Time)","error":{"diagnosticCodes":[2304]},"exception":true,"level":"error","message":"uncaughtException: ⨯ Unable to compile TypeScript:\nsrc/jobs/workers/email.worker.ts(105,17): error TS2304: Cannot find name 'redis'.\n\nTSError: ⨯ Unable to compile TypeScript:\nsrc/jobs/workers/email.worker.ts(105,17): error TS2304: Cannot find name 'redis'.\n\n    at createTSError (/app/node_modules/ts-node/src/index.ts:859:12)\n    at reportTSError (/app/node_modules/ts-node/src/index.ts:863:19)\n    at getOutput (/app/node_modules/ts-node/src/index.ts:1077:36)\n    at Object.compile (/app/node_modules/ts-node/src/index.ts:1433:41)\n    at Module.m._compile (/app/node_modules/ts-node/src/index.ts:1617:30)\n    at node:internal/modules/cjs/loader:1839:10\n    at Object.require.extensions.<computed> [as .ts] (/app/node_modules/ts-node/src/index.ts:1621:12)\n    at Module.load (node:internal/modules/cjs/loader:1441:32)\n    at Function._load (node:internal/modules/cjs/loader:1263:12)\n    at TracingChannel.traceSync (node:diagnostics_channel:328:14)","os":{"loadavg":[0.96,1.1,1.21],"uptime":19300.07},"process":{"argv":["/app/node_modules/ts-node/dist/bin.js","/app/src/index.ts"],"cwd":"/app","execPath":"/usr/local/bin/node","gid":0,"memoryUsage":{"arrayBuffers":5071930,"external":8196200,"heapTotal":324677632,"heapUsed":298766824,"rss":414035968},"pid":117,"uid":0,"version":"v22.21.1"},"stack":"TSError: ⨯ Unable to compile TypeScript:\nsrc/jobs/workers/email.worker.ts(105,17): error TS2304: Cannot find name 'redis'.\n\n    at createTSError (/app/node_modules/ts-node/src/index.ts:859:12)\n    at reportTSError (/app/node_modules/ts-node/src/index.ts:863:19)\n    at getOutput (/app/node_modules/ts-node/src/index.ts:1077:36)\n    at Object.compile (/app/node_modules/ts-node/src/index.ts:1433:41)\n    at Module.m._compile (/app/node_modules/ts-node/src/index.ts:1617:30)\n    at node:internal/modules/cjs/loader:1839:10\n    at Object.require.extensions.<computed> [as .ts] (/app/node_modules/ts-node/src/index.ts:1621:12)\n    at Module.load (node:internal/modules/cjs/loader:1441:32)\n    at Function._load (node:internal/modules/cjs/loader:1263:12)\n    at TracingChannel.traceSync (node:diagnostics_channel:328:14)","timestamp":"2025-12-14 18:32:38","trace":[{"column":12,"file":"/app/node_modules/ts-node/src/index.ts","function":"createTSError","line":859,"method":null,"native":false},{"column":19,"file":"/app/node_modules/ts-node/src/index.ts","function":"reportTSError","line":863,"method":null,"native":false},{"column":36,"file":"/app/node_modules/ts-node/src/index.ts","function":"getOutput","line":1077,"method":null,"native":false},{"column":41,"file":"/app/node_modules/ts-node/src/index.ts","function":"Object.compile","line":1433,"method":"compile","native":false},{"column":30,"file":"/app/node_modules/ts-node/src/index.ts","function":"Module.m._compile","line":1617,"method":"_compile","native":false},{"column":10,"file":"node:internal/modules/cjs/loader","function":null,"line":1839,"method":null,"native":false},{"column":12,"file":"/app/node_modules/ts-node/src/index.ts","function":"Object.require.extensions.<computed> [as .ts]","line":1621,"method":"ts]","native":false},{"column":32,"file":"node:internal/modules/cjs/loader","function":"Module.load","line":1441,"method":"load","native":false},{"column":12,"file":"node:internal/modules/cjs/loader","function":"Function._load","line":1263,"method":"_load","native":false},{"column":14,"file":"node:diagnostics_channel","function":"TracingChannel.traceSync","line":328,"method":"traceSync","native":false}]}
